CRITICAL - 2024-02-13 14:04:09 --> Undefined variable $record
#0 C:\xampp\htdocs\kendaraan\app\Controllers\Admin\Transaksi.php(265): CodeIgniter\Debug\Exceptions->errorHandler(2, 'Undefined varia...', 'C:\\xampp\\htdocs...', 265)
#1 C:\xampp\htdocs\kendaraan\system\CodeIgniter.php(832): App\Controllers\Admin\Transaksi->trans_add()
#2 C:\xampp\htdocs\kendaraan\system\CodeIgniter.php(419): CodeIgniter\CodeIgniter->runController(Object(App\Controllers\Admin\Transaksi))
#3 C:\xampp\htdocs\kendaraan\system\CodeIgniter.php(326): CodeIgniter\CodeIgniter->handleRequest(NULL, Object(Config\Cache), false)
#4 C:\xampp\htdocs\kendaraan\index.php(37): CodeIgniter\CodeIgniter->run()
#5 {main}
CRITICAL - 2024-02-13 14:14:28 --> Undefined variable $record
#0 C:\xampp\htdocs\kendaraan\app\Controllers\Admin\Transaksi.php(265): CodeIgniter\Debug\Exceptions->errorHandler(2, 'Undefined varia...', 'C:\\xampp\\htdocs...', 265)
#1 C:\xampp\htdocs\kendaraan\system\CodeIgniter.php(832): App\Controllers\Admin\Transaksi->trans_add()
#2 C:\xampp\htdocs\kendaraan\system\CodeIgniter.php(419): CodeIgniter\CodeIgniter->runController(Object(App\Controllers\Admin\Transaksi))
#3 C:\xampp\htdocs\kendaraan\system\CodeIgniter.php(326): CodeIgniter\CodeIgniter->handleRequest(NULL, Object(Config\Cache), false)
#4 C:\xampp\htdocs\kendaraan\index.php(37): CodeIgniter\CodeIgniter->run()
#5 {main}
CRITICAL - 2024-02-13 15:02:24 --> Undefined array key 2
#0 C:\xampp\htdocs\kendaraan\app\Controllers\Admin\Transaksi.php(241): CodeIgniter\Debug\Exceptions->errorHandler(2, 'Undefined array...', 'C:\\xampp\\htdocs...', 241)
#1 C:\xampp\htdocs\kendaraan\system\CodeIgniter.php(832): App\Controllers\Admin\Transaksi->trans_add()
#2 C:\xampp\htdocs\kendaraan\system\CodeIgniter.php(419): CodeIgniter\CodeIgniter->runController(Object(App\Controllers\Admin\Transaksi))
#3 C:\xampp\htdocs\kendaraan\system\CodeIgniter.php(326): CodeIgniter\CodeIgniter->handleRequest(NULL, Object(Config\Cache), false)
#4 C:\xampp\htdocs\kendaraan\index.php(37): CodeIgniter\CodeIgniter->run()
#5 {main}
