CRITICAL - 2024-06-13 08:07:38 --> Undefined variable $tanggal_mess_ako
#0 C:\xampp\htdocs\kendaraan\app\Controllers\Admin\Transaksi.php(3533): CodeIgniter\Debug\Exceptions->errorHandler(2, 'Undefined varia...', 'C:\\xampp\\htdocs...', 3533)
#1 C:\xampp\htdocs\kendaraan\system\CodeIgniter.php(832): App\Controllers\Admin\Transaksi->trans_add()
#2 C:\xampp\htdocs\kendaraan\system\CodeIgniter.php(419): CodeIgniter\CodeIgniter->runController(Object(App\Controllers\Admin\Transaksi))
#3 C:\xampp\htdocs\kendaraan\system\CodeIgniter.php(326): CodeIgniter\CodeIgniter->handleRequest(NULL, Object(Config\Cache), false)
#4 C:\xampp\htdocs\kendaraan\index.php(37): CodeIgniter\CodeIgniter->run()
#5 {main}
CRITICAL - 2024-06-13 08:08:22 --> Undefined variable $tanggal_mess_ako
#0 C:\xampp\htdocs\kendaraan\app\Controllers\Admin\Transaksi.php(3537): CodeIgniter\Debug\Exceptions->errorHandler(2, 'Undefined varia...', 'C:\\xampp\\htdocs...', 3537)
#1 C:\xampp\htdocs\kendaraan\system\CodeIgniter.php(832): App\Controllers\Admin\Transaksi->trans_add()
#2 C:\xampp\htdocs\kendaraan\system\CodeIgniter.php(419): CodeIgniter\CodeIgniter->runController(Object(App\Controllers\Admin\Transaksi))
#3 C:\xampp\htdocs\kendaraan\system\CodeIgniter.php(326): CodeIgniter\CodeIgniter->handleRequest(NULL, Object(Config\Cache), false)
#4 C:\xampp\htdocs\kendaraan\index.php(37): CodeIgniter\CodeIgniter->run()
#5 {main}
CRITICAL - 2024-06-13 08:09:00 --> insertBatch() called with no data
#0 C:\xampp\htdocs\kendaraan\system\Model.php(272): CodeIgniter\Database\BaseBuilder->insertBatch(Array, NULL, 100)
#1 C:\xampp\htdocs\kendaraan\system\BaseModel.php(814): CodeIgniter\Model->doInsertBatch(Array, NULL, 100, false)
#2 C:\xampp\htdocs\kendaraan\app\Controllers\Admin\Transaksi.php(3537): CodeIgniter\BaseModel->insertBatch(Array)
#3 C:\xampp\htdocs\kendaraan\system\CodeIgniter.php(832): App\Controllers\Admin\Transaksi->trans_add()
#4 C:\xampp\htdocs\kendaraan\system\CodeIgniter.php(419): CodeIgniter\CodeIgniter->runController(Object(App\Controllers\Admin\Transaksi))
#5 C:\xampp\htdocs\kendaraan\system\CodeIgniter.php(326): CodeIgniter\CodeIgniter->handleRequest(NULL, Object(Config\Cache), false)
#6 C:\xampp\htdocs\kendaraan\index.php(37): CodeIgniter\CodeIgniter->run()
#7 {main}
CRITICAL - 2024-06-13 08:09:42 --> Undefined variable $personil_mess_ako
#0 C:\xampp\htdocs\kendaraan\app\Controllers\Admin\Transaksi.php(3539): CodeIgniter\Debug\Exceptions->errorHandler(2, 'Undefined varia...', 'C:\\xampp\\htdocs...', 3539)
#1 C:\xampp\htdocs\kendaraan\system\CodeIgniter.php(832): App\Controllers\Admin\Transaksi->trans_add()
#2 C:\xampp\htdocs\kendaraan\system\CodeIgniter.php(419): CodeIgniter\CodeIgniter->runController(Object(App\Controllers\Admin\Transaksi))
#3 C:\xampp\htdocs\kendaraan\system\CodeIgniter.php(326): CodeIgniter\CodeIgniter->handleRequest(NULL, Object(Config\Cache), false)
#4 C:\xampp\htdocs\kendaraan\index.php(37): CodeIgniter\CodeIgniter->run()
#5 {main}
CRITICAL - 2024-06-13 09:14:22 --> Undefined array key 1
#0 C:\xampp\htdocs\kendaraan\app\Controllers\Admin\Transaksi.php(904): CodeIgniter\Debug\Exceptions->errorHandler(2, 'Undefined array...', 'C:\\xampp\\htdocs...', 904)
#1 C:\xampp\htdocs\kendaraan\system\CodeIgniter.php(832): App\Controllers\Admin\Transaksi->trans_add()
#2 C:\xampp\htdocs\kendaraan\system\CodeIgniter.php(419): CodeIgniter\CodeIgniter->runController(Object(App\Controllers\Admin\Transaksi))
#3 C:\xampp\htdocs\kendaraan\system\CodeIgniter.php(326): CodeIgniter\CodeIgniter->handleRequest(NULL, Object(Config\Cache), false)
#4 C:\xampp\htdocs\kendaraan\index.php(37): CodeIgniter\CodeIgniter->run()
#5 {main}
ERROR - 2024-06-13 09:39:27 --> Column 'id_trans' in where clause is ambiguous
CRITICAL - 2024-06-13 09:39:27 --> Column 'id_trans' in where clause is ambiguous
#0 C:\xampp\htdocs\kendaraan\system\Database\MySQLi\Connection.php(292): mysqli->query('SELECT `id_pers...', 0)
#1 C:\xampp\htdocs\kendaraan\system\Database\BaseConnection.php(670): CodeIgniter\Database\MySQLi\Connection->execute('SELECT `id_pers...')
#2 C:\xampp\htdocs\kendaraan\system\Database\BaseConnection.php(598): CodeIgniter\Database\BaseConnection->simpleQuery('SELECT `id_pers...')
#3 C:\xampp\htdocs\kendaraan\system\Database\BaseBuilder.php(1455): CodeIgniter\Database\BaseConnection->query('SELECT `id_pers...', Array, false)
#4 C:\xampp\htdocs\kendaraan\system\Model.php(183): CodeIgniter\Database\BaseBuilder->get()
#5 C:\xampp\htdocs\kendaraan\system\BaseModel.php(584): CodeIgniter\Model->doFindAll(0, 0)
#6 C:\xampp\htdocs\kendaraan\app\Controllers\Admin\Transaksi.php(6261): CodeIgniter\BaseModel->findAll()
#7 C:\xampp\htdocs\kendaraan\system\CodeIgniter.php(832): App\Controllers\Admin\Transaksi->set_mess_jkt('1', '1', '')
#8 C:\xampp\htdocs\kendaraan\system\CodeIgniter.php(419): CodeIgniter\CodeIgniter->runController(Object(App\Controllers\Admin\Transaksi))
#9 C:\xampp\htdocs\kendaraan\system\CodeIgniter.php(326): CodeIgniter\CodeIgniter->handleRequest(NULL, Object(Config\Cache), false)
#10 C:\xampp\htdocs\kendaraan\index.php(37): CodeIgniter\CodeIgniter->run()
#11 {main}
CRITICAL - 2024-06-13 10:39:41 --> Undefined variable $cek_jk
#0 C:\xampp\htdocs\kendaraan\app\Views\transaksi\v_set_mess_jkt.php(94): CodeIgniter\Debug\Exceptions->errorHandler(2, 'Undefined varia...', 'C:\\xampp\\htdocs...', 94)
#1 C:\xampp\htdocs\kendaraan\system\View\View.php(210): include('C:\\xampp\\htdocs...')
#2 C:\xampp\htdocs\kendaraan\system\View\View.php(213): CodeIgniter\View\View->CodeIgniter\View\{closure}()
#3 C:\xampp\htdocs\kendaraan\system\Common.php(1089): CodeIgniter\View\View->render('transaksi/v_set...', Array, true)
#4 C:\xampp\htdocs\kendaraan\app\Controllers\Admin\Transaksi.php(6299): view('transaksi/v_set...', Array)
#5 C:\xampp\htdocs\kendaraan\system\CodeIgniter.php(832): App\Controllers\Admin\Transaksi->set_mess_jkt('2', '')
#6 C:\xampp\htdocs\kendaraan\system\CodeIgniter.php(419): CodeIgniter\CodeIgniter->runController(Object(App\Controllers\Admin\Transaksi))
#7 C:\xampp\htdocs\kendaraan\system\CodeIgniter.php(326): CodeIgniter\CodeIgniter->handleRequest(NULL, Object(Config\Cache), false)
#8 C:\xampp\htdocs\kendaraan\index.php(37): CodeIgniter\CodeIgniter->run()
#9 {main}
CRITICAL - 2024-06-13 11:38:14 --> Trying to access array offset on value of type null
#0 C:\xampp\htdocs\kendaraan\app\Controllers\Admin\Transaksi.php(6175): CodeIgniter\Debug\Exceptions->errorHandler(2, 'Trying to acces...', 'C:\\xampp\\htdocs...', 6175)
#1 C:\xampp\htdocs\kendaraan\system\CodeIgniter.php(832): App\Controllers\Admin\Transaksi->set_mess_jkt('1', '1', '')
#2 C:\xampp\htdocs\kendaraan\system\CodeIgniter.php(419): CodeIgniter\CodeIgniter->runController(Object(App\Controllers\Admin\Transaksi))
#3 C:\xampp\htdocs\kendaraan\system\CodeIgniter.php(326): CodeIgniter\CodeIgniter->handleRequest(NULL, Object(Config\Cache), false)
#4 C:\xampp\htdocs\kendaraan\index.php(37): CodeIgniter\CodeIgniter->run()
#5 {main}
CRITICAL - 2024-06-13 11:47:18 --> Undefined array key 1
#0 C:\xampp\htdocs\kendaraan\app\Controllers\Admin\Transaksi.php(6184): CodeIgniter\Debug\Exceptions->errorHandler(2, 'Undefined array...', 'C:\\xampp\\htdocs...', 6184)
#1 C:\xampp\htdocs\kendaraan\system\CodeIgniter.php(832): App\Controllers\Admin\Transaksi->set_mess_jkt('1', '')
#2 C:\xampp\htdocs\kendaraan\system\CodeIgniter.php(419): CodeIgniter\CodeIgniter->runController(Object(App\Controllers\Admin\Transaksi))
#3 C:\xampp\htdocs\kendaraan\system\CodeIgniter.php(326): CodeIgniter\CodeIgniter->handleRequest(NULL, Object(Config\Cache), false)
#4 C:\xampp\htdocs\kendaraan\index.php(37): CodeIgniter\CodeIgniter->run()
#5 {main}
CRITICAL - 2024-06-13 11:48:17 --> Undefined array key 1
#0 C:\xampp\htdocs\kendaraan\app\Controllers\Admin\Transaksi.php(6184): CodeIgniter\Debug\Exceptions->errorHandler(2, 'Undefined array...', 'C:\\xampp\\htdocs...', 6184)
#1 C:\xampp\htdocs\kendaraan\system\CodeIgniter.php(832): App\Controllers\Admin\Transaksi->set_mess_jkt('1', '')
#2 C:\xampp\htdocs\kendaraan\system\CodeIgniter.php(419): CodeIgniter\CodeIgniter->runController(Object(App\Controllers\Admin\Transaksi))
#3 C:\xampp\htdocs\kendaraan\system\CodeIgniter.php(326): CodeIgniter\CodeIgniter->handleRequest(NULL, Object(Config\Cache), false)
#4 C:\xampp\htdocs\kendaraan\index.php(37): CodeIgniter\CodeIgniter->run()
#5 {main}
CRITICAL - 2024-06-13 11:48:27 --> Undefined array key 1
#0 C:\xampp\htdocs\kendaraan\app\Controllers\Admin\Transaksi.php(6184): CodeIgniter\Debug\Exceptions->errorHandler(2, 'Undefined array...', 'C:\\xampp\\htdocs...', 6184)
#1 C:\xampp\htdocs\kendaraan\system\CodeIgniter.php(832): App\Controllers\Admin\Transaksi->set_mess_jkt('1', '')
#2 C:\xampp\htdocs\kendaraan\system\CodeIgniter.php(419): CodeIgniter\CodeIgniter->runController(Object(App\Controllers\Admin\Transaksi))
#3 C:\xampp\htdocs\kendaraan\system\CodeIgniter.php(326): CodeIgniter\CodeIgniter->handleRequest(NULL, Object(Config\Cache), false)
#4 C:\xampp\htdocs\kendaraan\index.php(37): CodeIgniter\CodeIgniter->run()
#5 {main}
CRITICAL - 2024-06-13 11:49:46 --> Undefined array key 1
#0 C:\xampp\htdocs\kendaraan\app\Controllers\Admin\Transaksi.php(6186): CodeIgniter\Debug\Exceptions->errorHandler(2, 'Undefined array...', 'C:\\xampp\\htdocs...', 6186)
#1 C:\xampp\htdocs\kendaraan\system\CodeIgniter.php(832): App\Controllers\Admin\Transaksi->set_mess_jkt('1', '')
#2 C:\xampp\htdocs\kendaraan\system\CodeIgniter.php(419): CodeIgniter\CodeIgniter->runController(Object(App\Controllers\Admin\Transaksi))
#3 C:\xampp\htdocs\kendaraan\system\CodeIgniter.php(326): CodeIgniter\CodeIgniter->handleRequest(NULL, Object(Config\Cache), false)
#4 C:\xampp\htdocs\kendaraan\index.php(37): CodeIgniter\CodeIgniter->run()
#5 {main}
CRITICAL - 2024-06-13 11:52:05 --> Undefined variable $akomodasi
#0 C:\xampp\htdocs\kendaraan\app\Controllers\Admin\Transaksi.php(6309): CodeIgniter\Debug\Exceptions->errorHandler(2, 'Undefined varia...', 'C:\\xampp\\htdocs...', 6309)
#1 C:\xampp\htdocs\kendaraan\system\CodeIgniter.php(832): App\Controllers\Admin\Transaksi->set_mess_jkt('1', '')
#2 C:\xampp\htdocs\kendaraan\system\CodeIgniter.php(419): CodeIgniter\CodeIgniter->runController(Object(App\Controllers\Admin\Transaksi))
#3 C:\xampp\htdocs\kendaraan\system\CodeIgniter.php(326): CodeIgniter\CodeIgniter->handleRequest(NULL, Object(Config\Cache), false)
#4 C:\xampp\htdocs\kendaraan\index.php(37): CodeIgniter\CodeIgniter->run()
#5 {main}
CRITICAL - 2024-06-13 11:52:30 --> Undefined variable $tang
#0 C:\xampp\htdocs\kendaraan\app\Controllers\Admin\Transaksi.php(6312): CodeIgniter\Debug\Exceptions->errorHandler(2, 'Undefined varia...', 'C:\\xampp\\htdocs...', 6312)
#1 C:\xampp\htdocs\kendaraan\system\CodeIgniter.php(832): App\Controllers\Admin\Transaksi->set_mess_jkt('1', '')
#2 C:\xampp\htdocs\kendaraan\system\CodeIgniter.php(419): CodeIgniter\CodeIgniter->runController(Object(App\Controllers\Admin\Transaksi))
#3 C:\xampp\htdocs\kendaraan\system\CodeIgniter.php(326): CodeIgniter\CodeIgniter->handleRequest(NULL, Object(Config\Cache), false)
#4 C:\xampp\htdocs\kendaraan\index.php(37): CodeIgniter\CodeIgniter->run()
#5 {main}
CRITICAL - 2024-06-13 11:53:29 --> Undefined variable $tang
#0 C:\xampp\htdocs\kendaraan\app\Controllers\Admin\Transaksi.php(6312): CodeIgniter\Debug\Exceptions->errorHandler(2, 'Undefined varia...', 'C:\\xampp\\htdocs...', 6312)
#1 C:\xampp\htdocs\kendaraan\system\CodeIgniter.php(832): App\Controllers\Admin\Transaksi->set_mess_jkt('1', '')
#2 C:\xampp\htdocs\kendaraan\system\CodeIgniter.php(419): CodeIgniter\CodeIgniter->runController(Object(App\Controllers\Admin\Transaksi))
#3 C:\xampp\htdocs\kendaraan\system\CodeIgniter.php(326): CodeIgniter\CodeIgniter->handleRequest(NULL, Object(Config\Cache), false)
#4 C:\xampp\htdocs\kendaraan\index.php(37): CodeIgniter\CodeIgniter->run()
#5 {main}
CRITICAL - 2024-06-13 11:54:29 --> Undefined variable $tang
#0 C:\xampp\htdocs\kendaraan\app\Controllers\Admin\Transaksi.php(6314): CodeIgniter\Debug\Exceptions->errorHandler(2, 'Undefined varia...', 'C:\\xampp\\htdocs...', 6314)
#1 C:\xampp\htdocs\kendaraan\system\CodeIgniter.php(832): App\Controllers\Admin\Transaksi->set_mess_jkt('1', '')
#2 C:\xampp\htdocs\kendaraan\system\CodeIgniter.php(419): CodeIgniter\CodeIgniter->runController(Object(App\Controllers\Admin\Transaksi))
#3 C:\xampp\htdocs\kendaraan\system\CodeIgniter.php(326): CodeIgniter\CodeIgniter->handleRequest(NULL, Object(Config\Cache), false)
#4 C:\xampp\htdocs\kendaraan\index.php(37): CodeIgniter\CodeIgniter->run()
#5 {main}
CRITICAL - 2024-06-13 11:56:17 --> Undefined array key 1
#0 C:\xampp\htdocs\kendaraan\app\Controllers\Admin\Transaksi.php(6186): CodeIgniter\Debug\Exceptions->errorHandler(2, 'Undefined array...', 'C:\\xampp\\htdocs...', 6186)
#1 C:\xampp\htdocs\kendaraan\system\CodeIgniter.php(832): App\Controllers\Admin\Transaksi->set_mess_jkt('1', '')
#2 C:\xampp\htdocs\kendaraan\system\CodeIgniter.php(419): CodeIgniter\CodeIgniter->runController(Object(App\Controllers\Admin\Transaksi))
#3 C:\xampp\htdocs\kendaraan\system\CodeIgniter.php(326): CodeIgniter\CodeIgniter->handleRequest(NULL, Object(Config\Cache), false)
#4 C:\xampp\htdocs\kendaraan\index.php(37): CodeIgniter\CodeIgniter->run()
#5 {main}
CRITICAL - 2024-06-13 12:00:04 --> Undefined variable $tanggal_centang
#0 C:\xampp\htdocs\kendaraan\app\Controllers\Admin\Transaksi.php(6176): CodeIgniter\Debug\Exceptions->errorHandler(2, 'Undefined varia...', 'C:\\xampp\\htdocs...', 6176)
#1 C:\xampp\htdocs\kendaraan\system\CodeIgniter.php(832): App\Controllers\Admin\Transaksi->set_mess_jkt('1', '')
#2 C:\xampp\htdocs\kendaraan\system\CodeIgniter.php(419): CodeIgniter\CodeIgniter->runController(Object(App\Controllers\Admin\Transaksi))
#3 C:\xampp\htdocs\kendaraan\system\CodeIgniter.php(326): CodeIgniter\CodeIgniter->handleRequest(NULL, Object(Config\Cache), false)
#4 C:\xampp\htdocs\kendaraan\index.php(37): CodeIgniter\CodeIgniter->run()
#5 {main}
CRITICAL - 2024-06-13 12:00:14 --> Undefined variable $tanggal_centang
#0 C:\xampp\htdocs\kendaraan\app\Controllers\Admin\Transaksi.php(6176): CodeIgniter\Debug\Exceptions->errorHandler(2, 'Undefined varia...', 'C:\\xampp\\htdocs...', 6176)
#1 C:\xampp\htdocs\kendaraan\system\CodeIgniter.php(832): App\Controllers\Admin\Transaksi->set_mess_jkt('1', '')
#2 C:\xampp\htdocs\kendaraan\system\CodeIgniter.php(419): CodeIgniter\CodeIgniter->runController(Object(App\Controllers\Admin\Transaksi))
#3 C:\xampp\htdocs\kendaraan\system\CodeIgniter.php(326): CodeIgniter\CodeIgniter->handleRequest(NULL, Object(Config\Cache), false)
#4 C:\xampp\htdocs\kendaraan\index.php(37): CodeIgniter\CodeIgniter->run()
#5 {main}
CRITICAL - 2024-06-13 13:15:07 --> Undefined variable $idm
#0 C:\xampp\htdocs\kendaraan\app\Controllers\Admin\Transaksi.php(6185): CodeIgniter\Debug\Exceptions->errorHandler(2, 'Undefined varia...', 'C:\\xampp\\htdocs...', 6185)
#1 C:\xampp\htdocs\kendaraan\system\CodeIgniter.php(832): App\Controllers\Admin\Transaksi->set_mess_jkt('1', '')
#2 C:\xampp\htdocs\kendaraan\system\CodeIgniter.php(419): CodeIgniter\CodeIgniter->runController(Object(App\Controllers\Admin\Transaksi))
#3 C:\xampp\htdocs\kendaraan\system\CodeIgniter.php(326): CodeIgniter\CodeIgniter->handleRequest(NULL, Object(Config\Cache), false)
#4 C:\xampp\htdocs\kendaraan\index.php(37): CodeIgniter\CodeIgniter->run()
#5 {main}
CRITICAL - 2024-06-13 13:15:18 --> Cannot access offset of type string on string
#0 C:\xampp\htdocs\kendaraan\system\CodeIgniter.php(832): App\Controllers\Admin\Transaksi->set_mess_jkt('1', '')
#1 C:\xampp\htdocs\kendaraan\system\CodeIgniter.php(419): CodeIgniter\CodeIgniter->runController(Object(App\Controllers\Admin\Transaksi))
#2 C:\xampp\htdocs\kendaraan\system\CodeIgniter.php(326): CodeIgniter\CodeIgniter->handleRequest(NULL, Object(Config\Cache), false)
#3 C:\xampp\htdocs\kendaraan\index.php(37): CodeIgniter\CodeIgniter->run()
#4 {main}
ERROR - 2024-06-13 13:42:21 --> Column 'id_trans' in where clause is ambiguous
CRITICAL - 2024-06-13 13:42:21 --> Column 'id_trans' in where clause is ambiguous
#0 C:\xampp\htdocs\kendaraan\system\Database\MySQLi\Connection.php(292): mysqli->query('SELECT `id_pers...', 0)
#1 C:\xampp\htdocs\kendaraan\system\Database\BaseConnection.php(670): CodeIgniter\Database\MySQLi\Connection->execute('SELECT `id_pers...')
#2 C:\xampp\htdocs\kendaraan\system\Database\BaseConnection.php(598): CodeIgniter\Database\BaseConnection->simpleQuery('SELECT `id_pers...')
#3 C:\xampp\htdocs\kendaraan\system\Database\BaseBuilder.php(1455): CodeIgniter\Database\BaseConnection->query('SELECT `id_pers...', Array, false)
#4 C:\xampp\htdocs\kendaraan\system\Model.php(183): CodeIgniter\Database\BaseBuilder->get()
#5 C:\xampp\htdocs\kendaraan\system\BaseModel.php(584): CodeIgniter\Model->doFindAll(0, 0)
#6 C:\xampp\htdocs\kendaraan\app\Controllers\Admin\Transaksi.php(6574): CodeIgniter\BaseModel->findAll()
#7 C:\xampp\htdocs\kendaraan\system\CodeIgniter.php(832): App\Controllers\Admin\Transaksi->set_mess_jkt('1', '1', '')
#8 C:\xampp\htdocs\kendaraan\system\CodeIgniter.php(419): CodeIgniter\CodeIgniter->runController(Object(App\Controllers\Admin\Transaksi))
#9 C:\xampp\htdocs\kendaraan\system\CodeIgniter.php(326): CodeIgniter\CodeIgniter->handleRequest(NULL, Object(Config\Cache), false)
#10 C:\xampp\htdocs\kendaraan\index.php(37): CodeIgniter\CodeIgniter->run()
#11 {main}
CRITICAL - 2024-06-13 14:00:03 --> Undefined variable $batal_lst
#0 C:\xampp\htdocs\kendaraan\app\Views\transaksi\v_set_mess_jkt.php(141): CodeIgniter\Debug\Exceptions->errorHandler(2, 'Undefined varia...', 'C:\\xampp\\htdocs...', 141)
#1 C:\xampp\htdocs\kendaraan\system\View\View.php(210): include('C:\\xampp\\htdocs...')
#2 C:\xampp\htdocs\kendaraan\system\View\View.php(213): CodeIgniter\View\View->CodeIgniter\View\{closure}()
#3 C:\xampp\htdocs\kendaraan\system\Common.php(1089): CodeIgniter\View\View->render('transaksi/v_set...', Array, true)
#4 C:\xampp\htdocs\kendaraan\app\Controllers\Admin\Transaksi.php(6595): view('transaksi/v_set...', Array)
#5 C:\xampp\htdocs\kendaraan\system\CodeIgniter.php(832): App\Controllers\Admin\Transaksi->set_mess_jkt('1', '1', '')
#6 C:\xampp\htdocs\kendaraan\system\CodeIgniter.php(419): CodeIgniter\CodeIgniter->runController(Object(App\Controllers\Admin\Transaksi))
#7 C:\xampp\htdocs\kendaraan\system\CodeIgniter.php(326): CodeIgniter\CodeIgniter->handleRequest(NULL, Object(Config\Cache), false)
#8 C:\xampp\htdocs\kendaraan\index.php(37): CodeIgniter\CodeIgniter->run()
#9 {main}
CRITICAL - 2024-06-13 14:03:22 --> Undefined array key "tanggal_jam_masuk"
#0 C:\xampp\htdocs\kendaraan\app\Views\transaksi\v_set_mess_jkt.php(79): CodeIgniter\Debug\Exceptions->errorHandler(2, 'Undefined array...', 'C:\\xampp\\htdocs...', 79)
#1 C:\xampp\htdocs\kendaraan\system\View\View.php(210): include('C:\\xampp\\htdocs...')
#2 C:\xampp\htdocs\kendaraan\system\View\View.php(213): CodeIgniter\View\View->CodeIgniter\View\{closure}()
#3 C:\xampp\htdocs\kendaraan\system\Common.php(1089): CodeIgniter\View\View->render('transaksi/v_set...', Array, true)
#4 C:\xampp\htdocs\kendaraan\app\Controllers\Admin\Transaksi.php(6595): view('transaksi/v_set...', Array)
#5 C:\xampp\htdocs\kendaraan\system\CodeIgniter.php(832): App\Controllers\Admin\Transaksi->set_mess_jkt('1', '1', '')
#6 C:\xampp\htdocs\kendaraan\system\CodeIgniter.php(419): CodeIgniter\CodeIgniter->runController(Object(App\Controllers\Admin\Transaksi))
#7 C:\xampp\htdocs\kendaraan\system\CodeIgniter.php(326): CodeIgniter\CodeIgniter->handleRequest(NULL, Object(Config\Cache), false)
#8 C:\xampp\htdocs\kendaraan\index.php(37): CodeIgniter\CodeIgniter->run()
#9 {main}
CRITICAL - 2024-06-13 14:23:59 --> Trying to access array offset on value of type null
#0 C:\xampp\htdocs\kendaraan\app\Controllers\Admin\Transaksi.php(6177): CodeIgniter\Debug\Exceptions->errorHandler(2, 'Trying to acces...', 'C:\\xampp\\htdocs...', 6177)
#1 C:\xampp\htdocs\kendaraan\system\CodeIgniter.php(832): App\Controllers\Admin\Transaksi->set_mess_jkt('2', '2', '')
#2 C:\xampp\htdocs\kendaraan\system\CodeIgniter.php(419): CodeIgniter\CodeIgniter->runController(Object(App\Controllers\Admin\Transaksi))
#3 C:\xampp\htdocs\kendaraan\system\CodeIgniter.php(326): CodeIgniter\CodeIgniter->handleRequest(NULL, Object(Config\Cache), false)
#4 C:\xampp\htdocs\kendaraan\index.php(37): CodeIgniter\CodeIgniter->run()
#5 {main}
CRITICAL - 2024-06-13 14:24:48 --> Trying to access array offset on value of type null
#0 C:\xampp\htdocs\kendaraan\app\Controllers\Admin\Transaksi.php(6177): CodeIgniter\Debug\Exceptions->errorHandler(2, 'Trying to acces...', 'C:\\xampp\\htdocs...', 6177)
#1 C:\xampp\htdocs\kendaraan\system\CodeIgniter.php(832): App\Controllers\Admin\Transaksi->set_mess_jkt('2', '2', '')
#2 C:\xampp\htdocs\kendaraan\system\CodeIgniter.php(419): CodeIgniter\CodeIgniter->runController(Object(App\Controllers\Admin\Transaksi))
#3 C:\xampp\htdocs\kendaraan\system\CodeIgniter.php(326): CodeIgniter\CodeIgniter->handleRequest(NULL, Object(Config\Cache), false)
#4 C:\xampp\htdocs\kendaraan\index.php(37): CodeIgniter\CodeIgniter->run()
#5 {main}
CRITICAL - 2024-06-13 14:34:48 --> Undefined variable $tangga
#0 C:\xampp\htdocs\kendaraan\app\Helpers\global_fungsi_helper.php(122): CodeIgniter\Debug\Exceptions->errorHandler(2, 'Undefined varia...', 'C:\\xampp\\htdocs...', 122)
#1 C:\xampp\htdocs\kendaraan\app\Controllers\Admin\Transaksi.php(6445): tanggal_foreach(Array)
#2 C:\xampp\htdocs\kendaraan\system\CodeIgniter.php(832): App\Controllers\Admin\Transaksi->set_mess_jkt('2', '2', '')
#3 C:\xampp\htdocs\kendaraan\system\CodeIgniter.php(419): CodeIgniter\CodeIgniter->runController(Object(App\Controllers\Admin\Transaksi))
#4 C:\xampp\htdocs\kendaraan\system\CodeIgniter.php(326): CodeIgniter\CodeIgniter->handleRequest(NULL, Object(Config\Cache), false)
#5 C:\xampp\htdocs\kendaraan\index.php(37): CodeIgniter\CodeIgniter->run()
#6 {main}
CRITICAL - 2024-06-13 15:10:58 --> Undefined variable $tangga
#0 C:\xampp\htdocs\kendaraan\app\Helpers\global_fungsi_helper.php(122): CodeIgniter\Debug\Exceptions->errorHandler(2, 'Undefined varia...', 'C:\\xampp\\htdocs...', 122)
#1 C:\xampp\htdocs\kendaraan\app\Controllers\Admin\Transaksi.php(6445): tanggal_foreach(Array)
#2 C:\xampp\htdocs\kendaraan\system\CodeIgniter.php(832): App\Controllers\Admin\Transaksi->set_mess_jkt('2', '2', '')
#3 C:\xampp\htdocs\kendaraan\system\CodeIgniter.php(419): CodeIgniter\CodeIgniter->runController(Object(App\Controllers\Admin\Transaksi))
#4 C:\xampp\htdocs\kendaraan\system\CodeIgniter.php(326): CodeIgniter\CodeIgniter->handleRequest(NULL, Object(Config\Cache), false)
#5 C:\xampp\htdocs\kendaraan\index.php(37): CodeIgniter\CodeIgniter->run()
#6 {main}
CRITICAL - 2024-06-13 15:16:07 --> Call to undefined function App\Controllers\Admin\tanggal_foreach()
#0 C:\xampp\htdocs\kendaraan\system\CodeIgniter.php(832): App\Controllers\Admin\Transaksi->set_mess_jkt('2', '2', '')
#1 C:\xampp\htdocs\kendaraan\system\CodeIgniter.php(419): CodeIgniter\CodeIgniter->runController(Object(App\Controllers\Admin\Transaksi))
#2 C:\xampp\htdocs\kendaraan\system\CodeIgniter.php(326): CodeIgniter\CodeIgniter->handleRequest(NULL, Object(Config\Cache), false)
#3 C:\xampp\htdocs\kendaraan\index.php(37): CodeIgniter\CodeIgniter->run()
#4 {main}
CRITICAL - 2024-06-13 15:17:10 --> Undefined variable $akomodasi
#0 C:\xampp\htdocs\kendaraan\app\Controllers\Admin\Transaksi.php(6445): CodeIgniter\Debug\Exceptions->errorHandler(2, 'Undefined varia...', 'C:\\xampp\\htdocs...', 6445)
#1 C:\xampp\htdocs\kendaraan\system\CodeIgniter.php(832): App\Controllers\Admin\Transaksi->set_mess_jkt('2', '2', '')
#2 C:\xampp\htdocs\kendaraan\system\CodeIgniter.php(419): CodeIgniter\CodeIgniter->runController(Object(App\Controllers\Admin\Transaksi))
#3 C:\xampp\htdocs\kendaraan\system\CodeIgniter.php(326): CodeIgniter\CodeIgniter->handleRequest(NULL, Object(Config\Cache), false)
#4 C:\xampp\htdocs\kendaraan\index.php(37): CodeIgniter\CodeIgniter->run()
#5 {main}
CRITICAL - 2024-06-13 15:22:50 --> Array to string conversion
#0 C:\xampp\htdocs\kendaraan\app\Views\transaksi\v_set_mess_jkt.php(13): CodeIgniter\Debug\Exceptions->errorHandler(2, 'Array to string...', 'C:\\xampp\\htdocs...', 13)
#1 C:\xampp\htdocs\kendaraan\system\View\View.php(210): include('C:\\xampp\\htdocs...')
#2 C:\xampp\htdocs\kendaraan\system\View\View.php(213): CodeIgniter\View\View->CodeIgniter\View\{closure}()
#3 C:\xampp\htdocs\kendaraan\system\Common.php(1089): CodeIgniter\View\View->render('transaksi/v_set...', Array, true)
#4 C:\xampp\htdocs\kendaraan\app\Controllers\Admin\Transaksi.php(6607): view('transaksi/v_set...', Array)
#5 C:\xampp\htdocs\kendaraan\system\CodeIgniter.php(832): App\Controllers\Admin\Transaksi->set_mess_jkt('2', '2', '')
#6 C:\xampp\htdocs\kendaraan\system\CodeIgniter.php(419): CodeIgniter\CodeIgniter->runController(Object(App\Controllers\Admin\Transaksi))
#7 C:\xampp\htdocs\kendaraan\system\CodeIgniter.php(326): CodeIgniter\CodeIgniter->handleRequest(NULL, Object(Config\Cache), false)
#8 C:\xampp\htdocs\kendaraan\index.php(37): CodeIgniter\CodeIgniter->run()
#9 {main}
CRITICAL - 2024-06-13 15:23:02 --> Array to string conversion
#0 C:\xampp\htdocs\kendaraan\app\Views\transaksi\v_set_mess_jkt.php(13): CodeIgniter\Debug\Exceptions->errorHandler(2, 'Array to string...', 'C:\\xampp\\htdocs...', 13)
#1 C:\xampp\htdocs\kendaraan\system\View\View.php(210): include('C:\\xampp\\htdocs...')
#2 C:\xampp\htdocs\kendaraan\system\View\View.php(213): CodeIgniter\View\View->CodeIgniter\View\{closure}()
#3 C:\xampp\htdocs\kendaraan\system\Common.php(1089): CodeIgniter\View\View->render('transaksi/v_set...', Array, true)
#4 C:\xampp\htdocs\kendaraan\app\Controllers\Admin\Transaksi.php(6607): view('transaksi/v_set...', Array)
#5 C:\xampp\htdocs\kendaraan\system\CodeIgniter.php(832): App\Controllers\Admin\Transaksi->set_mess_jkt('2', '2', '')
#6 C:\xampp\htdocs\kendaraan\system\CodeIgniter.php(419): CodeIgniter\CodeIgniter->runController(Object(App\Controllers\Admin\Transaksi))
#7 C:\xampp\htdocs\kendaraan\system\CodeIgniter.php(326): CodeIgniter\CodeIgniter->handleRequest(NULL, Object(Config\Cache), false)
#8 C:\xampp\htdocs\kendaraan\index.php(37): CodeIgniter\CodeIgniter->run()
#9 {main}
CRITICAL - 2024-06-13 15:23:17 --> Array to string conversion
#0 C:\xampp\htdocs\kendaraan\app\Views\transaksi\v_set_mess_jkt.php(13): CodeIgniter\Debug\Exceptions->errorHandler(2, 'Array to string...', 'C:\\xampp\\htdocs...', 13)
#1 C:\xampp\htdocs\kendaraan\system\View\View.php(210): include('C:\\xampp\\htdocs...')
#2 C:\xampp\htdocs\kendaraan\system\View\View.php(213): CodeIgniter\View\View->CodeIgniter\View\{closure}()
#3 C:\xampp\htdocs\kendaraan\system\Common.php(1089): CodeIgniter\View\View->render('transaksi/v_set...', Array, true)
#4 C:\xampp\htdocs\kendaraan\app\Controllers\Admin\Transaksi.php(6607): view('transaksi/v_set...', Array)
#5 C:\xampp\htdocs\kendaraan\system\CodeIgniter.php(832): App\Controllers\Admin\Transaksi->set_mess_jkt('2', '2', '')
#6 C:\xampp\htdocs\kendaraan\system\CodeIgniter.php(419): CodeIgniter\CodeIgniter->runController(Object(App\Controllers\Admin\Transaksi))
#7 C:\xampp\htdocs\kendaraan\system\CodeIgniter.php(326): CodeIgniter\CodeIgniter->handleRequest(NULL, Object(Config\Cache), false)
#8 C:\xampp\htdocs\kendaraan\index.php(37): CodeIgniter\CodeIgniter->run()
#9 {main}
CRITICAL - 2024-06-13 15:23:26 --> Array to string conversion
#0 C:\xampp\htdocs\kendaraan\app\Views\transaksi\v_set_mess_jkt.php(13): CodeIgniter\Debug\Exceptions->errorHandler(2, 'Array to string...', 'C:\\xampp\\htdocs...', 13)
#1 C:\xampp\htdocs\kendaraan\system\View\View.php(210): include('C:\\xampp\\htdocs...')
#2 C:\xampp\htdocs\kendaraan\system\View\View.php(213): CodeIgniter\View\View->CodeIgniter\View\{closure}()
#3 C:\xampp\htdocs\kendaraan\system\Common.php(1089): CodeIgniter\View\View->render('transaksi/v_set...', Array, true)
#4 C:\xampp\htdocs\kendaraan\app\Controllers\Admin\Transaksi.php(6608): view('transaksi/v_set...', Array)
#5 C:\xampp\htdocs\kendaraan\system\CodeIgniter.php(832): App\Controllers\Admin\Transaksi->set_mess_jkt('2', '2', '')
#6 C:\xampp\htdocs\kendaraan\system\CodeIgniter.php(419): CodeIgniter\CodeIgniter->runController(Object(App\Controllers\Admin\Transaksi))
#7 C:\xampp\htdocs\kendaraan\system\CodeIgniter.php(326): CodeIgniter\CodeIgniter->handleRequest(NULL, Object(Config\Cache), false)
#8 C:\xampp\htdocs\kendaraan\index.php(37): CodeIgniter\CodeIgniter->run()
#9 {main}
CRITICAL - 2024-06-13 15:39:45 --> Undefined variable $ses
#0 C:\xampp\htdocs\kendaraan\app\Controllers\Admin\Transaksi.php(6445): CodeIgniter\Debug\Exceptions->errorHandler(2, 'Undefined varia...', 'C:\\xampp\\htdocs...', 6445)
#1 C:\xampp\htdocs\kendaraan\system\CodeIgniter.php(832): App\Controllers\Admin\Transaksi->set_mess_jkt('2', '2', '')
#2 C:\xampp\htdocs\kendaraan\system\CodeIgniter.php(419): CodeIgniter\CodeIgniter->runController(Object(App\Controllers\Admin\Transaksi))
#3 C:\xampp\htdocs\kendaraan\system\CodeIgniter.php(326): CodeIgniter\CodeIgniter->handleRequest(NULL, Object(Config\Cache), false)
#4 C:\xampp\htdocs\kendaraan\index.php(37): CodeIgniter\CodeIgniter->run()
#5 {main}
CRITICAL - 2024-06-13 15:40:03 --> foreach() argument must be of type array|object, string given
#0 C:\xampp\htdocs\kendaraan\app\Views\transaksi\v_set_mess_jkt.php(11): CodeIgniter\Debug\Exceptions->errorHandler(2, 'foreach() argum...', 'C:\\xampp\\htdocs...', 11)
#1 C:\xampp\htdocs\kendaraan\system\View\View.php(210): include('C:\\xampp\\htdocs...')
#2 C:\xampp\htdocs\kendaraan\system\View\View.php(213): CodeIgniter\View\View->CodeIgniter\View\{closure}()
#3 C:\xampp\htdocs\kendaraan\system\Common.php(1089): CodeIgniter\View\View->render('transaksi/v_set...', Array, true)
#4 C:\xampp\htdocs\kendaraan\app\Controllers\Admin\Transaksi.php(6607): view('transaksi/v_set...', Array)
#5 C:\xampp\htdocs\kendaraan\system\CodeIgniter.php(832): App\Controllers\Admin\Transaksi->set_mess_jkt('2', '2', '')
#6 C:\xampp\htdocs\kendaraan\system\CodeIgniter.php(419): CodeIgniter\CodeIgniter->runController(Object(App\Controllers\Admin\Transaksi))
#7 C:\xampp\htdocs\kendaraan\system\CodeIgniter.php(326): CodeIgniter\CodeIgniter->handleRequest(NULL, Object(Config\Cache), false)
#8 C:\xampp\htdocs\kendaraan\index.php(37): CodeIgniter\CodeIgniter->run()
#9 {main}
CRITICAL - 2024-06-13 15:44:13 --> Undefined variable $sip
#0 C:\xampp\htdocs\kendaraan\app\Controllers\Admin\Transaksi.php(6449): CodeIgniter\Debug\Exceptions->errorHandler(2, 'Undefined varia...', 'C:\\xampp\\htdocs...', 6449)
#1 C:\xampp\htdocs\kendaraan\system\CodeIgniter.php(832): App\Controllers\Admin\Transaksi->set_mess_jkt('2', '2', '')
#2 C:\xampp\htdocs\kendaraan\system\CodeIgniter.php(419): CodeIgniter\CodeIgniter->runController(Object(App\Controllers\Admin\Transaksi))
#3 C:\xampp\htdocs\kendaraan\system\CodeIgniter.php(326): CodeIgniter\CodeIgniter->handleRequest(NULL, Object(Config\Cache), false)
#4 C:\xampp\htdocs\kendaraan\index.php(37): CodeIgniter\CodeIgniter->run()
#5 {main}
CRITICAL - 2024-06-13 15:46:40 --> Undefined variable $sip
#0 C:\xampp\htdocs\kendaraan\app\Controllers\Admin\Transaksi.php(6455): CodeIgniter\Debug\Exceptions->errorHandler(2, 'Undefined varia...', 'C:\\xampp\\htdocs...', 6455)
#1 C:\xampp\htdocs\kendaraan\system\CodeIgniter.php(832): App\Controllers\Admin\Transaksi->set_mess_jkt('2', '2', '')
#2 C:\xampp\htdocs\kendaraan\system\CodeIgniter.php(419): CodeIgniter\CodeIgniter->runController(Object(App\Controllers\Admin\Transaksi))
#3 C:\xampp\htdocs\kendaraan\system\CodeIgniter.php(326): CodeIgniter\CodeIgniter->handleRequest(NULL, Object(Config\Cache), false)
#4 C:\xampp\htdocs\kendaraan\index.php(37): CodeIgniter\CodeIgniter->run()
#5 {main}
CRITICAL - 2024-06-13 15:46:45 --> Undefined variable $sip
#0 C:\xampp\htdocs\kendaraan\app\Controllers\Admin\Transaksi.php(6455): CodeIgniter\Debug\Exceptions->errorHandler(2, 'Undefined varia...', 'C:\\xampp\\htdocs...', 6455)
#1 C:\xampp\htdocs\kendaraan\system\CodeIgniter.php(832): App\Controllers\Admin\Transaksi->set_mess_jkt('2', '2', '')
#2 C:\xampp\htdocs\kendaraan\system\CodeIgniter.php(419): CodeIgniter\CodeIgniter->runController(Object(App\Controllers\Admin\Transaksi))
#3 C:\xampp\htdocs\kendaraan\system\CodeIgniter.php(326): CodeIgniter\CodeIgniter->handleRequest(NULL, Object(Config\Cache), false)
#4 C:\xampp\htdocs\kendaraan\index.php(37): CodeIgniter\CodeIgniter->run()
#5 {main}
CRITICAL - 2024-06-13 15:48:10 --> Undefined variable $ketinggalan
#0 C:\xampp\htdocs\kendaraan\app\Controllers\Admin\Transaksi.php(6454): CodeIgniter\Debug\Exceptions->errorHandler(2, 'Undefined varia...', 'C:\\xampp\\htdocs...', 6454)
#1 C:\xampp\htdocs\kendaraan\system\CodeIgniter.php(832): App\Controllers\Admin\Transaksi->set_mess_jkt('2', '2', '')
#2 C:\xampp\htdocs\kendaraan\system\CodeIgniter.php(419): CodeIgniter\CodeIgniter->runController(Object(App\Controllers\Admin\Transaksi))
#3 C:\xampp\htdocs\kendaraan\system\CodeIgniter.php(326): CodeIgniter\CodeIgniter->handleRequest(NULL, Object(Config\Cache), false)
#4 C:\xampp\htdocs\kendaraan\index.php(37): CodeIgniter\CodeIgniter->run()
#5 {main}
CRITICAL - 2024-06-13 15:59:59 --> Undefined variable $gender
#0 C:\xampp\htdocs\kendaraan\app\Views\transaksi\v_set_mess_jkt.php(922): CodeIgniter\Debug\Exceptions->errorHandler(2, 'Undefined varia...', 'C:\\xampp\\htdocs...', 922)
#1 C:\xampp\htdocs\kendaraan\system\View\View.php(210): include('C:\\xampp\\htdocs...')
#2 C:\xampp\htdocs\kendaraan\system\View\View.php(213): CodeIgniter\View\View->CodeIgniter\View\{closure}()
#3 C:\xampp\htdocs\kendaraan\system\Common.php(1089): CodeIgniter\View\View->render('transaksi/v_set...', Array, true)
#4 C:\xampp\htdocs\kendaraan\app\Controllers\Admin\Transaksi.php(6618): view('transaksi/v_set...', Array)
#5 C:\xampp\htdocs\kendaraan\system\CodeIgniter.php(832): App\Controllers\Admin\Transaksi->set_mess_jkt('2', '2', '')
#6 C:\xampp\htdocs\kendaraan\system\CodeIgniter.php(419): CodeIgniter\CodeIgniter->runController(Object(App\Controllers\Admin\Transaksi))
#7 C:\xampp\htdocs\kendaraan\system\CodeIgniter.php(326): CodeIgniter\CodeIgniter->handleRequest(NULL, Object(Config\Cache), false)
#8 C:\xampp\htdocs\kendaraan\index.php(37): CodeIgniter\CodeIgniter->run()
#9 {main}
