CRITICAL - 2024-03-25 08:20:40 --> Call to undefined function App\Controllers\Admin\int()
#0 C:\xampp\htdocs\kendaraan\system\CodeIgniter.php(832): App\Controllers\Admin\Transaksi->trans_add()
#1 C:\xampp\htdocs\kendaraan\system\CodeIgniter.php(419): CodeIgniter\CodeIgniter->runController(Object(App\Controllers\Admin\Transaksi))
#2 C:\xampp\htdocs\kendaraan\system\CodeIgniter.php(326): CodeIgniter\CodeIgniter->handleRequest(NULL, Object(Config\Cache), false)
#3 C:\xampp\htdocs\kendaraan\index.php(37): CodeIgniter\CodeIgniter->run()
#4 {main}
ERROR - 2024-03-25 08:52:45 --> Unknown column 'jumlah' in 'field list'
CRITICAL - 2024-03-25 08:52:45 --> Unknown column 'jumlah' in 'field list'
#0 C:\xampp\htdocs\kendaraan\system\Database\MySQLi\Connection.php(292): mysqli->query('SELECT `jumlah`...', 0)
#1 C:\xampp\htdocs\kendaraan\system\Database\BaseConnection.php(670): CodeIgniter\Database\MySQLi\Connection->execute('SELECT `jumlah`...')
#2 C:\xampp\htdocs\kendaraan\system\Database\BaseConnection.php(598): CodeIgniter\Database\BaseConnection->simpleQuery('SELECT `jumlah`...')
#3 C:\xampp\htdocs\kendaraan\system\Database\BaseBuilder.php(1455): CodeIgniter\Database\BaseConnection->query('SELECT `jumlah`...', Array, false)
#4 C:\xampp\htdocs\kendaraan\system\Model.php(183): CodeIgniter\Database\BaseBuilder->get()
#5 C:\xampp\htdocs\kendaraan\system\BaseModel.php(584): CodeIgniter\Model->doFindAll(0, 0)
#6 C:\xampp\htdocs\kendaraan\app\Controllers\Admin\Admin.php(407): CodeIgniter\BaseModel->findAll()
#7 C:\xampp\htdocs\kendaraan\system\CodeIgniter.php(832): App\Controllers\Admin\Admin->sukses()
#8 C:\xampp\htdocs\kendaraan\system\CodeIgniter.php(419): CodeIgniter\CodeIgniter->runController(Object(App\Controllers\Admin\Admin))
#9 C:\xampp\htdocs\kendaraan\system\CodeIgniter.php(326): CodeIgniter\CodeIgniter->handleRequest(NULL, Object(Config\Cache), false)
#10 C:\xampp\htdocs\kendaraan\index.php(37): CodeIgniter\CodeIgniter->run()
#11 {main}
ERROR - 2024-03-25 08:52:46 --> Unknown column 'jumlah' in 'field list'
CRITICAL - 2024-03-25 08:52:46 --> Unknown column 'jumlah' in 'field list'
#0 C:\xampp\htdocs\kendaraan\system\Database\MySQLi\Connection.php(292): mysqli->query('SELECT `jumlah`...', 0)
#1 C:\xampp\htdocs\kendaraan\system\Database\BaseConnection.php(670): CodeIgniter\Database\MySQLi\Connection->execute('SELECT `jumlah`...')
#2 C:\xampp\htdocs\kendaraan\system\Database\BaseConnection.php(598): CodeIgniter\Database\BaseConnection->simpleQuery('SELECT `jumlah`...')
#3 C:\xampp\htdocs\kendaraan\system\Database\BaseBuilder.php(1455): CodeIgniter\Database\BaseConnection->query('SELECT `jumlah`...', Array, false)
#4 C:\xampp\htdocs\kendaraan\system\Model.php(183): CodeIgniter\Database\BaseBuilder->get()
#5 C:\xampp\htdocs\kendaraan\system\BaseModel.php(584): CodeIgniter\Model->doFindAll(0, 0)
#6 C:\xampp\htdocs\kendaraan\app\Controllers\Admin\Admin.php(407): CodeIgniter\BaseModel->findAll()
#7 C:\xampp\htdocs\kendaraan\system\CodeIgniter.php(832): App\Controllers\Admin\Admin->sukses()
#8 C:\xampp\htdocs\kendaraan\system\CodeIgniter.php(419): CodeIgniter\CodeIgniter->runController(Object(App\Controllers\Admin\Admin))
#9 C:\xampp\htdocs\kendaraan\system\CodeIgniter.php(326): CodeIgniter\CodeIgniter->handleRequest(NULL, Object(Config\Cache), false)
#10 C:\xampp\htdocs\kendaraan\index.php(37): CodeIgniter\CodeIgniter->run()
#11 {main}
ERROR - 2024-03-25 08:53:20 --> Unknown column 'mess.id_hotel' in 'on clause'
CRITICAL - 2024-03-25 08:53:20 --> Unknown column 'mess.id_hotel' in 'on clause'
#0 C:\xampp\htdocs\kendaraan\system\Database\MySQLi\Connection.php(292): mysqli->query('SELECT `jumlah_...', 0)
#1 C:\xampp\htdocs\kendaraan\system\Database\BaseConnection.php(670): CodeIgniter\Database\MySQLi\Connection->execute('SELECT `jumlah_...')
#2 C:\xampp\htdocs\kendaraan\system\Database\BaseConnection.php(598): CodeIgniter\Database\BaseConnection->simpleQuery('SELECT `jumlah_...')
#3 C:\xampp\htdocs\kendaraan\system\Database\BaseBuilder.php(1455): CodeIgniter\Database\BaseConnection->query('SELECT `jumlah_...', Array, false)
#4 C:\xampp\htdocs\kendaraan\system\Model.php(183): CodeIgniter\Database\BaseBuilder->get()
#5 C:\xampp\htdocs\kendaraan\system\BaseModel.php(584): CodeIgniter\Model->doFindAll(0, 0)
#6 C:\xampp\htdocs\kendaraan\app\Controllers\Admin\Admin.php(407): CodeIgniter\BaseModel->findAll()
#7 C:\xampp\htdocs\kendaraan\system\CodeIgniter.php(832): App\Controllers\Admin\Admin->sukses()
#8 C:\xampp\htdocs\kendaraan\system\CodeIgniter.php(419): CodeIgniter\CodeIgniter->runController(Object(App\Controllers\Admin\Admin))
#9 C:\xampp\htdocs\kendaraan\system\CodeIgniter.php(326): CodeIgniter\CodeIgniter->handleRequest(NULL, Object(Config\Cache), false)
#10 C:\xampp\htdocs\kendaraan\index.php(37): CodeIgniter\CodeIgniter->run()
#11 {main}
CRITICAL - 2024-03-25 09:04:18 --> Undefined array key "sum(jumlah_kamar)"
#0 C:\xampp\htdocs\kendaraan\app\Controllers\Admin\Admin.php(416): CodeIgniter\Debug\Exceptions->errorHandler(2, 'Undefined array...', 'C:\\xampp\\htdocs...', 416)
#1 C:\xampp\htdocs\kendaraan\system\CodeIgniter.php(832): App\Controllers\Admin\Admin->sukses()
#2 C:\xampp\htdocs\kendaraan\system\CodeIgniter.php(419): CodeIgniter\CodeIgniter->runController(Object(App\Controllers\Admin\Admin))
#3 C:\xampp\htdocs\kendaraan\system\CodeIgniter.php(326): CodeIgniter\CodeIgniter->handleRequest(NULL, Object(Config\Cache), false)
#4 C:\xampp\htdocs\kendaraan\index.php(37): CodeIgniter\CodeIgniter->run()
#5 {main}
CRITICAL - 2024-03-25 09:05:14 --> Call to undefined function App\Controllers\Admin\sum()
#0 C:\xampp\htdocs\kendaraan\system\CodeIgniter.php(832): App\Controllers\Admin\Admin->sukses()
#1 C:\xampp\htdocs\kendaraan\system\CodeIgniter.php(419): CodeIgniter\CodeIgniter->runController(Object(App\Controllers\Admin\Admin))
#2 C:\xampp\htdocs\kendaraan\system\CodeIgniter.php(326): CodeIgniter\CodeIgniter->handleRequest(NULL, Object(Config\Cache), false)
#3 C:\xampp\htdocs\kendaraan\index.php(37): CodeIgniter\CodeIgniter->run()
#4 {main}
CRITICAL - 2024-03-25 09:05:41 --> array_sum(): Argument #1 ($array) must be of type array, string given
#0 C:\xampp\htdocs\kendaraan\app\Controllers\Admin\Admin.php(416): array_sum('1')
#1 C:\xampp\htdocs\kendaraan\system\CodeIgniter.php(832): App\Controllers\Admin\Admin->sukses()
#2 C:\xampp\htdocs\kendaraan\system\CodeIgniter.php(419): CodeIgniter\CodeIgniter->runController(Object(App\Controllers\Admin\Admin))
#3 C:\xampp\htdocs\kendaraan\system\CodeIgniter.php(326): CodeIgniter\CodeIgniter->handleRequest(NULL, Object(Config\Cache), false)
#4 C:\xampp\htdocs\kendaraan\index.php(37): CodeIgniter\CodeIgniter->run()
#5 {main}
CRITICAL - 2024-03-25 09:10:17 --> array_sum(): Argument #1 ($array) must be of type array, string given
#0 C:\xampp\htdocs\kendaraan\app\Controllers\Admin\Admin.php(416): array_sum('1')
#1 C:\xampp\htdocs\kendaraan\system\CodeIgniter.php(832): App\Controllers\Admin\Admin->sukses()
#2 C:\xampp\htdocs\kendaraan\system\CodeIgniter.php(419): CodeIgniter\CodeIgniter->runController(Object(App\Controllers\Admin\Admin))
#3 C:\xampp\htdocs\kendaraan\system\CodeIgniter.php(326): CodeIgniter\CodeIgniter->handleRequest(NULL, Object(Config\Cache), false)
#4 C:\xampp\htdocs\kendaraan\index.php(37): CodeIgniter\CodeIgniter->run()
#5 {main}
CRITICAL - 2024-03-25 09:12:22 --> Undefined variable $sum
#0 C:\xampp\htdocs\kendaraan\app\Controllers\Admin\Admin.php(416): CodeIgniter\Debug\Exceptions->errorHandler(2, 'Undefined varia...', 'C:\\xampp\\htdocs...', 416)
#1 C:\xampp\htdocs\kendaraan\system\CodeIgniter.php(832): App\Controllers\Admin\Admin->sukses()
#2 C:\xampp\htdocs\kendaraan\system\CodeIgniter.php(419): CodeIgniter\CodeIgniter->runController(Object(App\Controllers\Admin\Admin))
#3 C:\xampp\htdocs\kendaraan\system\CodeIgniter.php(326): CodeIgniter\CodeIgniter->handleRequest(NULL, Object(Config\Cache), false)
#4 C:\xampp\htdocs\kendaraan\index.php(37): CodeIgniter\CodeIgniter->run()
#5 {main}
CRITICAL - 2024-03-25 09:14:54 --> Undefined variable $sum
#0 C:\xampp\htdocs\kendaraan\app\Controllers\Admin\Admin.php(416): CodeIgniter\Debug\Exceptions->errorHandler(2, 'Undefined varia...', 'C:\\xampp\\htdocs...', 416)
#1 C:\xampp\htdocs\kendaraan\system\CodeIgniter.php(832): App\Controllers\Admin\Admin->sukses()
#2 C:\xampp\htdocs\kendaraan\system\CodeIgniter.php(419): CodeIgniter\CodeIgniter->runController(Object(App\Controllers\Admin\Admin))
#3 C:\xampp\htdocs\kendaraan\system\CodeIgniter.php(326): CodeIgniter\CodeIgniter->handleRequest(NULL, Object(Config\Cache), false)
#4 C:\xampp\htdocs\kendaraan\index.php(37): CodeIgniter\CodeIgniter->run()
#5 {main}
CRITICAL - 2024-03-25 09:14:57 --> Undefined variable $sum
#0 C:\xampp\htdocs\kendaraan\app\Controllers\Admin\Admin.php(416): CodeIgniter\Debug\Exceptions->errorHandler(2, 'Undefined varia...', 'C:\\xampp\\htdocs...', 416)
#1 C:\xampp\htdocs\kendaraan\system\CodeIgniter.php(832): App\Controllers\Admin\Admin->sukses()
#2 C:\xampp\htdocs\kendaraan\system\CodeIgniter.php(419): CodeIgniter\CodeIgniter->runController(Object(App\Controllers\Admin\Admin))
#3 C:\xampp\htdocs\kendaraan\system\CodeIgniter.php(326): CodeIgniter\CodeIgniter->handleRequest(NULL, Object(Config\Cache), false)
#4 C:\xampp\htdocs\kendaraan\index.php(37): CodeIgniter\CodeIgniter->run()
#5 {main}
CRITICAL - 2024-03-25 10:03:02 --> Undefined array key 2
#0 C:\xampp\htdocs\kendaraan\app\Controllers\Admin\Transaksi.php(389): CodeIgniter\Debug\Exceptions->errorHandler(2, 'Undefined array...', 'C:\\xampp\\htdocs...', 389)
#1 C:\xampp\htdocs\kendaraan\system\CodeIgniter.php(832): App\Controllers\Admin\Transaksi->trans_add()
#2 C:\xampp\htdocs\kendaraan\system\CodeIgniter.php(419): CodeIgniter\CodeIgniter->runController(Object(App\Controllers\Admin\Transaksi))
#3 C:\xampp\htdocs\kendaraan\system\CodeIgniter.php(326): CodeIgniter\CodeIgniter->handleRequest(NULL, Object(Config\Cache), false)
#4 C:\xampp\htdocs\kendaraan\index.php(37): CodeIgniter\CodeIgniter->run()
#5 {main}
CRITICAL - 2024-03-25 10:04:01 --> Undefined array key 2
#0 C:\xampp\htdocs\kendaraan\app\Controllers\Admin\Transaksi.php(390): CodeIgniter\Debug\Exceptions->errorHandler(2, 'Undefined array...', 'C:\\xampp\\htdocs...', 390)
#1 C:\xampp\htdocs\kendaraan\system\CodeIgniter.php(832): App\Controllers\Admin\Transaksi->trans_add()
#2 C:\xampp\htdocs\kendaraan\system\CodeIgniter.php(419): CodeIgniter\CodeIgniter->runController(Object(App\Controllers\Admin\Transaksi))
#3 C:\xampp\htdocs\kendaraan\system\CodeIgniter.php(326): CodeIgniter\CodeIgniter->handleRequest(NULL, Object(Config\Cache), false)
#4 C:\xampp\htdocs\kendaraan\index.php(37): CodeIgniter\CodeIgniter->run()
#5 {main}
CRITICAL - 2024-03-25 10:04:37 --> Undefined variable $id_pool
#0 C:\xampp\htdocs\kendaraan\app\Controllers\Admin\Transaksi.php(432): CodeIgniter\Debug\Exceptions->errorHandler(2, 'Undefined varia...', 'C:\\xampp\\htdocs...', 432)
#1 C:\xampp\htdocs\kendaraan\system\CodeIgniter.php(832): App\Controllers\Admin\Transaksi->trans_add()
#2 C:\xampp\htdocs\kendaraan\system\CodeIgniter.php(419): CodeIgniter\CodeIgniter->runController(Object(App\Controllers\Admin\Transaksi))
#3 C:\xampp\htdocs\kendaraan\system\CodeIgniter.php(326): CodeIgniter\CodeIgniter->handleRequest(NULL, Object(Config\Cache), false)
#4 C:\xampp\htdocs\kendaraan\index.php(37): CodeIgniter\CodeIgniter->run()
#5 {main}
CRITICAL - 2024-03-25 10:15:59 --> Undefined array key 2
#0 C:\xampp\htdocs\kendaraan\app\Controllers\Admin\Transaksi.php(390): CodeIgniter\Debug\Exceptions->errorHandler(2, 'Undefined array...', 'C:\\xampp\\htdocs...', 390)
#1 C:\xampp\htdocs\kendaraan\system\CodeIgniter.php(832): App\Controllers\Admin\Transaksi->trans_add()
#2 C:\xampp\htdocs\kendaraan\system\CodeIgniter.php(419): CodeIgniter\CodeIgniter->runController(Object(App\Controllers\Admin\Transaksi))
#3 C:\xampp\htdocs\kendaraan\system\CodeIgniter.php(326): CodeIgniter\CodeIgniter->handleRequest(NULL, Object(Config\Cache), false)
#4 C:\xampp\htdocs\kendaraan\index.php(37): CodeIgniter\CodeIgniter->run()
#5 {main}
CRITICAL - 2024-03-25 10:16:43 --> Undefined array key 2
#0 C:\xampp\htdocs\kendaraan\app\Controllers\Admin\Transaksi.php(390): CodeIgniter\Debug\Exceptions->errorHandler(2, 'Undefined array...', 'C:\\xampp\\htdocs...', 390)
#1 C:\xampp\htdocs\kendaraan\system\CodeIgniter.php(832): App\Controllers\Admin\Transaksi->trans_add()
#2 C:\xampp\htdocs\kendaraan\system\CodeIgniter.php(419): CodeIgniter\CodeIgniter->runController(Object(App\Controllers\Admin\Transaksi))
#3 C:\xampp\htdocs\kendaraan\system\CodeIgniter.php(326): CodeIgniter\CodeIgniter->handleRequest(NULL, Object(Config\Cache), false)
#4 C:\xampp\htdocs\kendaraan\index.php(37): CodeIgniter\CodeIgniter->run()
#5 {main}
CRITICAL - 2024-03-25 10:17:09 --> Undefined array key 2
#0 C:\xampp\htdocs\kendaraan\app\Controllers\Admin\Transaksi.php(390): CodeIgniter\Debug\Exceptions->errorHandler(2, 'Undefined array...', 'C:\\xampp\\htdocs...', 390)
#1 C:\xampp\htdocs\kendaraan\system\CodeIgniter.php(832): App\Controllers\Admin\Transaksi->trans_add()
#2 C:\xampp\htdocs\kendaraan\system\CodeIgniter.php(419): CodeIgniter\CodeIgniter->runController(Object(App\Controllers\Admin\Transaksi))
#3 C:\xampp\htdocs\kendaraan\system\CodeIgniter.php(326): CodeIgniter\CodeIgniter->handleRequest(NULL, Object(Config\Cache), false)
#4 C:\xampp\htdocs\kendaraan\index.php(37): CodeIgniter\CodeIgniter->run()
#5 {main}
CRITICAL - 2024-03-25 03:18:08 --> syntax error, unexpected token "[", expecting variable or "{" or "$"
#0 C:\xampp\htdocs\kendaraan\system\Autoloader\Autoloader.php(241): CodeIgniter\Autoloader\Autoloader->includeFile('C:\\xampp\\htdocs...')
#1 C:\xampp\htdocs\kendaraan\system\Autoloader\Autoloader.php(219): CodeIgniter\Autoloader\Autoloader->loadInNamespace('App\\Controllers...')
#2 [internal function]: CodeIgniter\Autoloader\Autoloader->loadClass('App\\Controllers...')
#3 C:\xampp\htdocs\kendaraan\system\CodeIgniter.php(797): class_exists('\\App\\Controller...', true)
#4 C:\xampp\htdocs\kendaraan\system\CodeIgniter.php(406): CodeIgniter\CodeIgniter->startController()
#5 C:\xampp\htdocs\kendaraan\system\CodeIgniter.php(326): CodeIgniter\CodeIgniter->handleRequest(NULL, Object(Config\Cache), false)
#6 C:\xampp\htdocs\kendaraan\index.php(37): CodeIgniter\CodeIgniter->run()
#7 {main}
CRITICAL - 2024-03-25 10:18:16 --> Undefined array key 2
#0 C:\xampp\htdocs\kendaraan\app\Controllers\Admin\Transaksi.php(390): CodeIgniter\Debug\Exceptions->errorHandler(2, 'Undefined array...', 'C:\\xampp\\htdocs...', 390)
#1 C:\xampp\htdocs\kendaraan\system\CodeIgniter.php(832): App\Controllers\Admin\Transaksi->trans_add()
#2 C:\xampp\htdocs\kendaraan\system\CodeIgniter.php(419): CodeIgniter\CodeIgniter->runController(Object(App\Controllers\Admin\Transaksi))
#3 C:\xampp\htdocs\kendaraan\system\CodeIgniter.php(326): CodeIgniter\CodeIgniter->handleRequest(NULL, Object(Config\Cache), false)
#4 C:\xampp\htdocs\kendaraan\index.php(37): CodeIgniter\CodeIgniter->run()
#5 {main}
CRITICAL - 2024-03-25 10:18:23 --> Undefined array key 2
#0 C:\xampp\htdocs\kendaraan\app\Controllers\Admin\Transaksi.php(390): CodeIgniter\Debug\Exceptions->errorHandler(2, 'Undefined array...', 'C:\\xampp\\htdocs...', 390)
#1 C:\xampp\htdocs\kendaraan\system\CodeIgniter.php(832): App\Controllers\Admin\Transaksi->trans_add()
#2 C:\xampp\htdocs\kendaraan\system\CodeIgniter.php(419): CodeIgniter\CodeIgniter->runController(Object(App\Controllers\Admin\Transaksi))
#3 C:\xampp\htdocs\kendaraan\system\CodeIgniter.php(326): CodeIgniter\CodeIgniter->handleRequest(NULL, Object(Config\Cache), false)
#4 C:\xampp\htdocs\kendaraan\index.php(37): CodeIgniter\CodeIgniter->run()
#5 {main}
CRITICAL - 2024-03-25 10:18:41 --> Undefined array key 2
#0 C:\xampp\htdocs\kendaraan\app\Controllers\Admin\Transaksi.php(390): CodeIgniter\Debug\Exceptions->errorHandler(2, 'Undefined array...', 'C:\\xampp\\htdocs...', 390)
#1 C:\xampp\htdocs\kendaraan\system\CodeIgniter.php(832): App\Controllers\Admin\Transaksi->trans_add()
#2 C:\xampp\htdocs\kendaraan\system\CodeIgniter.php(419): CodeIgniter\CodeIgniter->runController(Object(App\Controllers\Admin\Transaksi))
#3 C:\xampp\htdocs\kendaraan\system\CodeIgniter.php(326): CodeIgniter\CodeIgniter->handleRequest(NULL, Object(Config\Cache), false)
#4 C:\xampp\htdocs\kendaraan\index.php(37): CodeIgniter\CodeIgniter->run()
#5 {main}
CRITICAL - 2024-03-25 10:19:18 --> Undefined array key 2
#0 C:\xampp\htdocs\kendaraan\app\Controllers\Admin\Transaksi.php(390): CodeIgniter\Debug\Exceptions->errorHandler(2, 'Undefined array...', 'C:\\xampp\\htdocs...', 390)
#1 C:\xampp\htdocs\kendaraan\system\CodeIgniter.php(832): App\Controllers\Admin\Transaksi->trans_add()
#2 C:\xampp\htdocs\kendaraan\system\CodeIgniter.php(419): CodeIgniter\CodeIgniter->runController(Object(App\Controllers\Admin\Transaksi))
#3 C:\xampp\htdocs\kendaraan\system\CodeIgniter.php(326): CodeIgniter\CodeIgniter->handleRequest(NULL, Object(Config\Cache), false)
#4 C:\xampp\htdocs\kendaraan\index.php(37): CodeIgniter\CodeIgniter->run()
#5 {main}
CRITICAL - 2024-03-25 10:20:02 --> Undefined array key 2
#0 C:\xampp\htdocs\kendaraan\app\Controllers\Admin\Transaksi.php(391): CodeIgniter\Debug\Exceptions->errorHandler(2, 'Undefined array...', 'C:\\xampp\\htdocs...', 391)
#1 C:\xampp\htdocs\kendaraan\system\CodeIgniter.php(832): App\Controllers\Admin\Transaksi->trans_add()
#2 C:\xampp\htdocs\kendaraan\system\CodeIgniter.php(419): CodeIgniter\CodeIgniter->runController(Object(App\Controllers\Admin\Transaksi))
#3 C:\xampp\htdocs\kendaraan\system\CodeIgniter.php(326): CodeIgniter\CodeIgniter->handleRequest(NULL, Object(Config\Cache), false)
#4 C:\xampp\htdocs\kendaraan\index.php(37): CodeIgniter\CodeIgniter->run()
#5 {main}
ERROR - 2024-03-25 10:20:27 --> Illegal parameter data types varchar and row for operation '='
CRITICAL - 2024-03-25 10:20:27 --> Illegal parameter data types varchar and row for operation '='
#0 C:\xampp\htdocs\kendaraan\system\Database\MySQLi\Connection.php(292): mysqli->query('SELECT `id_pool...', 0)
#1 C:\xampp\htdocs\kendaraan\system\Database\BaseConnection.php(670): CodeIgniter\Database\MySQLi\Connection->execute('SELECT `id_pool...')
#2 C:\xampp\htdocs\kendaraan\system\Database\BaseConnection.php(598): CodeIgniter\Database\BaseConnection->simpleQuery('SELECT `id_pool...')
#3 C:\xampp\htdocs\kendaraan\system\Database\BaseBuilder.php(1455): CodeIgniter\Database\BaseConnection->query('SELECT `id_pool...', Array, false)
#4 C:\xampp\htdocs\kendaraan\system\Model.php(183): CodeIgniter\Database\BaseBuilder->get()
#5 C:\xampp\htdocs\kendaraan\system\BaseModel.php(584): CodeIgniter\Model->doFindAll(0, 0)
#6 C:\xampp\htdocs\kendaraan\app\Controllers\Admin\Transaksi.php(319): CodeIgniter\BaseModel->findAll()
#7 C:\xampp\htdocs\kendaraan\system\CodeIgniter.php(832): App\Controllers\Admin\Transaksi->trans_add()
#8 C:\xampp\htdocs\kendaraan\system\CodeIgniter.php(419): CodeIgniter\CodeIgniter->runController(Object(App\Controllers\Admin\Transaksi))
#9 C:\xampp\htdocs\kendaraan\system\CodeIgniter.php(326): CodeIgniter\CodeIgniter->handleRequest(NULL, Object(Config\Cache), false)
#10 C:\xampp\htdocs\kendaraan\index.php(37): CodeIgniter\CodeIgniter->run()
#11 {main}
CRITICAL - 2024-03-25 10:20:55 --> Undefined array key 2
#0 C:\xampp\htdocs\kendaraan\app\Controllers\Admin\Transaksi.php(391): CodeIgniter\Debug\Exceptions->errorHandler(2, 'Undefined array...', 'C:\\xampp\\htdocs...', 391)
#1 C:\xampp\htdocs\kendaraan\system\CodeIgniter.php(832): App\Controllers\Admin\Transaksi->trans_add()
#2 C:\xampp\htdocs\kendaraan\system\CodeIgniter.php(419): CodeIgniter\CodeIgniter->runController(Object(App\Controllers\Admin\Transaksi))
#3 C:\xampp\htdocs\kendaraan\system\CodeIgniter.php(326): CodeIgniter\CodeIgniter->handleRequest(NULL, Object(Config\Cache), false)
#4 C:\xampp\htdocs\kendaraan\index.php(37): CodeIgniter\CodeIgniter->run()
#5 {main}
CRITICAL - 2024-03-25 10:21:33 --> Undefined array key 2
#0 C:\xampp\htdocs\kendaraan\app\Controllers\Admin\Transaksi.php(392): CodeIgniter\Debug\Exceptions->errorHandler(2, 'Undefined array...', 'C:\\xampp\\htdocs...', 392)
#1 C:\xampp\htdocs\kendaraan\system\CodeIgniter.php(832): App\Controllers\Admin\Transaksi->trans_add()
#2 C:\xampp\htdocs\kendaraan\system\CodeIgniter.php(419): CodeIgniter\CodeIgniter->runController(Object(App\Controllers\Admin\Transaksi))
#3 C:\xampp\htdocs\kendaraan\system\CodeIgniter.php(326): CodeIgniter\CodeIgniter->handleRequest(NULL, Object(Config\Cache), false)
#4 C:\xampp\htdocs\kendaraan\index.php(37): CodeIgniter\CodeIgniter->run()
#5 {main}
CRITICAL - 2024-03-25 10:25:42 --> whereIn() expects $values to be of type array or closure
#0 C:\xampp\htdocs\kendaraan\system\Database\BaseBuilder.php(731): CodeIgniter\Database\BaseBuilder->_whereIn('nama_pool', '1. Pool Solo', false, 'AND ', NULL)
#1 C:\xampp\htdocs\kendaraan\system\Model.php(728): CodeIgniter\Database\BaseBuilder->whereIn('nama_pool', '1. Pool Solo')
#2 C:\xampp\htdocs\kendaraan\app\Controllers\Admin\Transaksi.php(358): CodeIgniter\Model->__call('whereIn', Array)
#3 C:\xampp\htdocs\kendaraan\system\CodeIgniter.php(832): App\Controllers\Admin\Transaksi->trans_add()
#4 C:\xampp\htdocs\kendaraan\system\CodeIgniter.php(419): CodeIgniter\CodeIgniter->runController(Object(App\Controllers\Admin\Transaksi))
#5 C:\xampp\htdocs\kendaraan\system\CodeIgniter.php(326): CodeIgniter\CodeIgniter->handleRequest(NULL, Object(Config\Cache), false)
#6 C:\xampp\htdocs\kendaraan\index.php(37): CodeIgniter\CodeIgniter->run()
#7 {main}
CRITICAL - 2024-03-25 10:33:06 --> Unsupported operand types: string + array
#0 C:\xampp\htdocs\kendaraan\system\CodeIgniter.php(832): App\Controllers\Admin\Transaksi->trans_add()
#1 C:\xampp\htdocs\kendaraan\system\CodeIgniter.php(419): CodeIgniter\CodeIgniter->runController(Object(App\Controllers\Admin\Transaksi))
#2 C:\xampp\htdocs\kendaraan\system\CodeIgniter.php(326): CodeIgniter\CodeIgniter->handleRequest(NULL, Object(Config\Cache), false)
#3 C:\xampp\htdocs\kendaraan\index.php(37): CodeIgniter\CodeIgniter->run()
#4 {main}
CRITICAL - 2024-03-25 10:36:50 --> Undefined array key 2
#0 C:\xampp\htdocs\kendaraan\app\Controllers\Admin\Transaksi.php(193): CodeIgniter\Debug\Exceptions->errorHandler(2, 'Undefined array...', 'C:\\xampp\\htdocs...', 193)
#1 C:\xampp\htdocs\kendaraan\system\CodeIgniter.php(832): App\Controllers\Admin\Transaksi->trans_add()
#2 C:\xampp\htdocs\kendaraan\system\CodeIgniter.php(419): CodeIgniter\CodeIgniter->runController(Object(App\Controllers\Admin\Transaksi))
#3 C:\xampp\htdocs\kendaraan\system\CodeIgniter.php(326): CodeIgniter\CodeIgniter->handleRequest(NULL, Object(Config\Cache), false)
#4 C:\xampp\htdocs\kendaraan\index.php(37): CodeIgniter\CodeIgniter->run()
#5 {main}
CRITICAL - 2024-03-25 10:41:57 --> Undefined variable $id_vendor
#0 C:\xampp\htdocs\kendaraan\app\Controllers\Admin\Transaksi.php(233): CodeIgniter\Debug\Exceptions->errorHandler(2, 'Undefined varia...', 'C:\\xampp\\htdocs...', 233)
#1 C:\xampp\htdocs\kendaraan\system\CodeIgniter.php(832): App\Controllers\Admin\Transaksi->trans_add()
#2 C:\xampp\htdocs\kendaraan\system\CodeIgniter.php(419): CodeIgniter\CodeIgniter->runController(Object(App\Controllers\Admin\Transaksi))
#3 C:\xampp\htdocs\kendaraan\system\CodeIgniter.php(326): CodeIgniter\CodeIgniter->handleRequest(NULL, Object(Config\Cache), false)
#4 C:\xampp\htdocs\kendaraan\index.php(37): CodeIgniter\CodeIgniter->run()
#5 {main}
CRITICAL - 2024-03-25 10:42:20 --> Undefined variable $id_vendor
#0 C:\xampp\htdocs\kendaraan\app\Controllers\Admin\Transaksi.php(233): CodeIgniter\Debug\Exceptions->errorHandler(2, 'Undefined varia...', 'C:\\xampp\\htdocs...', 233)
#1 C:\xampp\htdocs\kendaraan\system\CodeIgniter.php(832): App\Controllers\Admin\Transaksi->trans_add()
#2 C:\xampp\htdocs\kendaraan\system\CodeIgniter.php(419): CodeIgniter\CodeIgniter->runController(Object(App\Controllers\Admin\Transaksi))
#3 C:\xampp\htdocs\kendaraan\system\CodeIgniter.php(326): CodeIgniter\CodeIgniter->handleRequest(NULL, Object(Config\Cache), false)
#4 C:\xampp\htdocs\kendaraan\index.php(37): CodeIgniter\CodeIgniter->run()
#5 {main}
ERROR - 2024-03-25 11:02:50 --> Cannot add or update a child row: a foreign key constraint fails (`db_kendaraan`.`akomodasi`, CONSTRAINT `akomodasi_ibfk_1` FOREIGN KEY (`id_trans`) REFERENCES `trans` (`id_trans`) ON DELETE CASCADE ON UPDATE CASCADE)
CRITICAL - 2024-03-25 11:02:50 --> Cannot add or update a child row: a foreign key constraint fails (`db_kendaraan`.`akomodasi`, CONSTRAINT `akomodasi_ibfk_1` FOREIGN KEY (`id_trans`) REFERENCES `trans` (`id_trans`) ON DELETE CASCADE ON UPDATE CASCADE)
#0 C:\xampp\htdocs\kendaraan\system\Database\MySQLi\Connection.php(292): mysqli->query('INSERT INTO `ak...', 0)
#1 C:\xampp\htdocs\kendaraan\system\Database\BaseConnection.php(670): CodeIgniter\Database\MySQLi\Connection->execute('INSERT INTO `ak...')
#2 C:\xampp\htdocs\kendaraan\system\Database\BaseConnection.php(598): CodeIgniter\Database\BaseConnection->simpleQuery('INSERT INTO `ak...')
#3 C:\xampp\htdocs\kendaraan\system\Database\BaseBuilder.php(1771): CodeIgniter\Database\BaseConnection->query('INSERT INTO `ak...', Array, false)
#4 C:\xampp\htdocs\kendaraan\system\Model.php(239): CodeIgniter\Database\BaseBuilder->insert()
#5 C:\xampp\htdocs\kendaraan\system\BaseModel.php(738): CodeIgniter\Model->doInsert(Array)
#6 C:\xampp\htdocs\kendaraan\system\Model.php(625): CodeIgniter\BaseModel->insert(Array, false)
#7 C:\xampp\htdocs\kendaraan\system\BaseModel.php(658): CodeIgniter\Model->insert(Array, false)
#8 C:\xampp\htdocs\kendaraan\app\Controllers\Admin\Admin.php(428): CodeIgniter\BaseModel->save(Array)
#9 C:\xampp\htdocs\kendaraan\system\CodeIgniter.php(832): App\Controllers\Admin\Admin->sukses()
#10 C:\xampp\htdocs\kendaraan\system\CodeIgniter.php(419): CodeIgniter\CodeIgniter->runController(Object(App\Controllers\Admin\Admin))
#11 C:\xampp\htdocs\kendaraan\system\CodeIgniter.php(326): CodeIgniter\CodeIgniter->handleRequest(NULL, Object(Config\Cache), false)
#12 C:\xampp\htdocs\kendaraan\index.php(37): CodeIgniter\CodeIgniter->run()
#13 {main}
CRITICAL - 2024-03-25 11:28:43 --> Undefined variable $terpakai
#0 C:\xampp\htdocs\kendaraan\app\Controllers\Admin\Admin.php(435): CodeIgniter\Debug\Exceptions->errorHandler(2, 'Undefined varia...', 'C:\\xampp\\htdocs...', 435)
#1 C:\xampp\htdocs\kendaraan\system\CodeIgniter.php(832): App\Controllers\Admin\Admin->sukses()
#2 C:\xampp\htdocs\kendaraan\system\CodeIgniter.php(419): CodeIgniter\CodeIgniter->runController(Object(App\Controllers\Admin\Admin))
#3 C:\xampp\htdocs\kendaraan\system\CodeIgniter.php(326): CodeIgniter\CodeIgniter->handleRequest(NULL, Object(Config\Cache), false)
#4 C:\xampp\htdocs\kendaraan\index.php(37): CodeIgniter\CodeIgniter->run()
#5 {main}
CRITICAL - 2024-03-25 11:51:42 --> Undefined variable $status_akomodasi
#0 C:\xampp\htdocs\kendaraan\app\Views\transaksi\v_trans.php(135): CodeIgniter\Debug\Exceptions->errorHandler(2, 'Undefined varia...', 'C:\\xampp\\htdocs...', 135)
#1 C:\xampp\htdocs\kendaraan\system\View\View.php(210): include('C:\\xampp\\htdocs...')
#2 C:\xampp\htdocs\kendaraan\system\View\View.php(213): CodeIgniter\View\View->CodeIgniter\View\{closure}()
#3 C:\xampp\htdocs\kendaraan\system\Common.php(1089): CodeIgniter\View\View->render('transaksi/v_tra...', Array, true)
#4 C:\xampp\htdocs\kendaraan\app\Controllers\Admin\Transaksi.php(127): view('transaksi/v_tra...', Array)
#5 C:\xampp\htdocs\kendaraan\system\CodeIgniter.php(832): App\Controllers\Admin\Transaksi->trans()
#6 C:\xampp\htdocs\kendaraan\system\CodeIgniter.php(419): CodeIgniter\CodeIgniter->runController(Object(App\Controllers\Admin\Transaksi))
#7 C:\xampp\htdocs\kendaraan\system\CodeIgniter.php(326): CodeIgniter\CodeIgniter->handleRequest(NULL, Object(Config\Cache), false)
#8 C:\xampp\htdocs\kendaraan\index.php(37): CodeIgniter\CodeIgniter->run()
#9 {main}
CRITICAL - 2024-03-25 13:04:12 --> Undefined variable $bia
#0 C:\xampp\htdocs\kendaraan\app\Views\transaksi\v_trans.php(94): CodeIgniter\Debug\Exceptions->errorHandler(2, 'Undefined varia...', 'C:\\xampp\\htdocs...', 94)
#1 C:\xampp\htdocs\kendaraan\system\View\View.php(210): include('C:\\xampp\\htdocs...')
#2 C:\xampp\htdocs\kendaraan\system\View\View.php(213): CodeIgniter\View\View->CodeIgniter\View\{closure}()
#3 C:\xampp\htdocs\kendaraan\system\Common.php(1089): CodeIgniter\View\View->render('transaksi/v_tra...', Array, true)
#4 C:\xampp\htdocs\kendaraan\app\Controllers\Admin\Transaksi.php(127): view('transaksi/v_tra...', Array)
#5 C:\xampp\htdocs\kendaraan\system\CodeIgniter.php(832): App\Controllers\Admin\Transaksi->trans()
#6 C:\xampp\htdocs\kendaraan\system\CodeIgniter.php(419): CodeIgniter\CodeIgniter->runController(Object(App\Controllers\Admin\Transaksi))
#7 C:\xampp\htdocs\kendaraan\system\CodeIgniter.php(326): CodeIgniter\CodeIgniter->handleRequest(NULL, Object(Config\Cache), false)
#8 C:\xampp\htdocs\kendaraan\index.php(37): CodeIgniter\CodeIgniter->run()
#9 {main}
CRITICAL - 2024-03-25 13:22:15 --> Undefined variable $keterangan_tiket
#0 C:\xampp\htdocs\kendaraan\app\Views\transaksi\v_trans.php(87): CodeIgniter\Debug\Exceptions->errorHandler(2, 'Undefined varia...', 'C:\\xampp\\htdocs...', 87)
#1 C:\xampp\htdocs\kendaraan\system\View\View.php(210): include('C:\\xampp\\htdocs...')
#2 C:\xampp\htdocs\kendaraan\system\View\View.php(213): CodeIgniter\View\View->CodeIgniter\View\{closure}()
#3 C:\xampp\htdocs\kendaraan\system\Common.php(1089): CodeIgniter\View\View->render('transaksi/v_tra...', Array, true)
#4 C:\xampp\htdocs\kendaraan\app\Controllers\Admin\Transaksi.php(127): view('transaksi/v_tra...', Array)
#5 C:\xampp\htdocs\kendaraan\system\CodeIgniter.php(832): App\Controllers\Admin\Transaksi->trans()
#6 C:\xampp\htdocs\kendaraan\system\CodeIgniter.php(419): CodeIgniter\CodeIgniter->runController(Object(App\Controllers\Admin\Transaksi))
#7 C:\xampp\htdocs\kendaraan\system\CodeIgniter.php(326): CodeIgniter\CodeIgniter->handleRequest(NULL, Object(Config\Cache), false)
#8 C:\xampp\htdocs\kendaraan\index.php(37): CodeIgniter\CodeIgniter->run()
#9 {main}
ERROR - 2024-03-25 14:52:09 --> Cannot add or update a child row: a foreign key constraint fails (`db_kendaraan`.`akomodasi`, CONSTRAINT `akomodasi_ibfk_1` FOREIGN KEY (`id_trans`) REFERENCES `trans` (`id_trans`) ON DELETE CASCADE ON UPDATE CASCADE)
CRITICAL - 2024-03-25 14:52:09 --> Cannot add or update a child row: a foreign key constraint fails (`db_kendaraan`.`akomodasi`, CONSTRAINT `akomodasi_ibfk_1` FOREIGN KEY (`id_trans`) REFERENCES `trans` (`id_trans`) ON DELETE CASCADE ON UPDATE CASCADE)
#0 C:\xampp\htdocs\kendaraan\system\Database\MySQLi\Connection.php(292): mysqli->query('INSERT INTO `ak...', 0)
#1 C:\xampp\htdocs\kendaraan\system\Database\BaseConnection.php(670): CodeIgniter\Database\MySQLi\Connection->execute('INSERT INTO `ak...')
#2 C:\xampp\htdocs\kendaraan\system\Database\BaseConnection.php(598): CodeIgniter\Database\BaseConnection->simpleQuery('INSERT INTO `ak...')
#3 C:\xampp\htdocs\kendaraan\system\Database\BaseBuilder.php(1648): CodeIgniter\Database\BaseConnection->query('INSERT INTO `ak...', NULL, false)
#4 C:\xampp\htdocs\kendaraan\system\Model.php(272): CodeIgniter\Database\BaseBuilder->insertBatch(Array, NULL, 100)
#5 C:\xampp\htdocs\kendaraan\system\BaseModel.php(814): CodeIgniter\Model->doInsertBatch(Array, NULL, 100, false)
#6 C:\xampp\htdocs\kendaraan\app\Controllers\Admin\Transaksi.php(1239): CodeIgniter\BaseModel->insertBatch(Array)
#7 C:\xampp\htdocs\kendaraan\system\CodeIgniter.php(832): App\Controllers\Admin\Transaksi->trans_add()
#8 C:\xampp\htdocs\kendaraan\system\CodeIgniter.php(419): CodeIgniter\CodeIgniter->runController(Object(App\Controllers\Admin\Transaksi))
#9 C:\xampp\htdocs\kendaraan\system\CodeIgniter.php(326): CodeIgniter\CodeIgniter->handleRequest(NULL, Object(Config\Cache), false)
#10 C:\xampp\htdocs\kendaraan\index.php(37): CodeIgniter\CodeIgniter->run()
#11 {main}
