CRITICAL - 2024-05-13 08:55:47 --> Undefined array key "pic"
#0 C:\xampp\htdocs\kendaraan\app\Controllers\Admin\Transaksi.php(507): CodeIgniter\Debug\Exceptions->errorHandler(2, 'Undefined array...', 'C:\\xampp\\htdocs...', 507)
#1 C:\xampp\htdocs\kendaraan\system\CodeIgniter.php(832): App\Controllers\Admin\Transaksi->trans_add()
#2 C:\xampp\htdocs\kendaraan\system\CodeIgniter.php(419): CodeIgniter\CodeIgniter->runController(Object(App\Controllers\Admin\Transaksi))
#3 C:\xampp\htdocs\kendaraan\system\CodeIgniter.php(326): CodeIgniter\CodeIgniter->handleRequest(NULL, Object(Config\Cache), false)
#4 C:\xampp\htdocs\kendaraan\index.php(37): CodeIgniter\CodeIgniter->run()
#5 {main}
CRITICAL - 2024-05-13 09:05:29 --> Undefined array key "nama"
#0 C:\xampp\htdocs\kendaraan\app\Controllers\Admin\Transaksi.php(526): CodeIgniter\Debug\Exceptions->errorHandler(2, 'Undefined array...', 'C:\\xampp\\htdocs...', 526)
#1 C:\xampp\htdocs\kendaraan\system\CodeIgniter.php(832): App\Controllers\Admin\Transaksi->trans_add()
#2 C:\xampp\htdocs\kendaraan\system\CodeIgniter.php(419): CodeIgniter\CodeIgniter->runController(Object(App\Controllers\Admin\Transaksi))
#3 C:\xampp\htdocs\kendaraan\system\CodeIgniter.php(326): CodeIgniter\CodeIgniter->handleRequest(NULL, Object(Config\Cache), false)
#4 C:\xampp\htdocs\kendaraan\index.php(37): CodeIgniter\CodeIgniter->run()
#5 {main}
CRITICAL - 2024-05-13 09:07:34 --> Undefined array key "pic"
#0 C:\xampp\htdocs\kendaraan\app\Controllers\Admin\Transaksi.php(583): CodeIgniter\Debug\Exceptions->errorHandler(2, 'Undefined array...', 'C:\\xampp\\htdocs...', 583)
#1 C:\xampp\htdocs\kendaraan\system\CodeIgniter.php(832): App\Controllers\Admin\Transaksi->trans_add()
#2 C:\xampp\htdocs\kendaraan\system\CodeIgniter.php(419): CodeIgniter\CodeIgniter->runController(Object(App\Controllers\Admin\Transaksi))
#3 C:\xampp\htdocs\kendaraan\system\CodeIgniter.php(326): CodeIgniter\CodeIgniter->handleRequest(NULL, Object(Config\Cache), false)
#4 C:\xampp\htdocs\kendaraan\index.php(37): CodeIgniter\CodeIgniter->run()
#5 {main}
CRITICAL - 2024-05-13 09:19:42 --> Undefined variable $trans
#0 C:\xampp\htdocs\kendaraan\app\Controllers\Admin\Transaksi.php(719): CodeIgniter\Debug\Exceptions->errorHandler(2, 'Undefined varia...', 'C:\\xampp\\htdocs...', 719)
#1 C:\xampp\htdocs\kendaraan\system\CodeIgniter.php(832): App\Controllers\Admin\Transaksi->trans_add()
#2 C:\xampp\htdocs\kendaraan\system\CodeIgniter.php(419): CodeIgniter\CodeIgniter->runController(Object(App\Controllers\Admin\Transaksi))
#3 C:\xampp\htdocs\kendaraan\system\CodeIgniter.php(326): CodeIgniter\CodeIgniter->handleRequest(NULL, Object(Config\Cache), false)
#4 C:\xampp\htdocs\kendaraan\index.php(37): CodeIgniter\CodeIgniter->run()
#5 {main}
CRITICAL - 2024-05-13 09:21:26 --> Undefined variable $trans
#0 C:\xampp\htdocs\kendaraan\app\Controllers\Admin\Transaksi.php(719): CodeIgniter\Debug\Exceptions->errorHandler(2, 'Undefined varia...', 'C:\\xampp\\htdocs...', 719)
#1 C:\xampp\htdocs\kendaraan\system\CodeIgniter.php(832): App\Controllers\Admin\Transaksi->trans_add()
#2 C:\xampp\htdocs\kendaraan\system\CodeIgniter.php(419): CodeIgniter\CodeIgniter->runController(Object(App\Controllers\Admin\Transaksi))
#3 C:\xampp\htdocs\kendaraan\system\CodeIgniter.php(326): CodeIgniter\CodeIgniter->handleRequest(NULL, Object(Config\Cache), false)
#4 C:\xampp\htdocs\kendaraan\index.php(37): CodeIgniter\CodeIgniter->run()
#5 {main}
CRITICAL - 2024-05-13 09:33:14 --> Undefined variable $atas_nama
#0 C:\xampp\htdocs\kendaraan\app\Controllers\Admin\Transaksi.php(659): CodeIgniter\Debug\Exceptions->errorHandler(2, 'Undefined varia...', 'C:\\xampp\\htdocs...', 659)
#1 C:\xampp\htdocs\kendaraan\system\CodeIgniter.php(832): App\Controllers\Admin\Transaksi->trans_add()
#2 C:\xampp\htdocs\kendaraan\system\CodeIgniter.php(419): CodeIgniter\CodeIgniter->runController(Object(App\Controllers\Admin\Transaksi))
#3 C:\xampp\htdocs\kendaraan\system\CodeIgniter.php(326): CodeIgniter\CodeIgniter->handleRequest(NULL, Object(Config\Cache), false)
#4 C:\xampp\htdocs\kendaraan\index.php(37): CodeIgniter\CodeIgniter->run()
#5 {main}
CRITICAL - 2024-05-13 09:34:34 --> Undefined variable $atas_nama
#0 C:\xampp\htdocs\kendaraan\app\Controllers\Admin\Transaksi.php(659): CodeIgniter\Debug\Exceptions->errorHandler(2, 'Undefined varia...', 'C:\\xampp\\htdocs...', 659)
#1 C:\xampp\htdocs\kendaraan\system\CodeIgniter.php(832): App\Controllers\Admin\Transaksi->trans_add()
#2 C:\xampp\htdocs\kendaraan\system\CodeIgniter.php(419): CodeIgniter\CodeIgniter->runController(Object(App\Controllers\Admin\Transaksi))
#3 C:\xampp\htdocs\kendaraan\system\CodeIgniter.php(326): CodeIgniter\CodeIgniter->handleRequest(NULL, Object(Config\Cache), false)
#4 C:\xampp\htdocs\kendaraan\index.php(37): CodeIgniter\CodeIgniter->run()
#5 {main}
CRITICAL - 2024-05-13 10:10:48 --> Uninitialized string offset 1
#0 C:\xampp\htdocs\kendaraan\app\Controllers\Admin\Transaksi.php(656): CodeIgniter\Debug\Exceptions->errorHandler(2, 'Uninitialized s...', 'C:\\xampp\\htdocs...', 656)
#1 C:\xampp\htdocs\kendaraan\system\CodeIgniter.php(832): App\Controllers\Admin\Transaksi->trans_add()
#2 C:\xampp\htdocs\kendaraan\system\CodeIgniter.php(419): CodeIgniter\CodeIgniter->runController(Object(App\Controllers\Admin\Transaksi))
#3 C:\xampp\htdocs\kendaraan\system\CodeIgniter.php(326): CodeIgniter\CodeIgniter->handleRequest(NULL, Object(Config\Cache), false)
#4 C:\xampp\htdocs\kendaraan\index.php(37): CodeIgniter\CodeIgniter->run()
#5 {main}
CRITICAL - 2024-05-13 10:11:55 --> Uninitialized string offset 1
#0 C:\xampp\htdocs\kendaraan\app\Controllers\Admin\Transaksi.php(656): CodeIgniter\Debug\Exceptions->errorHandler(2, 'Uninitialized s...', 'C:\\xampp\\htdocs...', 656)
#1 C:\xampp\htdocs\kendaraan\system\CodeIgniter.php(832): App\Controllers\Admin\Transaksi->trans_add()
#2 C:\xampp\htdocs\kendaraan\system\CodeIgniter.php(419): CodeIgniter\CodeIgniter->runController(Object(App\Controllers\Admin\Transaksi))
#3 C:\xampp\htdocs\kendaraan\system\CodeIgniter.php(326): CodeIgniter\CodeIgniter->handleRequest(NULL, Object(Config\Cache), false)
#4 C:\xampp\htdocs\kendaraan\index.php(37): CodeIgniter\CodeIgniter->run()
#5 {main}
CRITICAL - 2024-05-13 10:51:10 --> whereIn() expects $values to be of type array or closure
#0 C:\xampp\htdocs\kendaraan\system\Database\BaseBuilder.php(731): CodeIgniter\Database\BaseBuilder->_whereIn('nama_pengguna', 'Anton Setiyono', false, 'AND ', NULL)
#1 C:\xampp\htdocs\kendaraan\system\Model.php(728): CodeIgniter\Database\BaseBuilder->whereIn('nama_pengguna', 'Anton Setiyono')
#2 C:\xampp\htdocs\kendaraan\app\Controllers\Admin\Transaksi.php(522): CodeIgniter\Model->__call('whereIn', Array)
#3 C:\xampp\htdocs\kendaraan\system\CodeIgniter.php(832): App\Controllers\Admin\Transaksi->trans_add()
#4 C:\xampp\htdocs\kendaraan\system\CodeIgniter.php(419): CodeIgniter\CodeIgniter->runController(Object(App\Controllers\Admin\Transaksi))
#5 C:\xampp\htdocs\kendaraan\system\CodeIgniter.php(326): CodeIgniter\CodeIgniter->handleRequest(NULL, Object(Config\Cache), false)
#6 C:\xampp\htdocs\kendaraan\index.php(37): CodeIgniter\CodeIgniter->run()
#7 {main}
CRITICAL - 2024-05-13 10:55:26 --> whereIn() expects $values to be of type array or closure
#0 C:\xampp\htdocs\kendaraan\system\Database\BaseBuilder.php(731): CodeIgniter\Database\BaseBuilder->_whereIn('nama_pengguna', 'Anton Setiyono', false, 'AND ', NULL)
#1 C:\xampp\htdocs\kendaraan\system\Model.php(728): CodeIgniter\Database\BaseBuilder->whereIn('nama_pengguna', 'Anton Setiyono')
#2 C:\xampp\htdocs\kendaraan\app\Controllers\Admin\Transaksi.php(531): CodeIgniter\Model->__call('whereIn', Array)
#3 C:\xampp\htdocs\kendaraan\system\CodeIgniter.php(832): App\Controllers\Admin\Transaksi->trans_add()
#4 C:\xampp\htdocs\kendaraan\system\CodeIgniter.php(419): CodeIgniter\CodeIgniter->runController(Object(App\Controllers\Admin\Transaksi))
#5 C:\xampp\htdocs\kendaraan\system\CodeIgniter.php(326): CodeIgniter\CodeIgniter->handleRequest(NULL, Object(Config\Cache), false)
#6 C:\xampp\htdocs\kendaraan\index.php(37): CodeIgniter\CodeIgniter->run()
#7 {main}
CRITICAL - 2024-05-13 11:42:51 --> whereIn() expects $values to be of type array or closure
#0 C:\xampp\htdocs\kendaraan\system\Database\BaseBuilder.php(731): CodeIgniter\Database\BaseBuilder->_whereIn('nama_pengguna', 'Anton Setiyono', false, 'AND ', NULL)
#1 C:\xampp\htdocs\kendaraan\system\Model.php(728): CodeIgniter\Database\BaseBuilder->whereIn('nama_pengguna', 'Anton Setiyono')
#2 C:\xampp\htdocs\kendaraan\app\Controllers\Admin\Transaksi.php(528): CodeIgniter\Model->__call('whereIn', Array)
#3 C:\xampp\htdocs\kendaraan\system\CodeIgniter.php(832): App\Controllers\Admin\Transaksi->trans_add()
#4 C:\xampp\htdocs\kendaraan\system\CodeIgniter.php(419): CodeIgniter\CodeIgniter->runController(Object(App\Controllers\Admin\Transaksi))
#5 C:\xampp\htdocs\kendaraan\system\CodeIgniter.php(326): CodeIgniter\CodeIgniter->handleRequest(NULL, Object(Config\Cache), false)
#6 C:\xampp\htdocs\kendaraan\index.php(37): CodeIgniter\CodeIgniter->run()
#7 {main}
CRITICAL - 2024-05-13 11:57:42 --> array_unique(): Argument #1 ($array) must be of type array, string given
#0 C:\xampp\htdocs\kendaraan\app\Controllers\Admin\Transaksi.php(531): array_unique('anton_setiyono@...')
#1 C:\xampp\htdocs\kendaraan\system\CodeIgniter.php(832): App\Controllers\Admin\Transaksi->trans_add()
#2 C:\xampp\htdocs\kendaraan\system\CodeIgniter.php(419): CodeIgniter\CodeIgniter->runController(Object(App\Controllers\Admin\Transaksi))
#3 C:\xampp\htdocs\kendaraan\system\CodeIgniter.php(326): CodeIgniter\CodeIgniter->handleRequest(NULL, Object(Config\Cache), false)
#4 C:\xampp\htdocs\kendaraan\index.php(37): CodeIgniter\CodeIgniter->run()
#5 {main}
CRITICAL - 2024-05-13 11:58:10 --> array_unique(): Argument #1 ($array) must be of type array, string given
#0 C:\xampp\htdocs\kendaraan\app\Controllers\Admin\Transaksi.php(531): array_unique('anton_setiyono@...')
#1 C:\xampp\htdocs\kendaraan\system\CodeIgniter.php(832): App\Controllers\Admin\Transaksi->trans_add()
#2 C:\xampp\htdocs\kendaraan\system\CodeIgniter.php(419): CodeIgniter\CodeIgniter->runController(Object(App\Controllers\Admin\Transaksi))
#3 C:\xampp\htdocs\kendaraan\system\CodeIgniter.php(326): CodeIgniter\CodeIgniter->handleRequest(NULL, Object(Config\Cache), false)
#4 C:\xampp\htdocs\kendaraan\index.php(37): CodeIgniter\CodeIgniter->run()
#5 {main}
CRITICAL - 2024-05-13 12:01:50 --> Array to string conversion
#0 [internal function]: CodeIgniter\Debug\Exceptions->errorHandler(2, 'Array to string...', 'C:\\xampp\\htdocs...', 529)
#1 C:\xampp\htdocs\kendaraan\app\Controllers\Admin\Transaksi.php(529): array_unique(Array)
#2 C:\xampp\htdocs\kendaraan\system\CodeIgniter.php(832): App\Controllers\Admin\Transaksi->trans_add()
#3 C:\xampp\htdocs\kendaraan\system\CodeIgniter.php(419): CodeIgniter\CodeIgniter->runController(Object(App\Controllers\Admin\Transaksi))
#4 C:\xampp\htdocs\kendaraan\system\CodeIgniter.php(326): CodeIgniter\CodeIgniter->handleRequest(NULL, Object(Config\Cache), false)
#5 C:\xampp\htdocs\kendaraan\index.php(37): CodeIgniter\CodeIgniter->run()
#6 {main}
CRITICAL - 2024-05-13 12:02:12 --> Array to string conversion
#0 [internal function]: CodeIgniter\Debug\Exceptions->errorHandler(2, 'Array to string...', 'C:\\xampp\\htdocs...', 529)
#1 C:\xampp\htdocs\kendaraan\app\Controllers\Admin\Transaksi.php(529): array_unique(Array)
#2 C:\xampp\htdocs\kendaraan\system\CodeIgniter.php(832): App\Controllers\Admin\Transaksi->trans_add()
#3 C:\xampp\htdocs\kendaraan\system\CodeIgniter.php(419): CodeIgniter\CodeIgniter->runController(Object(App\Controllers\Admin\Transaksi))
#4 C:\xampp\htdocs\kendaraan\system\CodeIgniter.php(326): CodeIgniter\CodeIgniter->handleRequest(NULL, Object(Config\Cache), false)
#5 C:\xampp\htdocs\kendaraan\index.php(37): CodeIgniter\CodeIgniter->run()
#6 {main}
CRITICAL - 2024-05-13 13:03:18 --> Call to undefined method App\Models\PenggunaModel::unique
#0 C:\xampp\htdocs\kendaraan\app\Controllers\Admin\Transaksi.php(528): CodeIgniter\Model->__call('unique', Array)
#1 C:\xampp\htdocs\kendaraan\system\CodeIgniter.php(832): App\Controllers\Admin\Transaksi->trans_add()
#2 C:\xampp\htdocs\kendaraan\system\CodeIgniter.php(419): CodeIgniter\CodeIgniter->runController(Object(App\Controllers\Admin\Transaksi))
#3 C:\xampp\htdocs\kendaraan\system\CodeIgniter.php(326): CodeIgniter\CodeIgniter->handleRequest(NULL, Object(Config\Cache), false)
#4 C:\xampp\htdocs\kendaraan\index.php(37): CodeIgniter\CodeIgniter->run()
#5 {main}
CRITICAL - 2024-05-13 14:23:30 --> Cannot use [] for reading
#0 C:\xampp\htdocs\kendaraan\system\CodeIgniter.php(832): App\Controllers\Admin\Transaksi->trans_add()
#1 C:\xampp\htdocs\kendaraan\system\CodeIgniter.php(419): CodeIgniter\CodeIgniter->runController(Object(App\Controllers\Admin\Transaksi))
#2 C:\xampp\htdocs\kendaraan\system\CodeIgniter.php(326): CodeIgniter\CodeIgniter->handleRequest(NULL, Object(Config\Cache), false)
#3 C:\xampp\htdocs\kendaraan\index.php(37): CodeIgniter\CodeIgniter->run()
#4 {main}
CRITICAL - 2024-05-13 14:30:25 --> Undefined array key 0
#0 C:\xampp\htdocs\kendaraan\app\Controllers\Admin\Transaksi.php(640): CodeIgniter\Debug\Exceptions->errorHandler(2, 'Undefined array...', 'C:\\xampp\\htdocs...', 640)
#1 C:\xampp\htdocs\kendaraan\system\CodeIgniter.php(832): App\Controllers\Admin\Transaksi->trans_add()
#2 C:\xampp\htdocs\kendaraan\system\CodeIgniter.php(419): CodeIgniter\CodeIgniter->runController(Object(App\Controllers\Admin\Transaksi))
#3 C:\xampp\htdocs\kendaraan\system\CodeIgniter.php(326): CodeIgniter\CodeIgniter->handleRequest(NULL, Object(Config\Cache), false)
#4 C:\xampp\htdocs\kendaraan\index.php(37): CodeIgniter\CodeIgniter->run()
#5 {main}
CRITICAL - 2024-05-13 14:42:28 --> Undefined array key "pic"
#0 C:\xampp\htdocs\kendaraan\app\Controllers\Admin\Transaksi.php(1053): CodeIgniter\Debug\Exceptions->errorHandler(2, 'Undefined array...', 'C:\\xampp\\htdocs...', 1053)
#1 C:\xampp\htdocs\kendaraan\system\CodeIgniter.php(832): App\Controllers\Admin\Transaksi->trans_add()
#2 C:\xampp\htdocs\kendaraan\system\CodeIgniter.php(419): CodeIgniter\CodeIgniter->runController(Object(App\Controllers\Admin\Transaksi))
#3 C:\xampp\htdocs\kendaraan\system\CodeIgniter.php(326): CodeIgniter\CodeIgniter->handleRequest(NULL, Object(Config\Cache), false)
#4 C:\xampp\htdocs\kendaraan\index.php(37): CodeIgniter\CodeIgniter->run()
#5 {main}
CRITICAL - 2024-05-13 14:56:09 --> Undefined array key 2
#0 C:\xampp\htdocs\kendaraan\app\Controllers\Admin\Transaksi.php(520): CodeIgniter\Debug\Exceptions->errorHandler(2, 'Undefined array...', 'C:\\xampp\\htdocs...', 520)
#1 C:\xampp\htdocs\kendaraan\system\CodeIgniter.php(832): App\Controllers\Admin\Transaksi->trans_add()
#2 C:\xampp\htdocs\kendaraan\system\CodeIgniter.php(419): CodeIgniter\CodeIgniter->runController(Object(App\Controllers\Admin\Transaksi))
#3 C:\xampp\htdocs\kendaraan\system\CodeIgniter.php(326): CodeIgniter\CodeIgniter->handleRequest(NULL, Object(Config\Cache), false)
#4 C:\xampp\htdocs\kendaraan\index.php(37): CodeIgniter\CodeIgniter->run()
#5 {main}
CRITICAL - 2024-05-13 15:08:59 --> key(): Argument #1 ($array) must be of type array, int given
#0 C:\xampp\htdocs\kendaraan\app\Controllers\Admin\Transaksi.php(642): key(12)
#1 [internal function]: App\Controllers\Admin\Transaksi->App\Controllers\Admin\{closure}(12)
#2 C:\xampp\htdocs\kendaraan\app\Controllers\Admin\Transaksi.php(641): array_map(Object(Closure), Array)
#3 C:\xampp\htdocs\kendaraan\system\CodeIgniter.php(832): App\Controllers\Admin\Transaksi->trans_add()
#4 C:\xampp\htdocs\kendaraan\system\CodeIgniter.php(419): CodeIgniter\CodeIgniter->runController(Object(App\Controllers\Admin\Transaksi))
#5 C:\xampp\htdocs\kendaraan\system\CodeIgniter.php(326): CodeIgniter\CodeIgniter->handleRequest(NULL, Object(Config\Cache), false)
#6 C:\xampp\htdocs\kendaraan\index.php(37): CodeIgniter\CodeIgniter->run()
#7 {main}
CRITICAL - 2024-05-13 15:18:50 --> key(): Argument #1 ($array) must be of type array, int given
#0 C:\xampp\htdocs\kendaraan\app\Controllers\Admin\Transaksi.php(642): key(12)
#1 [internal function]: App\Controllers\Admin\Transaksi->App\Controllers\Admin\{closure}(12)
#2 C:\xampp\htdocs\kendaraan\app\Controllers\Admin\Transaksi.php(641): array_map(Object(Closure), Array)
#3 C:\xampp\htdocs\kendaraan\system\CodeIgniter.php(832): App\Controllers\Admin\Transaksi->trans_add()
#4 C:\xampp\htdocs\kendaraan\system\CodeIgniter.php(419): CodeIgniter\CodeIgniter->runController(Object(App\Controllers\Admin\Transaksi))
#5 C:\xampp\htdocs\kendaraan\system\CodeIgniter.php(326): CodeIgniter\CodeIgniter->handleRequest(NULL, Object(Config\Cache), false)
#6 C:\xampp\htdocs\kendaraan\index.php(37): CodeIgniter\CodeIgniter->run()
#7 {main}
CRITICAL - 2024-05-13 15:19:34 --> Undefined array key 0
#0 C:\xampp\htdocs\kendaraan\app\Controllers\Admin\Transaksi.php(640): CodeIgniter\Debug\Exceptions->errorHandler(2, 'Undefined array...', 'C:\\xampp\\htdocs...', 640)
#1 C:\xampp\htdocs\kendaraan\system\CodeIgniter.php(832): App\Controllers\Admin\Transaksi->trans_add()
#2 C:\xampp\htdocs\kendaraan\system\CodeIgniter.php(419): CodeIgniter\CodeIgniter->runController(Object(App\Controllers\Admin\Transaksi))
#3 C:\xampp\htdocs\kendaraan\system\CodeIgniter.php(326): CodeIgniter\CodeIgniter->handleRequest(NULL, Object(Config\Cache), false)
#4 C:\xampp\htdocs\kendaraan\index.php(37): CodeIgniter\CodeIgniter->run()
#5 {main}
CRITICAL - 2024-05-13 15:21:55 --> CodeIgniter\BaseModel::doProtectFields(): Argument #1 ($data) must be of type array, int given, called in C:\xampp\htdocs\kendaraan\system\BaseModel.php on line 799
#0 C:\xampp\htdocs\kendaraan\system\BaseModel.php(799): CodeIgniter\BaseModel->doProtectFields(12)
#1 C:\xampp\htdocs\kendaraan\app\Controllers\Admin\Transaksi.php(684): CodeIgniter\BaseModel->insertBatch(Array)
#2 C:\xampp\htdocs\kendaraan\system\CodeIgniter.php(832): App\Controllers\Admin\Transaksi->trans_add()
#3 C:\xampp\htdocs\kendaraan\system\CodeIgniter.php(419): CodeIgniter\CodeIgniter->runController(Object(App\Controllers\Admin\Transaksi))
#4 C:\xampp\htdocs\kendaraan\system\CodeIgniter.php(326): CodeIgniter\CodeIgniter->handleRequest(NULL, Object(Config\Cache), false)
#5 C:\xampp\htdocs\kendaraan\index.php(37): CodeIgniter\CodeIgniter->run()
#6 {main}
CRITICAL - 2024-05-13 15:57:58 --> Undefined array key "nama"
#0 C:\xampp\htdocs\kendaraan\app\Controllers\Admin\Transaksi.php(503): CodeIgniter\Debug\Exceptions->errorHandler(2, 'Undefined array...', 'C:\\xampp\\htdocs...', 503)
#1 C:\xampp\htdocs\kendaraan\system\CodeIgniter.php(832): App\Controllers\Admin\Transaksi->trans_add()
#2 C:\xampp\htdocs\kendaraan\system\CodeIgniter.php(419): CodeIgniter\CodeIgniter->runController(Object(App\Controllers\Admin\Transaksi))
#3 C:\xampp\htdocs\kendaraan\system\CodeIgniter.php(326): CodeIgniter\CodeIgniter->handleRequest(NULL, Object(Config\Cache), false)
#4 C:\xampp\htdocs\kendaraan\index.php(37): CodeIgniter\CodeIgniter->run()
#5 {main}
