CRITICAL - 2024-06-14 08:22:29 --> Undefined array key "nama_jabatan"
#0 C:\xampp\htdocs\kendaraan\app\Views\transaksi\v_edit_tiket.php(162): CodeIgniter\Debug\Exceptions->errorHandler(2, 'Undefined array...', 'C:\\xampp\\htdocs...', 162)
#1 C:\xampp\htdocs\kendaraan\system\View\View.php(210): include('C:\\xampp\\htdocs...')
#2 C:\xampp\htdocs\kendaraan\system\View\View.php(213): CodeIgniter\View\View->CodeIgniter\View\{closure}()
#3 C:\xampp\htdocs\kendaraan\system\Common.php(1089): CodeIgniter\View\View->render('transaksi/v_edi...', Array, true)
#4 C:\xampp\htdocs\kendaraan\app\Controllers\Admin\Transaksi.php(5720): view('transaksi/v_edi...', Array)
#5 C:\xampp\htdocs\kendaraan\system\CodeIgniter.php(832): App\Controllers\Admin\Transaksi->edit_tiket('2', '1', '')
#6 C:\xampp\htdocs\kendaraan\system\CodeIgniter.php(419): CodeIgniter\CodeIgniter->runController(Object(App\Controllers\Admin\Transaksi))
#7 C:\xampp\htdocs\kendaraan\system\CodeIgniter.php(326): CodeIgniter\CodeIgniter->handleRequest(NULL, Object(Config\Cache), false)
#8 C:\xampp\htdocs\kendaraan\index.php(37): CodeIgniter\CodeIgniter->run()
#9 {main}
ERROR - 2024-06-14 08:24:32 --> Unknown column 'nama_jabatan' in 'field list'
CRITICAL - 2024-06-14 08:24:32 --> Unknown column 'nama_jabatan' in 'field list'
#0 C:\xampp\htdocs\kendaraan\system\Database\MySQLi\Connection.php(292): mysqli->query('SELECT `detail_...', 0)
#1 C:\xampp\htdocs\kendaraan\system\Database\BaseConnection.php(670): CodeIgniter\Database\MySQLi\Connection->execute('SELECT `detail_...')
#2 C:\xampp\htdocs\kendaraan\system\Database\BaseConnection.php(598): CodeIgniter\Database\BaseConnection->simpleQuery('SELECT `detail_...')
#3 C:\xampp\htdocs\kendaraan\system\Database\BaseBuilder.php(1455): CodeIgniter\Database\BaseConnection->query('SELECT `detail_...', Array, false)
#4 C:\xampp\htdocs\kendaraan\system\Model.php(183): CodeIgniter\Database\BaseBuilder->get()
#5 C:\xampp\htdocs\kendaraan\system\BaseModel.php(584): CodeIgniter\Model->doFindAll(0, 0)
#6 C:\xampp\htdocs\kendaraan\app\Controllers\Admin\Transaksi.php(5684): CodeIgniter\BaseModel->findAll()
#7 C:\xampp\htdocs\kendaraan\system\CodeIgniter.php(832): App\Controllers\Admin\Transaksi->edit_tiket('2', '1', '')
#8 C:\xampp\htdocs\kendaraan\system\CodeIgniter.php(419): CodeIgniter\CodeIgniter->runController(Object(App\Controllers\Admin\Transaksi))
#9 C:\xampp\htdocs\kendaraan\system\CodeIgniter.php(326): CodeIgniter\CodeIgniter->handleRequest(NULL, Object(Config\Cache), false)
#10 C:\xampp\htdocs\kendaraan\index.php(37): CodeIgniter\CodeIgniter->run()
#11 {main}
ERROR - 2024-06-14 08:24:55 --> Column 'id_bagian' in where clause is ambiguous
CRITICAL - 2024-06-14 08:24:55 --> Column 'id_bagian' in where clause is ambiguous
#0 C:\xampp\htdocs\kendaraan\system\Database\MySQLi\Connection.php(292): mysqli->query('SELECT `detail_...', 0)
#1 C:\xampp\htdocs\kendaraan\system\Database\BaseConnection.php(670): CodeIgniter\Database\MySQLi\Connection->execute('SELECT `detail_...')
#2 C:\xampp\htdocs\kendaraan\system\Database\BaseConnection.php(598): CodeIgniter\Database\BaseConnection->simpleQuery('SELECT `detail_...')
#3 C:\xampp\htdocs\kendaraan\system\Database\BaseBuilder.php(1455): CodeIgniter\Database\BaseConnection->query('SELECT `detail_...', Array, false)
#4 C:\xampp\htdocs\kendaraan\system\Model.php(183): CodeIgniter\Database\BaseBuilder->get()
#5 C:\xampp\htdocs\kendaraan\system\BaseModel.php(584): CodeIgniter\Model->doFindAll(0, 0)
#6 C:\xampp\htdocs\kendaraan\app\Controllers\Admin\Transaksi.php(5684): CodeIgniter\BaseModel->findAll()
#7 C:\xampp\htdocs\kendaraan\system\CodeIgniter.php(832): App\Controllers\Admin\Transaksi->edit_tiket('2', '1', '')
#8 C:\xampp\htdocs\kendaraan\system\CodeIgniter.php(419): CodeIgniter\CodeIgniter->runController(Object(App\Controllers\Admin\Transaksi))
#9 C:\xampp\htdocs\kendaraan\system\CodeIgniter.php(326): CodeIgniter\CodeIgniter->handleRequest(NULL, Object(Config\Cache), false)
#10 C:\xampp\htdocs\kendaraan\index.php(37): CodeIgniter\CodeIgniter->run()
#11 {main}
ERROR - 2024-06-14 08:25:03 --> Column 'id_bagian' in where clause is ambiguous
CRITICAL - 2024-06-14 08:25:03 --> Column 'id_bagian' in where clause is ambiguous
#0 C:\xampp\htdocs\kendaraan\system\Database\MySQLi\Connection.php(292): mysqli->query('SELECT `detail_...', 0)
#1 C:\xampp\htdocs\kendaraan\system\Database\BaseConnection.php(670): CodeIgniter\Database\MySQLi\Connection->execute('SELECT `detail_...')
#2 C:\xampp\htdocs\kendaraan\system\Database\BaseConnection.php(598): CodeIgniter\Database\BaseConnection->simpleQuery('SELECT `detail_...')
#3 C:\xampp\htdocs\kendaraan\system\Database\BaseBuilder.php(1455): CodeIgniter\Database\BaseConnection->query('SELECT `detail_...', Array, false)
#4 C:\xampp\htdocs\kendaraan\system\Model.php(183): CodeIgniter\Database\BaseBuilder->get()
#5 C:\xampp\htdocs\kendaraan\system\BaseModel.php(584): CodeIgniter\Model->doFindAll(0, 0)
#6 C:\xampp\htdocs\kendaraan\app\Controllers\Admin\Transaksi.php(5684): CodeIgniter\BaseModel->findAll()
#7 C:\xampp\htdocs\kendaraan\system\CodeIgniter.php(832): App\Controllers\Admin\Transaksi->edit_tiket('2', '1', '')
#8 C:\xampp\htdocs\kendaraan\system\CodeIgniter.php(419): CodeIgniter\CodeIgniter->runController(Object(App\Controllers\Admin\Transaksi))
#9 C:\xampp\htdocs\kendaraan\system\CodeIgniter.php(326): CodeIgniter\CodeIgniter->handleRequest(NULL, Object(Config\Cache), false)
#10 C:\xampp\htdocs\kendaraan\index.php(37): CodeIgniter\CodeIgniter->run()
#11 {main}
CRITICAL - 2024-06-14 08:52:44 --> Undefined array key "jenis_kelamin"
#0 C:\xampp\htdocs\kendaraan\app\Controllers\Admin\Transaksi.php(5652): CodeIgniter\Debug\Exceptions->errorHandler(2, 'Undefined array...', 'C:\\xampp\\htdocs...', 5652)
#1 C:\xampp\htdocs\kendaraan\system\CodeIgniter.php(832): App\Controllers\Admin\Transaksi->edit_tiket('2', '1', '')
#2 C:\xampp\htdocs\kendaraan\system\CodeIgniter.php(419): CodeIgniter\CodeIgniter->runController(Object(App\Controllers\Admin\Transaksi))
#3 C:\xampp\htdocs\kendaraan\system\CodeIgniter.php(326): CodeIgniter\CodeIgniter->handleRequest(NULL, Object(Config\Cache), false)
#4 C:\xampp\htdocs\kendaraan\index.php(37): CodeIgniter\CodeIgniter->run()
#5 {main}
CRITICAL - 2024-06-14 09:08:09 --> Undefined array key 6
#0 C:\xampp\htdocs\kendaraan\app\Controllers\Admin\Transaksi.php(5663): CodeIgniter\Debug\Exceptions->errorHandler(2, 'Undefined array...', 'C:\\xampp\\htdocs...', 5663)
#1 C:\xampp\htdocs\kendaraan\system\CodeIgniter.php(832): App\Controllers\Admin\Transaksi->edit_tiket('2', '1', '')
#2 C:\xampp\htdocs\kendaraan\system\CodeIgniter.php(419): CodeIgniter\CodeIgniter->runController(Object(App\Controllers\Admin\Transaksi))
#3 C:\xampp\htdocs\kendaraan\system\CodeIgniter.php(326): CodeIgniter\CodeIgniter->handleRequest(NULL, Object(Config\Cache), false)
#4 C:\xampp\htdocs\kendaraan\index.php(37): CodeIgniter\CodeIgniter->run()
#5 {main}
CRITICAL - 2024-06-14 09:08:22 --> Undefined array key 6
#0 C:\xampp\htdocs\kendaraan\app\Controllers\Admin\Transaksi.php(5663): CodeIgniter\Debug\Exceptions->errorHandler(2, 'Undefined array...', 'C:\\xampp\\htdocs...', 5663)
#1 C:\xampp\htdocs\kendaraan\system\CodeIgniter.php(832): App\Controllers\Admin\Transaksi->edit_tiket('2', '1', '')
#2 C:\xampp\htdocs\kendaraan\system\CodeIgniter.php(419): CodeIgniter\CodeIgniter->runController(Object(App\Controllers\Admin\Transaksi))
#3 C:\xampp\htdocs\kendaraan\system\CodeIgniter.php(326): CodeIgniter\CodeIgniter->handleRequest(NULL, Object(Config\Cache), false)
#4 C:\xampp\htdocs\kendaraan\index.php(37): CodeIgniter\CodeIgniter->run()
#5 {main}
CRITICAL - 2024-06-14 09:21:51 --> Undefined variable $atna_tik
#0 C:\xampp\htdocs\kendaraan\app\Views\transaksi\v_edit_tiket.php(176): CodeIgniter\Debug\Exceptions->errorHandler(2, 'Undefined varia...', 'C:\\xampp\\htdocs...', 176)
#1 C:\xampp\htdocs\kendaraan\system\View\View.php(210): include('C:\\xampp\\htdocs...')
#2 C:\xampp\htdocs\kendaraan\system\View\View.php(213): CodeIgniter\View\View->CodeIgniter\View\{closure}()
#3 C:\xampp\htdocs\kendaraan\system\Common.php(1089): CodeIgniter\View\View->render('transaksi/v_edi...', Array, true)
#4 C:\xampp\htdocs\kendaraan\app\Controllers\Admin\Transaksi.php(5738): view('transaksi/v_edi...', Array)
#5 C:\xampp\htdocs\kendaraan\system\CodeIgniter.php(832): App\Controllers\Admin\Transaksi->edit_tiket('4', '2', '')
#6 C:\xampp\htdocs\kendaraan\system\CodeIgniter.php(419): CodeIgniter\CodeIgniter->runController(Object(App\Controllers\Admin\Transaksi))
#7 C:\xampp\htdocs\kendaraan\system\CodeIgniter.php(326): CodeIgniter\CodeIgniter->handleRequest(NULL, Object(Config\Cache), false)
#8 C:\xampp\htdocs\kendaraan\index.php(37): CodeIgniter\CodeIgniter->run()
#9 {main}
CRITICAL - 2024-06-14 09:22:35 --> Undefined variable $array
#0 C:\xampp\htdocs\kendaraan\app\Controllers\Admin\Transaksi.php(5710): CodeIgniter\Debug\Exceptions->errorHandler(2, 'Undefined varia...', 'C:\\xampp\\htdocs...', 5710)
#1 C:\xampp\htdocs\kendaraan\system\CodeIgniter.php(832): App\Controllers\Admin\Transaksi->edit_tiket('4', '2', '')
#2 C:\xampp\htdocs\kendaraan\system\CodeIgniter.php(419): CodeIgniter\CodeIgniter->runController(Object(App\Controllers\Admin\Transaksi))
#3 C:\xampp\htdocs\kendaraan\system\CodeIgniter.php(326): CodeIgniter\CodeIgniter->handleRequest(NULL, Object(Config\Cache), false)
#4 C:\xampp\htdocs\kendaraan\index.php(37): CodeIgniter\CodeIgniter->run()
#5 {main}
CRITICAL - 2024-06-14 09:36:12 --> Undefined variable $tanggal_mess_ako
#0 C:\xampp\htdocs\kendaraan\app\Controllers\Admin\Transaksi.php(3693): CodeIgniter\Debug\Exceptions->errorHandler(2, 'Undefined varia...', 'C:\\xampp\\htdocs...', 3693)
#1 C:\xampp\htdocs\kendaraan\system\CodeIgniter.php(832): App\Controllers\Admin\Transaksi->trans_add()
#2 C:\xampp\htdocs\kendaraan\system\CodeIgniter.php(419): CodeIgniter\CodeIgniter->runController(Object(App\Controllers\Admin\Transaksi))
#3 C:\xampp\htdocs\kendaraan\system\CodeIgniter.php(326): CodeIgniter\CodeIgniter->handleRequest(NULL, Object(Config\Cache), false)
#4 C:\xampp\htdocs\kendaraan\index.php(37): CodeIgniter\CodeIgniter->run()
#5 {main}
CRITICAL - 2024-06-14 09:36:12 --> Undefined variable $tanggal_mess_ako
#0 C:\xampp\htdocs\kendaraan\app\Controllers\Admin\Transaksi.php(3693): CodeIgniter\Debug\Exceptions->errorHandler(2, 'Undefined varia...', 'C:\\xampp\\htdocs...', 3693)
#1 C:\xampp\htdocs\kendaraan\system\CodeIgniter.php(832): App\Controllers\Admin\Transaksi->trans_add()
#2 C:\xampp\htdocs\kendaraan\system\CodeIgniter.php(419): CodeIgniter\CodeIgniter->runController(Object(App\Controllers\Admin\Transaksi))
#3 C:\xampp\htdocs\kendaraan\system\CodeIgniter.php(326): CodeIgniter\CodeIgniter->handleRequest(NULL, Object(Config\Cache), false)
#4 C:\xampp\htdocs\kendaraan\index.php(37): CodeIgniter\CodeIgniter->run()
#5 {main}
CRITICAL - 2024-06-14 10:20:02 --> Undefined array key "jenis_kelamin"
#0 C:\xampp\htdocs\kendaraan\app\Controllers\Admin\Transaksi.php(7611): CodeIgniter\Debug\Exceptions->errorHandler(2, 'Undefined array...', 'C:\\xampp\\htdocs...', 7611)
#1 C:\xampp\htdocs\kendaraan\system\CodeIgniter.php(832): App\Controllers\Admin\Transaksi->edit_akomodasi('6', '5', '')
#2 C:\xampp\htdocs\kendaraan\system\CodeIgniter.php(419): CodeIgniter\CodeIgniter->runController(Object(App\Controllers\Admin\Transaksi))
#3 C:\xampp\htdocs\kendaraan\system\CodeIgniter.php(326): CodeIgniter\CodeIgniter->handleRequest(NULL, Object(Config\Cache), false)
#4 C:\xampp\htdocs\kendaraan\index.php(37): CodeIgniter\CodeIgniter->run()
#5 {main}
ERROR - 2024-06-14 10:20:21 --> Column 'id_bagian' in where clause is ambiguous
CRITICAL - 2024-06-14 10:20:21 --> Column 'id_bagian' in where clause is ambiguous
#0 C:\xampp\htdocs\kendaraan\system\Database\MySQLi\Connection.php(292): mysqli->query('SELECT `detail_...', 0)
#1 C:\xampp\htdocs\kendaraan\system\Database\BaseConnection.php(670): CodeIgniter\Database\MySQLi\Connection->execute('SELECT `detail_...')
#2 C:\xampp\htdocs\kendaraan\system\Database\BaseConnection.php(598): CodeIgniter\Database\BaseConnection->simpleQuery('SELECT `detail_...')
#3 C:\xampp\htdocs\kendaraan\system\Database\BaseBuilder.php(1455): CodeIgniter\Database\BaseConnection->query('SELECT `detail_...', Array, false)
#4 C:\xampp\htdocs\kendaraan\system\Model.php(183): CodeIgniter\Database\BaseBuilder->get()
#5 C:\xampp\htdocs\kendaraan\system\BaseModel.php(584): CodeIgniter\Model->doFindAll(0, 0)
#6 C:\xampp\htdocs\kendaraan\app\Controllers\Admin\Transaksi.php(7648): CodeIgniter\BaseModel->findAll()
#7 C:\xampp\htdocs\kendaraan\system\CodeIgniter.php(832): App\Controllers\Admin\Transaksi->edit_akomodasi('6', '5', '')
#8 C:\xampp\htdocs\kendaraan\system\CodeIgniter.php(419): CodeIgniter\CodeIgniter->runController(Object(App\Controllers\Admin\Transaksi))
#9 C:\xampp\htdocs\kendaraan\system\CodeIgniter.php(326): CodeIgniter\CodeIgniter->handleRequest(NULL, Object(Config\Cache), false)
#10 C:\xampp\htdocs\kendaraan\index.php(37): CodeIgniter\CodeIgniter->run()
#11 {main}
CRITICAL - 2024-06-14 10:20:36 --> Undefined variable $atas_nama_akomodasi
#0 C:\xampp\htdocs\kendaraan\app\Views\transaksi\v_edit_akomodasi.php(174): CodeIgniter\Debug\Exceptions->errorHandler(2, 'Undefined varia...', 'C:\\xampp\\htdocs...', 174)
#1 C:\xampp\htdocs\kendaraan\system\View\View.php(210): include('C:\\xampp\\htdocs...')
#2 C:\xampp\htdocs\kendaraan\system\View\View.php(213): CodeIgniter\View\View->CodeIgniter\View\{closure}()
#3 C:\xampp\htdocs\kendaraan\system\Common.php(1089): CodeIgniter\View\View->render('transaksi/v_edi...', Array, true)
#4 C:\xampp\htdocs\kendaraan\app\Controllers\Admin\Transaksi.php(7669): view('transaksi/v_edi...', Array)
#5 C:\xampp\htdocs\kendaraan\system\CodeIgniter.php(832): App\Controllers\Admin\Transaksi->edit_akomodasi('6', '5', '')
#6 C:\xampp\htdocs\kendaraan\system\CodeIgniter.php(419): CodeIgniter\CodeIgniter->runController(Object(App\Controllers\Admin\Transaksi))
#7 C:\xampp\htdocs\kendaraan\system\CodeIgniter.php(326): CodeIgniter\CodeIgniter->handleRequest(NULL, Object(Config\Cache), false)
#8 C:\xampp\htdocs\kendaraan\index.php(37): CodeIgniter\CodeIgniter->run()
#9 {main}
CRITICAL - 2024-06-14 10:22:11 --> Undefined variable $tik
#0 C:\xampp\htdocs\kendaraan\app\Views\transaksi\v_edit_akomodasi.php(173): CodeIgniter\Debug\Exceptions->errorHandler(2, 'Undefined varia...', 'C:\\xampp\\htdocs...', 173)
#1 C:\xampp\htdocs\kendaraan\system\View\View.php(210): include('C:\\xampp\\htdocs...')
#2 C:\xampp\htdocs\kendaraan\system\View\View.php(213): CodeIgniter\View\View->CodeIgniter\View\{closure}()
#3 C:\xampp\htdocs\kendaraan\system\Common.php(1089): CodeIgniter\View\View->render('transaksi/v_edi...', Array, true)
#4 C:\xampp\htdocs\kendaraan\app\Controllers\Admin\Transaksi.php(7669): view('transaksi/v_edi...', Array)
#5 C:\xampp\htdocs\kendaraan\system\CodeIgniter.php(832): App\Controllers\Admin\Transaksi->edit_akomodasi('6', '5', '')
#6 C:\xampp\htdocs\kendaraan\system\CodeIgniter.php(419): CodeIgniter\CodeIgniter->runController(Object(App\Controllers\Admin\Transaksi))
#7 C:\xampp\htdocs\kendaraan\system\CodeIgniter.php(326): CodeIgniter\CodeIgniter->handleRequest(NULL, Object(Config\Cache), false)
#8 C:\xampp\htdocs\kendaraan\index.php(37): CodeIgniter\CodeIgniter->run()
#9 {main}
CRITICAL - 2024-06-14 10:31:40 --> Undefined array key "pic"
#0 C:\xampp\htdocs\kendaraan\app\Controllers\Admin\Transaksi.php(7324): CodeIgniter\Debug\Exceptions->errorHandler(2, 'Undefined array...', 'C:\\xampp\\htdocs...', 7324)
#1 C:\xampp\htdocs\kendaraan\system\CodeIgniter.php(832): App\Controllers\Admin\Transaksi->edit_akomodasi('6', '5', '')
#2 C:\xampp\htdocs\kendaraan\system\CodeIgniter.php(419): CodeIgniter\CodeIgniter->runController(Object(App\Controllers\Admin\Transaksi))
#3 C:\xampp\htdocs\kendaraan\system\CodeIgniter.php(326): CodeIgniter\CodeIgniter->handleRequest(NULL, Object(Config\Cache), false)
#4 C:\xampp\htdocs\kendaraan\index.php(37): CodeIgniter\CodeIgniter->run()
#5 {main}
CRITICAL - 2024-06-14 10:33:12 --> Undefined variable $a
#0 C:\xampp\htdocs\kendaraan\app\Controllers\Admin\Transaksi.php(7327): CodeIgniter\Debug\Exceptions->errorHandler(2, 'Undefined varia...', 'C:\\xampp\\htdocs...', 7327)
#1 C:\xampp\htdocs\kendaraan\system\CodeIgniter.php(832): App\Controllers\Admin\Transaksi->edit_akomodasi('6', '5', '')
#2 C:\xampp\htdocs\kendaraan\system\CodeIgniter.php(419): CodeIgniter\CodeIgniter->runController(Object(App\Controllers\Admin\Transaksi))
#3 C:\xampp\htdocs\kendaraan\system\CodeIgniter.php(326): CodeIgniter\CodeIgniter->handleRequest(NULL, Object(Config\Cache), false)
#4 C:\xampp\htdocs\kendaraan\index.php(37): CodeIgniter\CodeIgniter->run()
#5 {main}
CRITICAL - 2024-06-14 10:33:55 --> Undefined array key "count"
#0 C:\xampp\htdocs\kendaraan\app\Controllers\Admin\Transaksi.php(7361): CodeIgniter\Debug\Exceptions->errorHandler(2, 'Undefined array...', 'C:\\xampp\\htdocs...', 7361)
#1 C:\xampp\htdocs\kendaraan\system\CodeIgniter.php(832): App\Controllers\Admin\Transaksi->edit_akomodasi('6', '5', '')
#2 C:\xampp\htdocs\kendaraan\system\CodeIgniter.php(419): CodeIgniter\CodeIgniter->runController(Object(App\Controllers\Admin\Transaksi))
#3 C:\xampp\htdocs\kendaraan\system\CodeIgniter.php(326): CodeIgniter\CodeIgniter->handleRequest(NULL, Object(Config\Cache), false)
#4 C:\xampp\htdocs\kendaraan\index.php(37): CodeIgniter\CodeIgniter->run()
#5 {main}
CRITICAL - 2024-06-14 10:38:16 --> Undefined variable $trans_ako
#0 C:\xampp\htdocs\kendaraan\app\Controllers\Admin\Transaksi.php(7669): CodeIgniter\Debug\Exceptions->errorHandler(2, 'Undefined varia...', 'C:\\xampp\\htdocs...', 7669)
#1 C:\xampp\htdocs\kendaraan\system\CodeIgniter.php(832): App\Controllers\Admin\Transaksi->edit_akomodasi('6', '5', '')
#2 C:\xampp\htdocs\kendaraan\system\CodeIgniter.php(419): CodeIgniter\CodeIgniter->runController(Object(App\Controllers\Admin\Transaksi))
#3 C:\xampp\htdocs\kendaraan\system\CodeIgniter.php(326): CodeIgniter\CodeIgniter->handleRequest(NULL, Object(Config\Cache), false)
#4 C:\xampp\htdocs\kendaraan\index.php(37): CodeIgniter\CodeIgniter->run()
#5 {main}
CRITICAL - 2024-06-14 11:11:52 --> Undefined variable $merged
#0 C:\xampp\htdocs\kendaraan\app\Views\transaksi\v_edit_akomodasi.php(524): CodeIgniter\Debug\Exceptions->errorHandler(2, 'Undefined varia...', 'C:\\xampp\\htdocs...', 524)
#1 C:\xampp\htdocs\kendaraan\system\View\View.php(210): include('C:\\xampp\\htdocs...')
#2 C:\xampp\htdocs\kendaraan\system\View\View.php(213): CodeIgniter\View\View->CodeIgniter\View\{closure}()
#3 C:\xampp\htdocs\kendaraan\system\Common.php(1089): CodeIgniter\View\View->render('transaksi/v_edi...', Array, true)
#4 C:\xampp\htdocs\kendaraan\app\Controllers\Admin\Transaksi.php(7789): view('transaksi/v_edi...', Array)
#5 C:\xampp\htdocs\kendaraan\system\CodeIgniter.php(832): App\Controllers\Admin\Transaksi->edit_akomodasi('11', '8', '')
#6 C:\xampp\htdocs\kendaraan\system\CodeIgniter.php(419): CodeIgniter\CodeIgniter->runController(Object(App\Controllers\Admin\Transaksi))
#7 C:\xampp\htdocs\kendaraan\system\CodeIgniter.php(326): CodeIgniter\CodeIgniter->handleRequest(NULL, Object(Config\Cache), false)
#8 C:\xampp\htdocs\kendaraan\index.php(37): CodeIgniter\CodeIgniter->run()
#9 {main}
CRITICAL - 2024-06-14 13:36:35 --> Undefined variable $tanggal_mess_ako
#0 C:\xampp\htdocs\kendaraan\app\Controllers\Admin\Transaksi.php(7693): CodeIgniter\Debug\Exceptions->errorHandler(2, 'Undefined varia...', 'C:\\xampp\\htdocs...', 7693)
#1 C:\xampp\htdocs\kendaraan\system\CodeIgniter.php(832): App\Controllers\Admin\Transaksi->edit_akomodasi('11', '8', '')
#2 C:\xampp\htdocs\kendaraan\system\CodeIgniter.php(419): CodeIgniter\CodeIgniter->runController(Object(App\Controllers\Admin\Transaksi))
#3 C:\xampp\htdocs\kendaraan\system\CodeIgniter.php(326): CodeIgniter\CodeIgniter->handleRequest(NULL, Object(Config\Cache), false)
#4 C:\xampp\htdocs\kendaraan\index.php(37): CodeIgniter\CodeIgniter->run()
#5 {main}
CRITICAL - 2024-06-14 13:37:25 --> Undefined variable $id_trans_mess
#0 C:\xampp\htdocs\kendaraan\app\Controllers\Admin\Transaksi.php(7494): CodeIgniter\Debug\Exceptions->errorHandler(2, 'Undefined varia...', 'C:\\xampp\\htdocs...', 7494)
#1 C:\xampp\htdocs\kendaraan\system\CodeIgniter.php(832): App\Controllers\Admin\Transaksi->edit_akomodasi('11', '8', '')
#2 C:\xampp\htdocs\kendaraan\system\CodeIgniter.php(419): CodeIgniter\CodeIgniter->runController(Object(App\Controllers\Admin\Transaksi))
#3 C:\xampp\htdocs\kendaraan\system\CodeIgniter.php(326): CodeIgniter\CodeIgniter->handleRequest(NULL, Object(Config\Cache), false)
#4 C:\xampp\htdocs\kendaraan\index.php(37): CodeIgniter\CodeIgniter->run()
#5 {main}
CRITICAL - 2024-06-14 14:01:46 --> Undefined variable $tanggal_mess_ako
#0 C:\xampp\htdocs\kendaraan\app\Controllers\Admin\Transaksi.php(7699): CodeIgniter\Debug\Exceptions->errorHandler(2, 'Undefined varia...', 'C:\\xampp\\htdocs...', 7699)
#1 C:\xampp\htdocs\kendaraan\system\CodeIgniter.php(832): App\Controllers\Admin\Transaksi->edit_akomodasi('8', '6', '')
#2 C:\xampp\htdocs\kendaraan\system\CodeIgniter.php(419): CodeIgniter\CodeIgniter->runController(Object(App\Controllers\Admin\Transaksi))
#3 C:\xampp\htdocs\kendaraan\system\CodeIgniter.php(326): CodeIgniter\CodeIgniter->handleRequest(NULL, Object(Config\Cache), false)
#4 C:\xampp\htdocs\kendaraan\index.php(37): CodeIgniter\CodeIgniter->run()
#5 {main}
ERROR - 2024-06-14 14:15:58 --> Unknown column 'personil_mess' in 'field list'
CRITICAL - 2024-06-14 14:15:58 --> Unknown column 'personil_mess' in 'field list'
#0 C:\xampp\htdocs\kendaraan\system\Database\MySQLi\Connection.php(292): mysqli->query('SELECT `id_pers...', 0)
#1 C:\xampp\htdocs\kendaraan\system\Database\BaseConnection.php(670): CodeIgniter\Database\MySQLi\Connection->execute('SELECT `id_pers...')
#2 C:\xampp\htdocs\kendaraan\system\Database\BaseConnection.php(598): CodeIgniter\Database\BaseConnection->simpleQuery('SELECT `id_pers...')
#3 C:\xampp\htdocs\kendaraan\system\Database\BaseBuilder.php(1455): CodeIgniter\Database\BaseConnection->query('SELECT `id_pers...', Array, false)
#4 C:\xampp\htdocs\kendaraan\system\Model.php(183): CodeIgniter\Database\BaseBuilder->get()
#5 C:\xampp\htdocs\kendaraan\system\BaseModel.php(584): CodeIgniter\Model->doFindAll(0, 0)
#6 C:\xampp\htdocs\kendaraan\app\Controllers\Admin\Transaksi.php(7444): CodeIgniter\BaseModel->findAll()
#7 C:\xampp\htdocs\kendaraan\system\CodeIgniter.php(832): App\Controllers\Admin\Transaksi->edit_akomodasi('11', '8', '')
#8 C:\xampp\htdocs\kendaraan\system\CodeIgniter.php(419): CodeIgniter\CodeIgniter->runController(Object(App\Controllers\Admin\Transaksi))
#9 C:\xampp\htdocs\kendaraan\system\CodeIgniter.php(326): CodeIgniter\CodeIgniter->handleRequest(NULL, Object(Config\Cache), false)
#10 C:\xampp\htdocs\kendaraan\index.php(37): CodeIgniter\CodeIgniter->run()
#11 {main}
CRITICAL - 2024-06-14 15:01:59 --> Undefined variable $ako
#0 C:\xampp\htdocs\kendaraan\app\Views\transaksi\v_edit_transportasi_antar.php(636): CodeIgniter\Debug\Exceptions->errorHandler(2, 'Undefined varia...', 'C:\\xampp\\htdocs...', 636)
#1 C:\xampp\htdocs\kendaraan\system\View\View.php(210): include('C:\\xampp\\htdocs...')
#2 C:\xampp\htdocs\kendaraan\system\View\View.php(213): CodeIgniter\View\View->CodeIgniter\View\{closure}()
#3 C:\xampp\htdocs\kendaraan\system\Common.php(1089): CodeIgniter\View\View->render('transaksi/v_edi...', Array, true)
#4 C:\xampp\htdocs\kendaraan\app\Controllers\Admin\Transaksi.php(8787): view('transaksi/v_edi...', Array)
#5 C:\xampp\htdocs\kendaraan\system\CodeIgniter.php(832): App\Controllers\Admin\Transaksi->edit_transportasi_antar('7', '3', '')
#6 C:\xampp\htdocs\kendaraan\system\CodeIgniter.php(419): CodeIgniter\CodeIgniter->runController(Object(App\Controllers\Admin\Transaksi))
#7 C:\xampp\htdocs\kendaraan\system\CodeIgniter.php(326): CodeIgniter\CodeIgniter->handleRequest(NULL, Object(Config\Cache), false)
#8 C:\xampp\htdocs\kendaraan\index.php(37): CodeIgniter\CodeIgniter->run()
#9 {main}
CRITICAL - 2024-06-14 15:45:58 --> Undefined array key "nama_jabatan"
#0 C:\xampp\htdocs\kendaraan\app\Views\transaksi\v_edit_transportasi_antar.php(162): CodeIgniter\Debug\Exceptions->errorHandler(2, 'Undefined array...', 'C:\\xampp\\htdocs...', 162)
#1 C:\xampp\htdocs\kendaraan\system\View\View.php(210): include('C:\\xampp\\htdocs...')
#2 C:\xampp\htdocs\kendaraan\system\View\View.php(213): CodeIgniter\View\View->CodeIgniter\View\{closure}()
#3 C:\xampp\htdocs\kendaraan\system\Common.php(1089): CodeIgniter\View\View->render('transaksi/v_edi...', Array, true)
#4 C:\xampp\htdocs\kendaraan\app\Controllers\Admin\Transaksi.php(8787): view('transaksi/v_edi...', Array)
#5 C:\xampp\htdocs\kendaraan\system\CodeIgniter.php(832): App\Controllers\Admin\Transaksi->edit_transportasi_antar('7', '3', '')
#6 C:\xampp\htdocs\kendaraan\system\CodeIgniter.php(419): CodeIgniter\CodeIgniter->runController(Object(App\Controllers\Admin\Transaksi))
#7 C:\xampp\htdocs\kendaraan\system\CodeIgniter.php(326): CodeIgniter\CodeIgniter->handleRequest(NULL, Object(Config\Cache), false)
#8 C:\xampp\htdocs\kendaraan\index.php(37): CodeIgniter\CodeIgniter->run()
#9 {main}
ERROR - 2024-06-14 15:49:35 --> Column 'id_bagian' in where clause is ambiguous
CRITICAL - 2024-06-14 15:49:35 --> Column 'id_bagian' in where clause is ambiguous
#0 C:\xampp\htdocs\kendaraan\system\Database\MySQLi\Connection.php(292): mysqli->query('SELECT `detail_...', 0)
#1 C:\xampp\htdocs\kendaraan\system\Database\BaseConnection.php(670): CodeIgniter\Database\MySQLi\Connection->execute('SELECT `detail_...')
#2 C:\xampp\htdocs\kendaraan\system\Database\BaseConnection.php(598): CodeIgniter\Database\BaseConnection->simpleQuery('SELECT `detail_...')
#3 C:\xampp\htdocs\kendaraan\system\Database\BaseBuilder.php(1455): CodeIgniter\Database\BaseConnection->query('SELECT `detail_...', Array, false)
#4 C:\xampp\htdocs\kendaraan\system\Model.php(183): CodeIgniter\Database\BaseBuilder->get()
#5 C:\xampp\htdocs\kendaraan\system\BaseModel.php(584): CodeIgniter\Model->doFindAll(0, 0)
#6 C:\xampp\htdocs\kendaraan\app\Controllers\Admin\Transaksi.php(8777): CodeIgniter\BaseModel->findAll()
#7 C:\xampp\htdocs\kendaraan\system\CodeIgniter.php(832): App\Controllers\Admin\Transaksi->edit_transportasi_antar('7', '3', '')
#8 C:\xampp\htdocs\kendaraan\system\CodeIgniter.php(419): CodeIgniter\CodeIgniter->runController(Object(App\Controllers\Admin\Transaksi))
#9 C:\xampp\htdocs\kendaraan\system\CodeIgniter.php(326): CodeIgniter\CodeIgniter->handleRequest(NULL, Object(Config\Cache), false)
#10 C:\xampp\htdocs\kendaraan\index.php(37): CodeIgniter\CodeIgniter->run()
#11 {main}
