CRITICAL - 2024-05-06 13:39:31 --> Undefined variable $jenis_kendaraan2
#0 C:\xampp\htdocs\kendaraan\app\Views\transaksi\v_set_driver.php(259): CodeIgniter\Debug\Exceptions->errorHandler(2, 'Undefined varia...', 'C:\\xampp\\htdocs...', 259)
#1 C:\xampp\htdocs\kendaraan\system\View\View.php(210): include('C:\\xampp\\htdocs...')
#2 C:\xampp\htdocs\kendaraan\system\View\View.php(213): CodeIgniter\View\View->CodeIgniter\View\{closure}()
#3 C:\xampp\htdocs\kendaraan\system\Common.php(1089): CodeIgniter\View\View->render('transaksi/v_set...', Array, true)
#4 C:\xampp\htdocs\kendaraan\app\Controllers\Admin\Transaksi.php(5518): view('transaksi/v_set...', Array)
#5 C:\xampp\htdocs\kendaraan\system\CodeIgniter.php(832): App\Controllers\Admin\Transaksi->set_driver('1', '1', '', '')
#6 C:\xampp\htdocs\kendaraan\system\CodeIgniter.php(419): CodeIgniter\CodeIgniter->runController(Object(App\Controllers\Admin\Transaksi))
#7 C:\xampp\htdocs\kendaraan\system\CodeIgniter.php(326): CodeIgniter\CodeIgniter->handleRequest(NULL, Object(Config\Cache), false)
#8 C:\xampp\htdocs\kendaraan\index.php(37): CodeIgniter\CodeIgniter->run()
#9 {main}
CRITICAL - 2024-05-06 13:46:18 --> Undefined array key "kapasitas_mobil"
#0 C:\xampp\htdocs\kendaraan\app\Views\transaksi\v_set_driver.php(274): CodeIgniter\Debug\Exceptions->errorHandler(2, 'Undefined array...', 'C:\\xampp\\htdocs...', 274)
#1 C:\xampp\htdocs\kendaraan\system\View\View.php(210): include('C:\\xampp\\htdocs...')
#2 C:\xampp\htdocs\kendaraan\system\View\View.php(213): CodeIgniter\View\View->CodeIgniter\View\{closure}()
#3 C:\xampp\htdocs\kendaraan\system\Common.php(1089): CodeIgniter\View\View->render('transaksi/v_set...', Array, true)
#4 C:\xampp\htdocs\kendaraan\app\Controllers\Admin\Transaksi.php(5518): view('transaksi/v_set...', Array)
#5 C:\xampp\htdocs\kendaraan\system\CodeIgniter.php(832): App\Controllers\Admin\Transaksi->set_driver('2', '2', '', '')
#6 C:\xampp\htdocs\kendaraan\system\CodeIgniter.php(419): CodeIgniter\CodeIgniter->runController(Object(App\Controllers\Admin\Transaksi))
#7 C:\xampp\htdocs\kendaraan\system\CodeIgniter.php(326): CodeIgniter\CodeIgniter->handleRequest(NULL, Object(Config\Cache), false)
#8 C:\xampp\htdocs\kendaraan\index.php(37): CodeIgniter\CodeIgniter->run()
#9 {main}
CRITICAL - 2024-05-06 13:57:51 --> Undefined variable $event
#0 C:\xampp\htdocs\kendaraan\app\Controllers\Admin\Transaksi.php(5500): CodeIgniter\Debug\Exceptions->errorHandler(2, 'Undefined varia...', 'C:\\xampp\\htdocs...', 5500)
#1 C:\xampp\htdocs\kendaraan\system\CodeIgniter.php(832): App\Controllers\Admin\Transaksi->set_driver('1', '1', '', '')
#2 C:\xampp\htdocs\kendaraan\system\CodeIgniter.php(419): CodeIgniter\CodeIgniter->runController(Object(App\Controllers\Admin\Transaksi))
#3 C:\xampp\htdocs\kendaraan\system\CodeIgniter.php(326): CodeIgniter\CodeIgniter->handleRequest(NULL, Object(Config\Cache), false)
#4 C:\xampp\htdocs\kendaraan\index.php(37): CodeIgniter\CodeIgniter->run()
#5 {main}
CRITICAL - 2024-05-06 13:58:23 --> Undefined variable $event
#0 C:\xampp\htdocs\kendaraan\app\Controllers\Admin\Transaksi.php(5345): CodeIgniter\Debug\Exceptions->errorHandler(2, 'Undefined varia...', 'C:\\xampp\\htdocs...', 5345)
#1 C:\xampp\htdocs\kendaraan\system\CodeIgniter.php(832): App\Controllers\Admin\Transaksi->loadData()
#2 C:\xampp\htdocs\kendaraan\system\CodeIgniter.php(419): CodeIgniter\CodeIgniter->runController(Object(App\Controllers\Admin\Transaksi))
#3 C:\xampp\htdocs\kendaraan\system\CodeIgniter.php(326): CodeIgniter\CodeIgniter->handleRequest(NULL, Object(Config\Cache), false)
#4 C:\xampp\htdocs\kendaraan\index.php(37): CodeIgniter\CodeIgniter->run()
#5 {main}
CRITICAL - 2024-05-06 13:58:24 --> Undefined variable $event
#0 C:\xampp\htdocs\kendaraan\app\Controllers\Admin\Transaksi.php(5345): CodeIgniter\Debug\Exceptions->errorHandler(2, 'Undefined varia...', 'C:\\xampp\\htdocs...', 5345)
#1 C:\xampp\htdocs\kendaraan\system\CodeIgniter.php(832): App\Controllers\Admin\Transaksi->loadData()
#2 C:\xampp\htdocs\kendaraan\system\CodeIgniter.php(419): CodeIgniter\CodeIgniter->runController(Object(App\Controllers\Admin\Transaksi))
#3 C:\xampp\htdocs\kendaraan\system\CodeIgniter.php(326): CodeIgniter\CodeIgniter->handleRequest(NULL, Object(Config\Cache), false)
#4 C:\xampp\htdocs\kendaraan\index.php(37): CodeIgniter\CodeIgniter->run()
#5 {main}
CRITICAL - 2024-05-06 13:58:33 --> Undefined variable $event
#0 C:\xampp\htdocs\kendaraan\app\Controllers\Admin\Transaksi.php(5345): CodeIgniter\Debug\Exceptions->errorHandler(2, 'Undefined varia...', 'C:\\xampp\\htdocs...', 5345)
#1 C:\xampp\htdocs\kendaraan\system\CodeIgniter.php(832): App\Controllers\Admin\Transaksi->loadData()
#2 C:\xampp\htdocs\kendaraan\system\CodeIgniter.php(419): CodeIgniter\CodeIgniter->runController(Object(App\Controllers\Admin\Transaksi))
#3 C:\xampp\htdocs\kendaraan\system\CodeIgniter.php(326): CodeIgniter\CodeIgniter->handleRequest(NULL, Object(Config\Cache), false)
#4 C:\xampp\htdocs\kendaraan\index.php(37): CodeIgniter\CodeIgniter->run()
#5 {main}
CRITICAL - 2024-05-06 13:59:06 --> Undefined variable $set_driver
#0 C:\xampp\htdocs\kendaraan\app\Controllers\Admin\Transaksi.php(5500): CodeIgniter\Debug\Exceptions->errorHandler(2, 'Undefined varia...', 'C:\\xampp\\htdocs...', 5500)
#1 C:\xampp\htdocs\kendaraan\system\CodeIgniter.php(832): App\Controllers\Admin\Transaksi->set_driver('1', '1', '', '')
#2 C:\xampp\htdocs\kendaraan\system\CodeIgniter.php(419): CodeIgniter\CodeIgniter->runController(Object(App\Controllers\Admin\Transaksi))
#3 C:\xampp\htdocs\kendaraan\system\CodeIgniter.php(326): CodeIgniter\CodeIgniter->handleRequest(NULL, Object(Config\Cache), false)
#4 C:\xampp\htdocs\kendaraan\index.php(37): CodeIgniter\CodeIgniter->run()
#5 {main}
CRITICAL - 2024-05-06 14:25:11 --> Trying to access array offset on value of type null
#0 C:\xampp\htdocs\kendaraan\app\Controllers\Admin\Transaksi.php(5507): CodeIgniter\Debug\Exceptions->errorHandler(2, 'Trying to acces...', 'C:\\xampp\\htdocs...', 5507)
#1 C:\xampp\htdocs\kendaraan\system\CodeIgniter.php(832): App\Controllers\Admin\Transaksi->set_driver('1', '1', '', '')
#2 C:\xampp\htdocs\kendaraan\system\CodeIgniter.php(419): CodeIgniter\CodeIgniter->runController(Object(App\Controllers\Admin\Transaksi))
#3 C:\xampp\htdocs\kendaraan\system\CodeIgniter.php(326): CodeIgniter\CodeIgniter->handleRequest(NULL, Object(Config\Cache), false)
#4 C:\xampp\htdocs\kendaraan\index.php(37): CodeIgniter\CodeIgniter->run()
#5 {main}
CRITICAL - 2024-05-06 14:26:09 --> Trying to access array offset on value of type null
#0 C:\xampp\htdocs\kendaraan\app\Controllers\Admin\Transaksi.php(5507): CodeIgniter\Debug\Exceptions->errorHandler(2, 'Trying to acces...', 'C:\\xampp\\htdocs...', 5507)
#1 C:\xampp\htdocs\kendaraan\system\CodeIgniter.php(832): App\Controllers\Admin\Transaksi->set_driver('1', '1', '', '')
#2 C:\xampp\htdocs\kendaraan\system\CodeIgniter.php(419): CodeIgniter\CodeIgniter->runController(Object(App\Controllers\Admin\Transaksi))
#3 C:\xampp\htdocs\kendaraan\system\CodeIgniter.php(326): CodeIgniter\CodeIgniter->handleRequest(NULL, Object(Config\Cache), false)
#4 C:\xampp\htdocs\kendaraan\index.php(37): CodeIgniter\CodeIgniter->run()
#5 {main}
