ERROR - 2024-03-28 08:07:08 --> Error connecting to the database: MySQL server has gone away
CRITICAL - 2024-03-28 08:07:08 --> Unable to connect to the database.
Main connection [MySQLi]: MySQL server has gone away
#0 C:\xampp\htdocs\kendaraan\system\Database\BaseConnection.php(577): CodeIgniter\Database\BaseConnection->initialize()
#1 C:\xampp\htdocs\kendaraan\system\Database\BaseBuilder.php(1455): CodeIgniter\Database\BaseConnection->query('SELECT `id_akom...', Array, false)
#2 C:\xampp\htdocs\kendaraan\system\Model.php(183): CodeIgniter\Database\BaseBuilder->get()
#3 C:\xampp\htdocs\kendaraan\system\BaseModel.php(584): CodeIgniter\Model->doFindAll(0, 0)
#4 C:\xampp\htdocs\kendaraan\app\Controllers\Admin\Admin.php(324): CodeIgniter\BaseModel->findAll()
#5 C:\xampp\htdocs\kendaraan\system\CodeIgniter.php(832): App\Controllers\Admin\Admin->sukses()
#6 C:\xampp\htdocs\kendaraan\system\CodeIgniter.php(419): CodeIgniter\CodeIgniter->runController(Object(App\Controllers\Admin\Admin))
#7 C:\xampp\htdocs\kendaraan\system\CodeIgniter.php(326): CodeIgniter\CodeIgniter->handleRequest(NULL, Object(Config\Cache), false)
#8 C:\xampp\htdocs\kendaraan\index.php(37): CodeIgniter\CodeIgniter->run()
#9 {main}
ERROR - 2024-03-28 08:07:36 --> Error connecting to the database: No connection could be made because the target machine actively refused it
CRITICAL - 2024-03-28 08:07:36 --> Unable to connect to the database.
Main connection [MySQLi]: No connection could be made because the target machine actively refused it
#0 C:\xampp\htdocs\kendaraan\system\Database\BaseConnection.php(577): CodeIgniter\Database\BaseConnection->initialize()
#1 C:\xampp\htdocs\kendaraan\system\Database\BaseBuilder.php(1455): CodeIgniter\Database\BaseConnection->query('SELECT `id_akom...', Array, false)
#2 C:\xampp\htdocs\kendaraan\system\Model.php(183): CodeIgniter\Database\BaseBuilder->get()
#3 C:\xampp\htdocs\kendaraan\system\BaseModel.php(584): CodeIgniter\Model->doFindAll(0, 0)
#4 C:\xampp\htdocs\kendaraan\app\Controllers\Admin\Admin.php(324): CodeIgniter\BaseModel->findAll()
#5 C:\xampp\htdocs\kendaraan\system\CodeIgniter.php(832): App\Controllers\Admin\Admin->sukses()
#6 C:\xampp\htdocs\kendaraan\system\CodeIgniter.php(419): CodeIgniter\CodeIgniter->runController(Object(App\Controllers\Admin\Admin))
#7 C:\xampp\htdocs\kendaraan\system\CodeIgniter.php(326): CodeIgniter\CodeIgniter->handleRequest(NULL, Object(Config\Cache), false)
#8 C:\xampp\htdocs\kendaraan\index.php(37): CodeIgniter\CodeIgniter->run()
#9 {main}
ERROR - 2024-03-28 09:52:04 --> Column 'tanggal_jam_tiket' in field list is ambiguous
CRITICAL - 2024-03-28 09:52:04 --> Column 'tanggal_jam_tiket' in field list is ambiguous
#0 C:\xampp\htdocs\kendaraan\system\Database\MySQLi\Connection.php(292): mysqli->query('SELECT `tiket`....', 0)
#1 C:\xampp\htdocs\kendaraan\system\Database\BaseConnection.php(670): CodeIgniter\Database\MySQLi\Connection->execute('SELECT `tiket`....')
#2 C:\xampp\htdocs\kendaraan\system\Database\BaseConnection.php(598): CodeIgniter\Database\BaseConnection->simpleQuery('SELECT `tiket`....')
#3 C:\xampp\htdocs\kendaraan\system\Database\BaseBuilder.php(1455): CodeIgniter\Database\BaseConnection->query('SELECT `tiket`....', Array, false)
#4 C:\xampp\htdocs\kendaraan\system\Model.php(183): CodeIgniter\Database\BaseBuilder->get()
#5 C:\xampp\htdocs\kendaraan\system\BaseModel.php(584): CodeIgniter\Model->doFindAll(0, 0)
#6 C:\xampp\htdocs\kendaraan\app\Controllers\Admin\Transaksi.php(126): CodeIgniter\BaseModel->findAll()
#7 C:\xampp\htdocs\kendaraan\system\CodeIgniter.php(832): App\Controllers\Admin\Transaksi->trans()
#8 C:\xampp\htdocs\kendaraan\system\CodeIgniter.php(419): CodeIgniter\CodeIgniter->runController(Object(App\Controllers\Admin\Transaksi))
#9 C:\xampp\htdocs\kendaraan\system\CodeIgniter.php(326): CodeIgniter\CodeIgniter->handleRequest(NULL, Object(Config\Cache), false)
#10 C:\xampp\htdocs\kendaraan\index.php(37): CodeIgniter\CodeIgniter->run()
#11 {main}
ERROR - 2024-03-28 09:52:58 --> Column 'tanggal_mobil' in field list is ambiguous
CRITICAL - 2024-03-28 09:52:58 --> Column 'tanggal_mobil' in field list is ambiguous
#0 C:\xampp\htdocs\kendaraan\system\Database\MySQLi\Connection.php(292): mysqli->query('SELECT `transpo...', 0)
#1 C:\xampp\htdocs\kendaraan\system\Database\BaseConnection.php(670): CodeIgniter\Database\MySQLi\Connection->execute('SELECT `transpo...')
#2 C:\xampp\htdocs\kendaraan\system\Database\BaseConnection.php(598): CodeIgniter\Database\BaseConnection->simpleQuery('SELECT `transpo...')
#3 C:\xampp\htdocs\kendaraan\system\Database\BaseBuilder.php(1455): CodeIgniter\Database\BaseConnection->query('SELECT `transpo...', Array, false)
#4 C:\xampp\htdocs\kendaraan\system\Model.php(183): CodeIgniter\Database\BaseBuilder->get()
#5 C:\xampp\htdocs\kendaraan\system\BaseModel.php(584): CodeIgniter\Model->doFindAll(0, 0)
#6 C:\xampp\htdocs\kendaraan\app\Controllers\Admin\Transaksi.php(130): CodeIgniter\BaseModel->findAll()
#7 C:\xampp\htdocs\kendaraan\system\CodeIgniter.php(832): App\Controllers\Admin\Transaksi->trans()
#8 C:\xampp\htdocs\kendaraan\system\CodeIgniter.php(419): CodeIgniter\CodeIgniter->runController(Object(App\Controllers\Admin\Transaksi))
#9 C:\xampp\htdocs\kendaraan\system\CodeIgniter.php(326): CodeIgniter\CodeIgniter->handleRequest(NULL, Object(Config\Cache), false)
#10 C:\xampp\htdocs\kendaraan\index.php(37): CodeIgniter\CodeIgniter->run()
#11 {main}
ERROR - 2024-03-28 09:55:00 --> Column 'tanggal_mobil' in where clause is ambiguous
CRITICAL - 2024-03-28 09:55:00 --> Column 'tanggal_mobil' in where clause is ambiguous
#0 C:\xampp\htdocs\kendaraan\system\Database\MySQLi\Connection.php(292): mysqli->query('SELECT `transpo...', 0)
#1 C:\xampp\htdocs\kendaraan\system\Database\BaseConnection.php(670): CodeIgniter\Database\MySQLi\Connection->execute('SELECT `transpo...')
#2 C:\xampp\htdocs\kendaraan\system\Database\BaseConnection.php(598): CodeIgniter\Database\BaseConnection->simpleQuery('SELECT `transpo...')
#3 C:\xampp\htdocs\kendaraan\system\Database\BaseBuilder.php(1455): CodeIgniter\Database\BaseConnection->query('SELECT `transpo...', Array, false)
#4 C:\xampp\htdocs\kendaraan\system\Model.php(183): CodeIgniter\Database\BaseBuilder->get()
#5 C:\xampp\htdocs\kendaraan\system\BaseModel.php(584): CodeIgniter\Model->doFindAll(0, 0)
#6 C:\xampp\htdocs\kendaraan\app\Controllers\Admin\Transaksi.php(132): CodeIgniter\BaseModel->findAll()
#7 C:\xampp\htdocs\kendaraan\system\CodeIgniter.php(832): App\Controllers\Admin\Transaksi->trans()
#8 C:\xampp\htdocs\kendaraan\system\CodeIgniter.php(419): CodeIgniter\CodeIgniter->runController(Object(App\Controllers\Admin\Transaksi))
#9 C:\xampp\htdocs\kendaraan\system\CodeIgniter.php(326): CodeIgniter\CodeIgniter->handleRequest(NULL, Object(Config\Cache), false)
#10 C:\xampp\htdocs\kendaraan\index.php(37): CodeIgniter\CodeIgniter->run()
#11 {main}
ERROR - 2024-03-28 09:55:01 --> Column 'tanggal_mobil' in where clause is ambiguous
CRITICAL - 2024-03-28 09:55:01 --> Column 'tanggal_mobil' in where clause is ambiguous
#0 C:\xampp\htdocs\kendaraan\system\Database\MySQLi\Connection.php(292): mysqli->query('SELECT `transpo...', 0)
#1 C:\xampp\htdocs\kendaraan\system\Database\BaseConnection.php(670): CodeIgniter\Database\MySQLi\Connection->execute('SELECT `transpo...')
#2 C:\xampp\htdocs\kendaraan\system\Database\BaseConnection.php(598): CodeIgniter\Database\BaseConnection->simpleQuery('SELECT `transpo...')
#3 C:\xampp\htdocs\kendaraan\system\Database\BaseBuilder.php(1455): CodeIgniter\Database\BaseConnection->query('SELECT `transpo...', Array, false)
#4 C:\xampp\htdocs\kendaraan\system\Model.php(183): CodeIgniter\Database\BaseBuilder->get()
#5 C:\xampp\htdocs\kendaraan\system\BaseModel.php(584): CodeIgniter\Model->doFindAll(0, 0)
#6 C:\xampp\htdocs\kendaraan\app\Controllers\Admin\Transaksi.php(132): CodeIgniter\BaseModel->findAll()
#7 C:\xampp\htdocs\kendaraan\system\CodeIgniter.php(832): App\Controllers\Admin\Transaksi->trans()
#8 C:\xampp\htdocs\kendaraan\system\CodeIgniter.php(419): CodeIgniter\CodeIgniter->runController(Object(App\Controllers\Admin\Transaksi))
#9 C:\xampp\htdocs\kendaraan\system\CodeIgniter.php(326): CodeIgniter\CodeIgniter->handleRequest(NULL, Object(Config\Cache), false)
#10 C:\xampp\htdocs\kendaraan\index.php(37): CodeIgniter\CodeIgniter->run()
#11 {main}
ERROR - 2024-03-28 10:03:04 --> Cannot add or update a child row: a foreign key constraint fails (`db_kendaraan`.`trans`, CONSTRAINT `trans_ibfk_3` FOREIGN KEY (`tanggal_jam_tiket`) REFERENCES `tiket` (`tanggal_jam_tiket`) ON DELETE CASCADE ON UPDATE CASCADE)
CRITICAL - 2024-03-28 10:03:04 --> Cannot add or update a child row: a foreign key constraint fails (`db_kendaraan`.`trans`, CONSTRAINT `trans_ibfk_3` FOREIGN KEY (`tanggal_jam_tiket`) REFERENCES `tiket` (`tanggal_jam_tiket`) ON DELETE CASCADE ON UPDATE CASCADE)
#0 C:\xampp\htdocs\kendaraan\system\Database\MySQLi\Connection.php(292): mysqli->query('INSERT INTO `tr...', 0)
#1 C:\xampp\htdocs\kendaraan\system\Database\BaseConnection.php(670): CodeIgniter\Database\MySQLi\Connection->execute('INSERT INTO `tr...')
#2 C:\xampp\htdocs\kendaraan\system\Database\BaseConnection.php(598): CodeIgniter\Database\BaseConnection->simpleQuery('INSERT INTO `tr...')
#3 C:\xampp\htdocs\kendaraan\system\Database\BaseBuilder.php(1648): CodeIgniter\Database\BaseConnection->query('INSERT INTO `tr...', NULL, false)
#4 C:\xampp\htdocs\kendaraan\system\Model.php(272): CodeIgniter\Database\BaseBuilder->insertBatch(Array, NULL, 100)
#5 C:\xampp\htdocs\kendaraan\system\BaseModel.php(814): CodeIgniter\Model->doInsertBatch(Array, NULL, 100, false)
#6 C:\xampp\htdocs\kendaraan\app\Controllers\Admin\Transaksi.php(364): CodeIgniter\BaseModel->insertBatch(Array)
#7 C:\xampp\htdocs\kendaraan\system\CodeIgniter.php(832): App\Controllers\Admin\Transaksi->trans_add()
#8 C:\xampp\htdocs\kendaraan\system\CodeIgniter.php(419): CodeIgniter\CodeIgniter->runController(Object(App\Controllers\Admin\Transaksi))
#9 C:\xampp\htdocs\kendaraan\system\CodeIgniter.php(326): CodeIgniter\CodeIgniter->handleRequest(NULL, Object(Config\Cache), false)
#10 C:\xampp\htdocs\kendaraan\index.php(37): CodeIgniter\CodeIgniter->run()
#11 {main}
ERROR - 2024-03-28 10:29:33 --> Column 'id_trans' in field list is ambiguous
CRITICAL - 2024-03-28 10:29:33 --> Column 'id_trans' in field list is ambiguous
#0 C:\xampp\htdocs\kendaraan\system\Database\MySQLi\Connection.php(292): mysqli->query('SELECT `id_tran...', 0)
#1 C:\xampp\htdocs\kendaraan\system\Database\BaseConnection.php(670): CodeIgniter\Database\MySQLi\Connection->execute('SELECT `id_tran...')
#2 C:\xampp\htdocs\kendaraan\system\Database\BaseConnection.php(598): CodeIgniter\Database\BaseConnection->simpleQuery('SELECT `id_tran...')
#3 C:\xampp\htdocs\kendaraan\system\Database\BaseBuilder.php(1455): CodeIgniter\Database\BaseConnection->query('SELECT `id_tran...', Array, false)
#4 C:\xampp\htdocs\kendaraan\system\Model.php(183): CodeIgniter\Database\BaseBuilder->get()
#5 C:\xampp\htdocs\kendaraan\system\BaseModel.php(584): CodeIgniter\Model->doFindAll(0, 0)
#6 C:\xampp\htdocs\kendaraan\app\Controllers\Admin\Transaksi.php(124): CodeIgniter\BaseModel->findAll()
#7 C:\xampp\htdocs\kendaraan\system\CodeIgniter.php(832): App\Controllers\Admin\Transaksi->trans()
#8 C:\xampp\htdocs\kendaraan\system\CodeIgniter.php(419): CodeIgniter\CodeIgniter->runController(Object(App\Controllers\Admin\Transaksi))
#9 C:\xampp\htdocs\kendaraan\system\CodeIgniter.php(326): CodeIgniter\CodeIgniter->handleRequest(NULL, Object(Config\Cache), false)
#10 C:\xampp\htdocs\kendaraan\index.php(37): CodeIgniter\CodeIgniter->run()
#11 {main}
ERROR - 2024-03-28 10:30:01 --> Column 'created_at' in field list is ambiguous
CRITICAL - 2024-03-28 10:30:01 --> Column 'created_at' in field list is ambiguous
#0 C:\xampp\htdocs\kendaraan\system\Database\MySQLi\Connection.php(292): mysqli->query('SELECT `trans`....', 0)
#1 C:\xampp\htdocs\kendaraan\system\Database\BaseConnection.php(670): CodeIgniter\Database\MySQLi\Connection->execute('SELECT `trans`....')
#2 C:\xampp\htdocs\kendaraan\system\Database\BaseConnection.php(598): CodeIgniter\Database\BaseConnection->simpleQuery('SELECT `trans`....')
#3 C:\xampp\htdocs\kendaraan\system\Database\BaseBuilder.php(1455): CodeIgniter\Database\BaseConnection->query('SELECT `trans`....', Array, false)
#4 C:\xampp\htdocs\kendaraan\system\Model.php(183): CodeIgniter\Database\BaseBuilder->get()
#5 C:\xampp\htdocs\kendaraan\system\BaseModel.php(584): CodeIgniter\Model->doFindAll(0, 0)
#6 C:\xampp\htdocs\kendaraan\app\Controllers\Admin\Transaksi.php(124): CodeIgniter\BaseModel->findAll()
#7 C:\xampp\htdocs\kendaraan\system\CodeIgniter.php(832): App\Controllers\Admin\Transaksi->trans()
#8 C:\xampp\htdocs\kendaraan\system\CodeIgniter.php(419): CodeIgniter\CodeIgniter->runController(Object(App\Controllers\Admin\Transaksi))
#9 C:\xampp\htdocs\kendaraan\system\CodeIgniter.php(326): CodeIgniter\CodeIgniter->handleRequest(NULL, Object(Config\Cache), false)
#10 C:\xampp\htdocs\kendaraan\index.php(37): CodeIgniter\CodeIgniter->run()
#11 {main}
ERROR - 2024-03-28 10:30:06 --> Unknown column 'tanggal_jam_keluar' in 'where clause'
CRITICAL - 2024-03-28 10:30:06 --> Unknown column 'tanggal_jam_keluar' in 'where clause'
#0 C:\xampp\htdocs\kendaraan\system\Database\MySQLi\Connection.php(292): mysqli->query('SELECT `trans`....', 0)
#1 C:\xampp\htdocs\kendaraan\system\Database\BaseConnection.php(670): CodeIgniter\Database\MySQLi\Connection->execute('SELECT `trans`....')
#2 C:\xampp\htdocs\kendaraan\system\Database\BaseConnection.php(598): CodeIgniter\Database\BaseConnection->simpleQuery('SELECT `trans`....')
#3 C:\xampp\htdocs\kendaraan\system\Database\BaseBuilder.php(1455): CodeIgniter\Database\BaseConnection->query('SELECT `trans`....', Array, false)
#4 C:\xampp\htdocs\kendaraan\system\Model.php(183): CodeIgniter\Database\BaseBuilder->get()
#5 C:\xampp\htdocs\kendaraan\system\BaseModel.php(584): CodeIgniter\Model->doFindAll(0, 0)
#6 C:\xampp\htdocs\kendaraan\app\Controllers\Admin\Transaksi.php(124): CodeIgniter\BaseModel->findAll()
#7 C:\xampp\htdocs\kendaraan\system\CodeIgniter.php(832): App\Controllers\Admin\Transaksi->trans()
#8 C:\xampp\htdocs\kendaraan\system\CodeIgniter.php(419): CodeIgniter\CodeIgniter->runController(Object(App\Controllers\Admin\Transaksi))
#9 C:\xampp\htdocs\kendaraan\system\CodeIgniter.php(326): CodeIgniter\CodeIgniter->handleRequest(NULL, Object(Config\Cache), false)
#10 C:\xampp\htdocs\kendaraan\index.php(37): CodeIgniter\CodeIgniter->run()
#11 {main}
ERROR - 2024-03-28 10:37:04 --> You have an error in your SQL syntax; check the manual that corresponds to your MariaDB server version for the right syntax to use near '> '2024-03-28'
OR `id_bagian` = '36'
AND `transportasi_jemput`.`tanggal_mobil...' at line 12
CRITICAL - 2024-03-28 10:37:04 --> You have an error in your SQL syntax; check the manual that corresponds to your MariaDB server version for the right syntax to use near '> '2024-03-28'
OR `id_bagian` = '36'
AND `transportasi_jemput`.`tanggal_mobil...' at line 12
#0 C:\xampp\htdocs\kendaraan\system\Database\MySQLi\Connection.php(292): mysqli->query('SELECT `trans`....', 0)
#1 C:\xampp\htdocs\kendaraan\system\Database\BaseConnection.php(670): CodeIgniter\Database\MySQLi\Connection->execute('SELECT `trans`....')
#2 C:\xampp\htdocs\kendaraan\system\Database\BaseConnection.php(598): CodeIgniter\Database\BaseConnection->simpleQuery('SELECT `trans`....')
#3 C:\xampp\htdocs\kendaraan\system\Database\BaseBuilder.php(1455): CodeIgniter\Database\BaseConnection->query('SELECT `trans`....', Array, false)
#4 C:\xampp\htdocs\kendaraan\system\Model.php(183): CodeIgniter\Database\BaseBuilder->get()
#5 C:\xampp\htdocs\kendaraan\system\BaseModel.php(584): CodeIgniter\Model->doFindAll(0, 0)
#6 C:\xampp\htdocs\kendaraan\app\Controllers\Admin\Transaksi.php(124): CodeIgniter\BaseModel->findAll()
#7 C:\xampp\htdocs\kendaraan\system\CodeIgniter.php(832): App\Controllers\Admin\Transaksi->trans()
#8 C:\xampp\htdocs\kendaraan\system\CodeIgniter.php(419): CodeIgniter\CodeIgniter->runController(Object(App\Controllers\Admin\Transaksi))
#9 C:\xampp\htdocs\kendaraan\system\CodeIgniter.php(326): CodeIgniter\CodeIgniter->handleRequest(NULL, Object(Config\Cache), false)
#10 C:\xampp\htdocs\kendaraan\index.php(37): CodeIgniter\CodeIgniter->run()
#11 {main}
CRITICAL - 2024-03-28 11:53:44 --> Undefined variable $transpoj
#0 C:\xampp\htdocs\kendaraan\app\Views\transaksi\v_trans.php(399): CodeIgniter\Debug\Exceptions->errorHandler(2, 'Undefined varia...', 'C:\\xampp\\htdocs...', 399)
#1 C:\xampp\htdocs\kendaraan\system\View\View.php(210): include('C:\\xampp\\htdocs...')
#2 C:\xampp\htdocs\kendaraan\system\View\View.php(213): CodeIgniter\View\View->CodeIgniter\View\{closure}()
#3 C:\xampp\htdocs\kendaraan\system\Common.php(1089): CodeIgniter\View\View->render('transaksi/v_tra...', Array, true)
#4 C:\xampp\htdocs\kendaraan\app\Controllers\Admin\Transaksi.php(148): view('transaksi/v_tra...', Array)
#5 C:\xampp\htdocs\kendaraan\system\CodeIgniter.php(832): App\Controllers\Admin\Transaksi->trans()
#6 C:\xampp\htdocs\kendaraan\system\CodeIgniter.php(419): CodeIgniter\CodeIgniter->runController(Object(App\Controllers\Admin\Transaksi))
#7 C:\xampp\htdocs\kendaraan\system\CodeIgniter.php(326): CodeIgniter\CodeIgniter->handleRequest(NULL, Object(Config\Cache), false)
#8 C:\xampp\htdocs\kendaraan\index.php(37): CodeIgniter\CodeIgniter->run()
#9 {main}
ERROR - 2024-03-28 13:26:18 --> Column 'jemput' in field list is ambiguous
CRITICAL - 2024-03-28 13:26:18 --> Column 'jemput' in field list is ambiguous
#0 C:\xampp\htdocs\kendaraan\system\Database\MySQLi\Connection.php(292): mysqli->query('SELECT `transpo...', 0)
#1 C:\xampp\htdocs\kendaraan\system\Database\BaseConnection.php(670): CodeIgniter\Database\MySQLi\Connection->execute('SELECT `transpo...')
#2 C:\xampp\htdocs\kendaraan\system\Database\BaseConnection.php(598): CodeIgniter\Database\BaseConnection->simpleQuery('SELECT `transpo...')
#3 C:\xampp\htdocs\kendaraan\system\Database\BaseBuilder.php(1455): CodeIgniter\Database\BaseConnection->query('SELECT `transpo...', Array, false)
#4 C:\xampp\htdocs\kendaraan\system\Model.php(183): CodeIgniter\Database\BaseBuilder->get()
#5 C:\xampp\htdocs\kendaraan\system\BaseModel.php(584): CodeIgniter\Model->doFindAll(0, 0)
#6 C:\xampp\htdocs\kendaraan\app\Controllers\Admin\Transaksi.php(131): CodeIgniter\BaseModel->findAll()
#7 C:\xampp\htdocs\kendaraan\system\CodeIgniter.php(832): App\Controllers\Admin\Transaksi->trans()
#8 C:\xampp\htdocs\kendaraan\system\CodeIgniter.php(419): CodeIgniter\CodeIgniter->runController(Object(App\Controllers\Admin\Transaksi))
#9 C:\xampp\htdocs\kendaraan\system\CodeIgniter.php(326): CodeIgniter\CodeIgniter->handleRequest(NULL, Object(Config\Cache), false)
#10 C:\xampp\htdocs\kendaraan\index.php(37): CodeIgniter\CodeIgniter->run()
#11 {main}
