CRITICAL - 2024-01-29 10:00:01 --> Invalid file: evaluasi/v_eval_tiket_user.php
#0 C:\xampp\htdocs\kendaraan\system\View\View.php(198): CodeIgniter\Exceptions\FrameworkException::forInvalidFile('evaluasi/v_eval...')
#1 C:\xampp\htdocs\kendaraan\system\Common.php(1089): CodeIgniter\View\View->render('evaluasi/v_eval...', Array, true)
#2 C:\xampp\htdocs\kendaraan\app\Controllers\Admin\Dashboard.php(65): view('evaluasi/v_eval...', Array)
#3 C:\xampp\htdocs\kendaraan\system\CodeIgniter.php(832): App\Controllers\Admin\Dashboard->eval_tiket_user()
#4 C:\xampp\htdocs\kendaraan\system\CodeIgniter.php(419): CodeIgniter\CodeIgniter->runController(Object(App\Controllers\Admin\Dashboard))
#5 C:\xampp\htdocs\kendaraan\system\CodeIgniter.php(326): CodeIgniter\CodeIgniter->handleRequest(NULL, Object(Config\Cache), false)
#6 C:\xampp\htdocs\kendaraan\index.php(37): CodeIgniter\CodeIgniter->run()
#7 {main}
CRITICAL - 2024-01-29 15:40:27 --> Invalid file: master/v_hotel_user.php
#0 C:\xampp\htdocs\kendaraan\system\View\View.php(198): CodeIgniter\Exceptions\FrameworkException::forInvalidFile('master/v_hotel_...')
#1 C:\xampp\htdocs\kendaraan\system\Common.php(1089): CodeIgniter\View\View->render('master/v_hotel_...', Array, true)
#2 C:\xampp\htdocs\kendaraan\app\Controllers\Admin\Dashboard.php(49): view('master/v_hotel_...', Array)
#3 C:\xampp\htdocs\kendaraan\system\CodeIgniter.php(832): App\Controllers\Admin\Dashboard->hotel_user()
#4 C:\xampp\htdocs\kendaraan\system\CodeIgniter.php(419): CodeIgniter\CodeIgniter->runController(Object(App\Controllers\Admin\Dashboard))
#5 C:\xampp\htdocs\kendaraan\system\CodeIgniter.php(326): CodeIgniter\CodeIgniter->handleRequest(NULL, Object(Config\Cache), false)
#6 C:\xampp\htdocs\kendaraan\index.php(37): CodeIgniter\CodeIgniter->run()
#7 {main}
CRITICAL - 2024-01-29 16:31:15 --> Invalid file: master/admin/v_trans.php
#0 C:\xampp\htdocs\kendaraan\system\View\View.php(198): CodeIgniter\Exceptions\FrameworkException::forInvalidFile('master/admin/v_...')
#1 C:\xampp\htdocs\kendaraan\system\Common.php(1089): CodeIgniter\View\View->render('master/admin/v_...', Array, true)
#2 C:\xampp\htdocs\kendaraan\app\Controllers\Admin\Master.php(228): view('master/admin/v_...', Array)
#3 C:\xampp\htdocs\kendaraan\system\CodeIgniter.php(832): App\Controllers\Admin\Master->trans()
#4 C:\xampp\htdocs\kendaraan\system\CodeIgniter.php(419): CodeIgniter\CodeIgniter->runController(Object(App\Controllers\Admin\Master))
#5 C:\xampp\htdocs\kendaraan\system\CodeIgniter.php(326): CodeIgniter\CodeIgniter->handleRequest(NULL, Object(Config\Cache), false)
#6 C:\xampp\htdocs\kendaraan\index.php(37): CodeIgniter\CodeIgniter->run()
#7 {main}
CRITICAL - 2024-01-29 16:31:16 --> Invalid file: master/admin/v_trans.php
#0 C:\xampp\htdocs\kendaraan\system\View\View.php(198): CodeIgniter\Exceptions\FrameworkException::forInvalidFile('master/admin/v_...')
#1 C:\xampp\htdocs\kendaraan\system\Common.php(1089): CodeIgniter\View\View->render('master/admin/v_...', Array, true)
#2 C:\xampp\htdocs\kendaraan\app\Controllers\Admin\Master.php(228): view('master/admin/v_...', Array)
#3 C:\xampp\htdocs\kendaraan\system\CodeIgniter.php(832): App\Controllers\Admin\Master->trans()
#4 C:\xampp\htdocs\kendaraan\system\CodeIgniter.php(419): CodeIgniter\CodeIgniter->runController(Object(App\Controllers\Admin\Master))
#5 C:\xampp\htdocs\kendaraan\system\CodeIgniter.php(326): CodeIgniter\CodeIgniter->handleRequest(NULL, Object(Config\Cache), false)
#6 C:\xampp\htdocs\kendaraan\index.php(37): CodeIgniter\CodeIgniter->run()
#7 {main}
CRITICAL - 2024-01-29 16:32:22 --> Invalid file: transaksi/v_trans.php
#0 C:\xampp\htdocs\kendaraan\system\View\View.php(198): CodeIgniter\Exceptions\FrameworkException::forInvalidFile('transaksi/v_tra...')
#1 C:\xampp\htdocs\kendaraan\system\Common.php(1089): CodeIgniter\View\View->render('transaksi/v_tra...', Array, true)
#2 C:\xampp\htdocs\kendaraan\app\Controllers\Admin\Transaksi.php(203): view('transaksi/v_tra...', Array)
#3 C:\xampp\htdocs\kendaraan\system\CodeIgniter.php(832): App\Controllers\Admin\Transaksi->trans()
#4 C:\xampp\htdocs\kendaraan\system\CodeIgniter.php(419): CodeIgniter\CodeIgniter->runController(Object(App\Controllers\Admin\Transaksi))
#5 C:\xampp\htdocs\kendaraan\system\CodeIgniter.php(326): CodeIgniter\CodeIgniter->handleRequest(NULL, Object(Config\Cache), false)
#6 C:\xampp\htdocs\kendaraan\index.php(37): CodeIgniter\CodeIgniter->run()
#7 {main}
CRITICAL - 2024-01-29 16:32:23 --> Invalid file: transaksi/v_trans.php
#0 C:\xampp\htdocs\kendaraan\system\View\View.php(198): CodeIgniter\Exceptions\FrameworkException::forInvalidFile('transaksi/v_tra...')
#1 C:\xampp\htdocs\kendaraan\system\Common.php(1089): CodeIgniter\View\View->render('transaksi/v_tra...', Array, true)
#2 C:\xampp\htdocs\kendaraan\app\Controllers\Admin\Transaksi.php(203): view('transaksi/v_tra...', Array)
#3 C:\xampp\htdocs\kendaraan\system\CodeIgniter.php(832): App\Controllers\Admin\Transaksi->trans()
#4 C:\xampp\htdocs\kendaraan\system\CodeIgniter.php(419): CodeIgniter\CodeIgniter->runController(Object(App\Controllers\Admin\Transaksi))
#5 C:\xampp\htdocs\kendaraan\system\CodeIgniter.php(326): CodeIgniter\CodeIgniter->handleRequest(NULL, Object(Config\Cache), false)
#6 C:\xampp\htdocs\kendaraan\index.php(37): CodeIgniter\CodeIgniter->run()
#7 {main}
CRITICAL - 2024-01-29 16:32:24 --> Invalid file: transaksi/v_trans.php
#0 C:\xampp\htdocs\kendaraan\system\View\View.php(198): CodeIgniter\Exceptions\FrameworkException::forInvalidFile('transaksi/v_tra...')
#1 C:\xampp\htdocs\kendaraan\system\Common.php(1089): CodeIgniter\View\View->render('transaksi/v_tra...', Array, true)
#2 C:\xampp\htdocs\kendaraan\app\Controllers\Admin\Transaksi.php(203): view('transaksi/v_tra...', Array)
#3 C:\xampp\htdocs\kendaraan\system\CodeIgniter.php(832): App\Controllers\Admin\Transaksi->trans()
#4 C:\xampp\htdocs\kendaraan\system\CodeIgniter.php(419): CodeIgniter\CodeIgniter->runController(Object(App\Controllers\Admin\Transaksi))
#5 C:\xampp\htdocs\kendaraan\system\CodeIgniter.php(326): CodeIgniter\CodeIgniter->handleRequest(NULL, Object(Config\Cache), false)
#6 C:\xampp\htdocs\kendaraan\index.php(37): CodeIgniter\CodeIgniter->run()
#7 {main}
CRITICAL - 2024-01-29 16:32:24 --> Invalid file: transaksi/v_trans.php
#0 C:\xampp\htdocs\kendaraan\system\View\View.php(198): CodeIgniter\Exceptions\FrameworkException::forInvalidFile('transaksi/v_tra...')
#1 C:\xampp\htdocs\kendaraan\system\Common.php(1089): CodeIgniter\View\View->render('transaksi/v_tra...', Array, true)
#2 C:\xampp\htdocs\kendaraan\app\Controllers\Admin\Transaksi.php(203): view('transaksi/v_tra...', Array)
#3 C:\xampp\htdocs\kendaraan\system\CodeIgniter.php(832): App\Controllers\Admin\Transaksi->trans()
#4 C:\xampp\htdocs\kendaraan\system\CodeIgniter.php(419): CodeIgniter\CodeIgniter->runController(Object(App\Controllers\Admin\Transaksi))
#5 C:\xampp\htdocs\kendaraan\system\CodeIgniter.php(326): CodeIgniter\CodeIgniter->handleRequest(NULL, Object(Config\Cache), false)
#6 C:\xampp\htdocs\kendaraan\index.php(37): CodeIgniter\CodeIgniter->run()
#7 {main}
CRITICAL - 2024-01-29 16:32:25 --> Invalid file: transaksi/v_trans.php
#0 C:\xampp\htdocs\kendaraan\system\View\View.php(198): CodeIgniter\Exceptions\FrameworkException::forInvalidFile('transaksi/v_tra...')
#1 C:\xampp\htdocs\kendaraan\system\Common.php(1089): CodeIgniter\View\View->render('transaksi/v_tra...', Array, true)
#2 C:\xampp\htdocs\kendaraan\app\Controllers\Admin\Transaksi.php(203): view('transaksi/v_tra...', Array)
#3 C:\xampp\htdocs\kendaraan\system\CodeIgniter.php(832): App\Controllers\Admin\Transaksi->trans()
#4 C:\xampp\htdocs\kendaraan\system\CodeIgniter.php(419): CodeIgniter\CodeIgniter->runController(Object(App\Controllers\Admin\Transaksi))
#5 C:\xampp\htdocs\kendaraan\system\CodeIgniter.php(326): CodeIgniter\CodeIgniter->handleRequest(NULL, Object(Config\Cache), false)
#6 C:\xampp\htdocs\kendaraan\index.php(37): CodeIgniter\CodeIgniter->run()
#7 {main}
