CRITICAL - 2024-05-04 09:40:37 --> Undefined constant "event"
#0 C:\xampp\htdocs\kendaraan\system\View\View.php(210): include()
#1 C:\xampp\htdocs\kendaraan\system\View\View.php(213): CodeIgniter\View\View->CodeIgniter\View\{closure}()
#2 C:\xampp\htdocs\kendaraan\system\Common.php(1089): CodeIgniter\View\View->render('transaksi/v_set...', Array, true)
#3 C:\xampp\htdocs\kendaraan\app\Controllers\Admin\Transaksi.php(5523): view('transaksi/v_set...', Array)
#4 C:\xampp\htdocs\kendaraan\system\CodeIgniter.php(832): App\Controllers\Admin\Transaksi->set_driver('1', '1', '', '')
#5 C:\xampp\htdocs\kendaraan\system\CodeIgniter.php(419): CodeIgniter\CodeIgniter->runController(Object(App\Controllers\Admin\Transaksi))
#6 C:\xampp\htdocs\kendaraan\system\CodeIgniter.php(326): CodeIgniter\CodeIgniter->handleRequest(NULL, Object(Config\Cache), false)
#7 C:\xampp\htdocs\kendaraan\index.php(37): CodeIgniter\CodeIgniter->run()
#8 {main}
CRITICAL - 2024-05-04 09:41:31 --> Undefined constant "id_event"
#0 C:\xampp\htdocs\kendaraan\system\View\View.php(210): include()
#1 C:\xampp\htdocs\kendaraan\system\View\View.php(213): CodeIgniter\View\View->CodeIgniter\View\{closure}()
#2 C:\xampp\htdocs\kendaraan\system\Common.php(1089): CodeIgniter\View\View->render('transaksi/v_set...', Array, true)
#3 C:\xampp\htdocs\kendaraan\app\Controllers\Admin\Transaksi.php(5523): view('transaksi/v_set...', Array)
#4 C:\xampp\htdocs\kendaraan\system\CodeIgniter.php(832): App\Controllers\Admin\Transaksi->set_driver('1', '1', '', '')
#5 C:\xampp\htdocs\kendaraan\system\CodeIgniter.php(419): CodeIgniter\CodeIgniter->runController(Object(App\Controllers\Admin\Transaksi))
#6 C:\xampp\htdocs\kendaraan\system\CodeIgniter.php(326): CodeIgniter\CodeIgniter->handleRequest(NULL, Object(Config\Cache), false)
#7 C:\xampp\htdocs\kendaraan\index.php(37): CodeIgniter\CodeIgniter->run()
#8 {main}
CRITICAL - 2024-05-04 09:41:33 --> Undefined constant "id_event"
#0 C:\xampp\htdocs\kendaraan\system\View\View.php(210): include()
#1 C:\xampp\htdocs\kendaraan\system\View\View.php(213): CodeIgniter\View\View->CodeIgniter\View\{closure}()
#2 C:\xampp\htdocs\kendaraan\system\Common.php(1089): CodeIgniter\View\View->render('transaksi/v_set...', Array, true)
#3 C:\xampp\htdocs\kendaraan\app\Controllers\Admin\Transaksi.php(5523): view('transaksi/v_set...', Array)
#4 C:\xampp\htdocs\kendaraan\system\CodeIgniter.php(832): App\Controllers\Admin\Transaksi->set_driver('1', '1', '', '')
#5 C:\xampp\htdocs\kendaraan\system\CodeIgniter.php(419): CodeIgniter\CodeIgniter->runController(Object(App\Controllers\Admin\Transaksi))
#6 C:\xampp\htdocs\kendaraan\system\CodeIgniter.php(326): CodeIgniter\CodeIgniter->handleRequest(NULL, Object(Config\Cache), false)
#7 C:\xampp\htdocs\kendaraan\index.php(37): CodeIgniter\CodeIgniter->run()
#8 {main}
CRITICAL - 2024-05-04 09:41:34 --> Undefined constant "id_event"
#0 C:\xampp\htdocs\kendaraan\system\View\View.php(210): include()
#1 C:\xampp\htdocs\kendaraan\system\View\View.php(213): CodeIgniter\View\View->CodeIgniter\View\{closure}()
#2 C:\xampp\htdocs\kendaraan\system\Common.php(1089): CodeIgniter\View\View->render('transaksi/v_set...', Array, true)
#3 C:\xampp\htdocs\kendaraan\app\Controllers\Admin\Transaksi.php(5523): view('transaksi/v_set...', Array)
#4 C:\xampp\htdocs\kendaraan\system\CodeIgniter.php(832): App\Controllers\Admin\Transaksi->set_driver('1', '1', '', '')
#5 C:\xampp\htdocs\kendaraan\system\CodeIgniter.php(419): CodeIgniter\CodeIgniter->runController(Object(App\Controllers\Admin\Transaksi))
#6 C:\xampp\htdocs\kendaraan\system\CodeIgniter.php(326): CodeIgniter\CodeIgniter->handleRequest(NULL, Object(Config\Cache), false)
#7 C:\xampp\htdocs\kendaraan\index.php(37): CodeIgniter\CodeIgniter->run()
#8 {main}
CRITICAL - 2024-05-04 09:41:35 --> Undefined constant "id_event"
#0 C:\xampp\htdocs\kendaraan\system\View\View.php(210): include()
#1 C:\xampp\htdocs\kendaraan\system\View\View.php(213): CodeIgniter\View\View->CodeIgniter\View\{closure}()
#2 C:\xampp\htdocs\kendaraan\system\Common.php(1089): CodeIgniter\View\View->render('transaksi/v_set...', Array, true)
#3 C:\xampp\htdocs\kendaraan\app\Controllers\Admin\Transaksi.php(5523): view('transaksi/v_set...', Array)
#4 C:\xampp\htdocs\kendaraan\system\CodeIgniter.php(832): App\Controllers\Admin\Transaksi->set_driver('1', '1', '', '')
#5 C:\xampp\htdocs\kendaraan\system\CodeIgniter.php(419): CodeIgniter\CodeIgniter->runController(Object(App\Controllers\Admin\Transaksi))
#6 C:\xampp\htdocs\kendaraan\system\CodeIgniter.php(326): CodeIgniter\CodeIgniter->handleRequest(NULL, Object(Config\Cache), false)
#7 C:\xampp\htdocs\kendaraan\index.php(37): CodeIgniter\CodeIgniter->run()
#8 {main}
CRITICAL - 2024-05-04 10:42:35 --> Undefined property: App\Controllers\Admin\Transaksi::$m_set_driver
#0 C:\xampp\htdocs\kendaraan\app\Controllers\Admin\Transaksi.php(5501): CodeIgniter\Debug\Exceptions->errorHandler(2, 'Undefined prope...', 'C:\\xampp\\htdocs...', 5501)
#1 C:\xampp\htdocs\kendaraan\system\CodeIgniter.php(832): App\Controllers\Admin\Transaksi->set_driver('1', '1', '', '')
#2 C:\xampp\htdocs\kendaraan\system\CodeIgniter.php(419): CodeIgniter\CodeIgniter->runController(Object(App\Controllers\Admin\Transaksi))
#3 C:\xampp\htdocs\kendaraan\system\CodeIgniter.php(326): CodeIgniter\CodeIgniter->handleRequest(NULL, Object(Config\Cache), false)
#4 C:\xampp\htdocs\kendaraan\index.php(37): CodeIgniter\CodeIgniter->run()
#5 {main}
ERROR - 2024-05-04 10:43:10 --> Column 'tujuan_mobil' in field list is ambiguous
CRITICAL - 2024-05-04 10:43:10 --> Column 'tujuan_mobil' in field list is ambiguous
#0 C:\xampp\htdocs\kendaraan\system\Database\MySQLi\Connection.php(292): mysqli->query('SELECT `id`, `e...', 0)
#1 C:\xampp\htdocs\kendaraan\system\Database\BaseConnection.php(670): CodeIgniter\Database\MySQLi\Connection->execute('SELECT `id`, `e...')
#2 C:\xampp\htdocs\kendaraan\system\Database\BaseConnection.php(598): CodeIgniter\Database\BaseConnection->simpleQuery('SELECT `id`, `e...')
#3 C:\xampp\htdocs\kendaraan\system\Database\BaseBuilder.php(1455): CodeIgniter\Database\BaseConnection->query('SELECT `id`, `e...', Array, false)
#4 C:\xampp\htdocs\kendaraan\system\Model.php(183): CodeIgniter\Database\BaseBuilder->get()
#5 C:\xampp\htdocs\kendaraan\system\BaseModel.php(584): CodeIgniter\Model->doFindAll(0, 0)
#6 C:\xampp\htdocs\kendaraan\app\Controllers\Admin\Transaksi.php(5506): CodeIgniter\BaseModel->findAll()
#7 C:\xampp\htdocs\kendaraan\system\CodeIgniter.php(832): App\Controllers\Admin\Transaksi->set_driver('1', '1', '', '')
#8 C:\xampp\htdocs\kendaraan\system\CodeIgniter.php(419): CodeIgniter\CodeIgniter->runController(Object(App\Controllers\Admin\Transaksi))
#9 C:\xampp\htdocs\kendaraan\system\CodeIgniter.php(326): CodeIgniter\CodeIgniter->handleRequest(NULL, Object(Config\Cache), false)
#10 C:\xampp\htdocs\kendaraan\index.php(37): CodeIgniter\CodeIgniter->run()
#11 {main}
CRITICAL - 2024-05-04 11:07:48 --> Undefined property: App\Controllers\Admin\Transaksi::$m_set_driver
#0 C:\xampp\htdocs\kendaraan\app\Controllers\Admin\Transaksi.php(5117): CodeIgniter\Debug\Exceptions->errorHandler(2, 'Undefined prope...', 'C:\\xampp\\htdocs...', 5117)
#1 C:\xampp\htdocs\kendaraan\system\CodeIgniter.php(832): App\Controllers\Admin\Transaksi->transport_admin()
#2 C:\xampp\htdocs\kendaraan\system\CodeIgniter.php(419): CodeIgniter\CodeIgniter->runController(Object(App\Controllers\Admin\Transaksi))
#3 C:\xampp\htdocs\kendaraan\system\CodeIgniter.php(326): CodeIgniter\CodeIgniter->handleRequest(NULL, Object(Config\Cache), false)
#4 C:\xampp\htdocs\kendaraan\index.php(37): CodeIgniter\CodeIgniter->run()
#5 {main}
